Log file open, 04/03/21 19:44:21
LogInit: Display: Running engine for game: TDMDeathmatch
LogPlatformFile: Not using cached read wrapper
LogTaskGraph: Started task graph with 5 named threads and 23 total threads with 3 sets of task threads.
LogStats: Stats thread started at 1.158759
LogD3D11RHI: Loaded GFSDK_Aftermath_Lib.x64.dll
LogICUInternationalization: ICU TimeZone Detection - Raw Offset: +0:00, Platform Override: ''
LogPluginManager: Mounting plugin Paper2D
LogPluginManager: Mounting plugin AISupport
LogPluginManager: Mounting plugin LightPropagationVolume
LogPluginManager: Mounting plugin CameraShakePreviewer
LogPluginManager: Mounting plugin ActorLayerUtilities
LogPluginManager: Mounting plugin AnimationSharing
LogPluginManager: Mounting plugin CLionSourceCodeAccess
LogPluginManager: Mounting plugin CodeLiteSourceCodeAccess
LogPluginManager: Mounting plugin GitSourceControl
LogPluginManager: Mounting plugin KDevelopSourceCodeAccess
LogPluginManager: Mounting plugin NullSourceCodeAccess
LogPluginManager: Mounting plugin PerforceSourceControl
LogPluginManager: Mounting plugin PlasticSourceControl
LogPluginManager: Mounting plugin RiderSourceCodeAccess
LogPluginManager: Mounting plugin SubversionSourceControl
LogPluginManager: Mounting plugin UObjectPlugin
LogPluginManager: Mounting plugin VisualStudioCodeSourceCodeAccess
LogPluginManager: Mounting plugin VisualStudioSourceCodeAccess
LogPluginManager: Mounting plugin XCodeSourceCodeAccess
LogPluginManager: Mounting plugin AssetManagerEditor
LogPluginManager: Mounting plugin CryptoKeys
LogPluginManager: Mounting plugin CurveEditorTools
LogPluginManager: Mounting plugin DataValidation
LogPluginManager: Mounting plugin EditorScriptingUtilities
LogPluginManager: Mounting plugin FacialAnimation
LogPluginManager: Mounting plugin GameplayTagsEditor
LogPluginManager: Mounting plugin GeometryMode
LogPluginManager: Mounting plugin MacGraphicsSwitching
LogPluginManager: Mounting plugin MaterialAnalyzer
LogPluginManager: Mounting plugin MobileLauncherProfileWizard
LogPluginManager: Mounting plugin PluginBrowser
LogPluginManager: Mounting plugin SpeedTreeImporter
LogPluginManager: Mounting plugin DatasmithContent
LogPluginManager: Mounting plugin VariantManagerContent
LogPluginManager: Mounting plugin AlembicImporter
LogPluginManager: Mounting plugin AutomationUtils
LogPluginManager: Mounting plugin BackChannel
LogPluginManager: Mounting plugin ChaosCloth
LogPluginManager: Mounting plugin ChaosClothEditor
LogPluginManager: Mounting plugin ChaosEditor
LogPluginManager: Mounting plugin ChaosNiagara
LogPluginManager: Mounting plugin ChaosSolverPlugin
LogPluginManager: Mounting plugin CharacterAI
LogPluginManager: Mounting plugin GeometryCache
LogPluginManager: Mounting plugin GeometryCollectionPlugin
LogPluginManager: Mounting plugin GeometryProcessing
LogPluginManager: Mounting plugin PlanarCut
LogPluginManager: Mounting plugin PlatformCrypto
LogPluginManager: Mounting plugin ProxyLODPlugin
LogPluginManager: Mounting plugin SkeletalReduction
LogPluginManager: Mounting plugin Niagara
LogPluginManager: Mounting plugin MagicLeap
LogPluginManager: Mounting plugin MagicLeapLightEstimation
LogPluginManager: Mounting plugin MagicLeapMedia
LogPluginManager: Mounting plugin MagicLeapPassableWorld
LogPluginManager: Mounting plugin MLSDK
LogPluginManager: Mounting plugin AndroidMedia
LogPluginManager: Mounting plugin AvfMedia
LogPluginManager: Mounting plugin ImgMedia
LogPluginManager: Mounting plugin MediaCompositing
LogPluginManager: Mounting plugin MediaPlayerEditor
LogPluginManager: Mounting plugin WebMMedia
LogPluginManager: Mounting plugin WmfMedia
LogPluginManager: Mounting plugin MeshPainting
LogPluginManager: Mounting plugin TcpMessaging
LogPluginManager: Mounting plugin UdpMessaging
LogPluginManager: Mounting plugin ActorSequence
LogPluginManager: Mounting plugin LevelSequenceEditor
LogPluginManager: Mounting plugin MatineeToLevelSequence
LogPluginManager: Mounting plugin MovieRenderPipeline
LogPluginManager: Mounting plugin TemplateSequence
LogPluginManager: Mounting plugin NetcodeUnitTest
LogPluginManager: Mounting plugin NUTUnrealEngine4
LogPluginManager: Mounting plugin OnlineSubsystemGooglePlay
LogPluginManager: Mounting plugin OnlineSubsystemIOS
LogPluginManager: Mounting plugin OnlineSubsystem
LogPluginManager: Mounting plugin OnlineSubsystemNull
LogPluginManager: Mounting plugin OnlineSubsystemUtils
LogPluginManager: Mounting plugin LauncherChunkInstaller
LogPluginManager: Mounting plugin AndroidDeviceProfileSelector
LogPluginManager: Mounting plugin AndroidMoviePlayer
LogPluginManager: Mounting plugin AndroidPermission
LogPluginManager: Mounting plugin AppleImageUtils
LogPluginManager: Mounting plugin AppleMoviePlayer
LogPluginManager: Mounting plugin ArchVisCharacter
LogPluginManager: Mounting plugin AssetTags
LogPluginManager: Mounting plugin AudioCapture
LogPluginManager: Mounting plugin CableComponent
LogPluginManager: Mounting plugin CustomMeshComponent
LogPluginManager: Mounting plugin EditableMesh
LogPluginManager: Mounting plugin ExampleDeviceProfileSelector
LogPluginManager: Mounting plugin GoogleCloudMessaging
LogPluginManager: Mounting plugin GooglePAD
LogPluginManager: Mounting plugin IOSDeviceProfileSelector
LogPluginManager: Mounting plugin LinuxDeviceProfileSelector
LogPluginManager: Mounting plugin LocationServicesBPLibrary
LogPluginManager: Mounting plugin MobilePatchingUtils
LogPluginManager: Mounting plugin PhysXVehicles
LogPluginManager: Mounting plugin PostSplashScreen
LogPluginManager: Mounting plugin ProceduralMeshComponent
LogPluginManager: Mounting plugin RuntimePhysXCooking
LogPluginManager: Mounting plugin SignificanceManager
LogPluginManager: Mounting plugin SoundFields
LogPluginManager: Mounting plugin Synthesis
LogPluginManager: Mounting plugin WebMMoviePlayer
LogPluginManager: Mounting plugin WindowsMoviePlayer
LogPluginManager: Mounting plugin ScreenshotTools
LogInit: Using libcurl 7.55.1-DEV
LogInit:  - built for x86_64-pc-win32
LogInit:  - supports SSL with OpenSSL/1.1.1
LogInit:  - supports HTTP deflate (compression) using libz 1.2.8
LogInit:  - other features:
LogInit:      CURL_VERSION_SSL
LogInit:      CURL_VERSION_LIBZ
LogInit:      CURL_VERSION_IPV6
LogInit:      CURL_VERSION_ASYNCHDNS
LogInit:      CURL_VERSION_LARGEFILE
LogInit:      CURL_VERSION_IDN
LogInit:  CurlRequestOptions (configurable via config and command line):
LogInit:  - bVerifyPeer = true  - Libcurl will verify peer certificate
LogInit:  - bUseHttpProxy = false  - Libcurl will NOT use HTTP proxy
LogInit:  - bDontReuseConnections = false  - Libcurl will reuse connections
LogInit:  - MaxHostConnections = 16  - Libcurl will limit the number of connections to a host
LogInit:  - LocalHostAddr = Default
LogInit:  - BufferSize = 65536
LogOnline: OSS: Creating online subsystem instance for: NULL
LogInit: WinSock: version 1.1 (2.2), MaxSocks=32767, MaxUdp=65467
LogOnline: OSS: TryLoadSubsystemAndSetDefault: Loaded subsystem for module [NULL]
LogInit: Build: ++UE4+Release-4.25-CL-14469661
LogInit: Engine Version: 4.25.4-14469661+++UE4+Release-4.25
LogInit: Compatible Engine Version: 4.25.0-13144385+++UE4+Release-4.25
LogInit: Net CL: 13144385
LogInit: OS: Windows 10 (Release 2009) (), CPU: Intel(R) Core(TM) i7-7700HQ CPU @ 2.80GHz, GPU: Intel(R) HD Graphics 630
LogInit: Compiled (64-bit): Oct 11 2020 08:10:49
LogInit: Compiled with Visual C++: 19.24.28315.00
LogInit: Build Configuration: Development
LogInit: Branch Name: ++UE4+Release-4.25
LogInit: Command Line: 
LogInit: Base Directory: D:/Program Files/Epic Games/UE_4.25/Engine/Binaries/Win64/
LogInit: Allocator: TBB
LogInit: Installed Engine Build: 1
LogDevObjectVersion: Number of dev versions registered: 26
LogDevObjectVersion:   Dev-Blueprints (B0D832E4-1F89-4F0D-ACCF-7EB736FD4AA2): 10
LogDevObjectVersion:   Dev-Build (E1C64328-A22C-4D53-A36C-8E866417BD8C): 0
LogDevObjectVersion:   Dev-Core (375EC13C-06E4-48FB-B500-84F0262A717E): 4
LogDevObjectVersion:   Dev-Editor (E4B068ED-F494-42E9-A231-DA0B2E46BB41): 38
LogDevObjectVersion:   Dev-Framework (CFFC743F-43B0-4480-9391-14DF171D2073): 37
LogDevObjectVersion:   Dev-Mobile (B02B49B5-BB20-44E9-A304-32B752E40360): 2
LogDevObjectVersion:   Dev-Networking (A4E4105C-59A1-49B5-A7C5-40C4547EDFEE): 0
LogDevObjectVersion:   Dev-Online (39C831C9-5AE6-47DC-9A44-9C173E1C8E7C): 0
LogDevObjectVersion:   Dev-Physics (78F01B33-EBEA-4F98-B9B4-84EACCB95AA2): 4
LogDevObjectVersion:   Dev-Platform (6631380F-2D4D-43E0-8009-CF276956A95A): 0
LogDevObjectVersion:   Dev-Rendering (12F88B9F-8875-4AFC-A67C-D90C383ABD29): 43
LogDevObjectVersion:   Dev-Sequencer (7B5AE74C-D270-4C10-A958-57980B212A5A): 12
LogDevObjectVersion:   Dev-VR (D7296918-1DD6-4BDD-9DE2-64A83CC13884): 3
LogDevObjectVersion:   Dev-LoadTimes (C2A15278-BFE7-4AFE-6C17-90FF531DF755): 1
LogDevObjectVersion:   Private-Geometry (6EACA3D4-40EC-4CC1-B786-8BED09428FC5): 3
LogDevObjectVersion:   Dev-AnimPhys (29E575DD-E0A3-4627-9D10-D276232CDCEA): 17
LogDevObjectVersion:   Dev-Anim (AF43A65D-7FD3-4947-9873-3E8ED9C1BB05): 7
LogDevObjectVersion:   Dev-ReflectionCapture (6B266CEC-1EC7-4B8F-A30B-E4D90942FC07): 1
LogDevObjectVersion:   Dev-Automation (0DF73D61-A23F-47EA-B727-89E90C41499A): 1
LogDevObjectVersion:   FortniteMain (601D1886-AC64-4F84-AA16-D3DE0DEAC7D6): 31
LogDevObjectVersion:   Dev-Enterprise (9DFFBCD6-494F-0158-E221-12823C92A888): 10
LogDevObjectVersion:   Dev-Niagara (F2AED0AC-9AFE-416F-8664-AA7FFA26D6FC): 1
LogDevObjectVersion:   Dev-Destruction (174F1F0B-B4C6-45A5-B13F-2EE8D0FB917D): 10
LogDevObjectVersion:   Dev-Physics-Ext (35F94A83-E258-406C-A318-09F59610247C): 37
LogDevObjectVersion:   Dev-PhysicsMaterial-Chaos (B68FC16E-8B1B-42E2-B453-215C058844FE): 1
LogDevObjectVersion:   Dev-CineCamera (B2E18506-4273-CFC2-A54E-F4BB758BBA07): 1
LogInit: Presizing for max 25165824 objects, including 0 objects not considered by GC, pre-allocating 0 bytes for permanent pool.
LogConfig: Applying CVar settings from Section [/Script/Engine.StreamingSettings] File [D:/DW/Documents/GitHub/TDMDeathmatch/TDMDeathmatch/Saved/Config/Windows/Engine.ini]
LogConfig: Setting CVar [[s.MinBulkDataSizeForAsyncLoading:131072]]
LogConfig: Setting CVar [[s.AsyncLoadingThreadEnabled:0]]
LogConfig: Setting CVar [[s.EventDrivenLoaderEnabled:1]]
LogConfig: Setting CVar [[s.WarnIfTimeLimitExceeded:0]]
LogConfig: Setting CVar [[s.TimeLimitExceededMultiplier:1.5]]
LogConfig: Setting CVar [[s.TimeLimitExceededMinTime:0.005]]
LogConfig: Setting CVar [[s.UseBackgroundLevelStreaming:1]]
LogConfig: Setting CVar [[s.PriorityAsyncLoadingExtraTime:15.0]]
LogConfig: Setting CVar [[s.LevelStreamingActorsUpdateTimeLimit:5.0]]
LogConfig: Setting CVar [[s.PriorityLevelStreamingActorsUpdateExtraTime:5.0]]
LogConfig: Setting CVar [[s.LevelStreamingComponentsRegistrationGranularity:10]]
LogConfig: Setting CVar [[s.UnregisterComponentsTimeLimit:1.0]]
LogConfig: Setting CVar [[s.LevelStreamingComponentsUnregistrationGranularity:5]]
LogConfig: Setting CVar [[s.FlushStreamingOnExit:1]]
LogInit: Object subsystem initialized
LogConfig: Setting CVar [[con.DebugEarlyDefault:1]]
LogConfig: Setting CVar [[r.setres:1280x720]]
[2021.04.03-18.44.21:788][  0]LogConfig: Setting CVar [[r.VSync:0]]
[2021.04.03-18.44.21:788][  0]LogConfig: Setting CVar [[r.RHICmdBypass:0]]
[2021.04.03-18.44.21:790][  0]LogConfig: Applying CVar settings from Section [/Script/Engine.RendererSettings] File [D:/DW/Documents/GitHub/TDMDeathmatch/TDMDeathmatch/Saved/Config/Windows/Engine.ini]
[2021.04.03-18.44.21:790][  0]LogConfig: Setting CVar [[r.GPUCrashDebugging:0]]
[2021.04.03-18.44.21:790][  0]LogConfig: Applying CVar settings from Section [/Script/Engine.RendererOverrideSettings] File [D:/DW/Documents/GitHub/TDMDeathmatch/TDMDeathmatch/Saved/Config/Windows/Engine.ini]
[2021.04.03-18.44.21:790][  0]LogConfig: Applying CVar settings from Section [/Script/Engine.StreamingSettings] File [D:/DW/Documents/GitHub/TDMDeathmatch/TDMDeathmatch/Saved/Config/Windows/Engine.ini]
[2021.04.03-18.44.21:790][  0]LogConfig: Setting CVar [[s.MinBulkDataSizeForAsyncLoading:131072]]
[2021.04.03-18.44.21:790][  0]LogConfig: Setting CVar [[s.AsyncLoadingThreadEnabled:0]]
[2021.04.03-18.44.21:790][  0]LogConfig: Setting CVar [[s.EventDrivenLoaderEnabled:1]]
[2021.04.03-18.44.21:790][  0]LogConfig: Setting CVar [[s.WarnIfTimeLimitExceeded:0]]
[2021.04.03-18.44.21:790][  0]LogConfig: Setting CVar [[s.TimeLimitExceededMultiplier:1.5]]
[2021.04.03-18.44.21:790][  0]LogConfig: Setting CVar [[s.TimeLimitExceededMinTime:0.005]]
[2021.04.03-18.44.21:790][  0]LogConfig: Setting CVar [[s.UseBackgroundLevelStreaming:1]]
[2021.04.03-18.44.21:790][  0]LogConfig: Setting CVar [[s.PriorityAsyncLoadingExtraTime:15.0]]
[2021.04.03-18.44.21:790][  0]LogConfig: Setting CVar [[s.LevelStreamingActorsUpdateTimeLimit:5.0]]
[2021.04.03-18.44.21:790][  0]LogConfig: Setting CVar [[s.PriorityLevelStreamingActorsUpdateExtraTime:5.0]]
[2021.04.03-18.44.21:790][  0]LogConfig: Setting CVar [[s.LevelStreamingComponentsRegistrationGranularity:10]]
[2021.04.03-18.44.21:790][  0]LogConfig: Setting CVar [[s.UnregisterComponentsTimeLimit:1.0]]
[2021.04.03-18.44.21:790][  0]LogConfig: Setting CVar [[s.LevelStreamingComponentsUnregistrationGranularity:5]]
[2021.04.03-18.44.21:790][  0]LogConfig: Setting CVar [[s.FlushStreamingOnExit:1]]
[2021.04.03-18.44.21:790][  0]LogConfig: Applying CVar settings from Section [/Script/Engine.GarbageCollectionSettings] File [D:/DW/Documents/GitHub/TDMDeathmatch/TDMDeathmatch/Saved/Config/Windows/Engine.ini]
[2021.04.03-18.44.21:790][  0]LogConfig: Setting CVar [[gc.MaxObjectsNotConsideredByGC:1]]
[2021.04.03-18.44.21:790][  0]LogConfig: Setting CVar [[gc.SizeOfPermanentObjectPool:0]]
[2021.04.03-18.44.21:790][  0]LogConfig: Setting CVar [[gc.FlushStreamingOnGC:0]]
[2021.04.03-18.44.21:790][  0]LogConfig: Setting CVar [[gc.NumRetriesBeforeForcingGC:10]]
[2021.04.03-18.44.21:790][  0]LogConfig: Setting CVar [[gc.AllowParallelGC:1]]
[2021.04.03-18.44.21:790][  0]LogConfig: Setting CVar [[gc.TimeBetweenPurgingPendingKillObjects:61.1]]
[2021.04.03-18.44.21:790][  0]LogConfig: Setting CVar [[gc.MaxObjectsInEditor:25165824]]
[2021.04.03-18.44.21:790][  0]LogConfig: Setting CVar [[gc.IncrementalBeginDestroyEnabled:1]]
[2021.04.03-18.44.21:790][  0]LogConfig: Setting CVar [[gc.CreateGCClusters:1]]
[2021.04.03-18.44.21:790][  0]LogConfig: Setting CVar [[gc.MinGCClusterSize:5]]
[2021.04.03-18.44.21:790][  0]LogConfig: Setting CVar [[gc.ActorClusteringEnabled:0]]
[2021.04.03-18.44.21:790][  0]LogConfig: Setting CVar [[gc.BlueprintClusteringEnabled:0]]
[2021.04.03-18.44.21:790][  0]LogConfig: Setting CVar [[gc.UseDisregardForGCOnDedicatedServers:0]]
[2021.04.03-18.44.21:790][  0]LogConfig: Applying CVar settings from Section [/Script/Engine.NetworkSettings] File [D:/DW/Documents/GitHub/TDMDeathmatch/TDMDeathmatch/Saved/Config/Windows/Engine.ini]
[2021.04.03-18.44.21:790][  0]LogConfig: Applying CVar settings from Section [/Script/UnrealEd.CookerSettings] File [D:/DW/Documents/GitHub/TDMDeathmatch/TDMDeathmatch/Saved/Config/Windows/Engine.ini]
[2021.04.03-18.44.21:800][  0]LogConfig: Applying CVar settings from Section [ViewDistanceQuality@3] File [D:/DW/Documents/GitHub/TDMDeathmatch/TDMDeathmatch/Saved/Config/Windows/Scalability.ini]
[2021.04.03-18.44.21:800][  0]LogConfig: Setting CVar [[r.SkeletalMeshLODBias:0]]
[2021.04.03-18.44.21:800][  0]LogConfig: Setting CVar [[r.ViewDistanceScale:1.0]]
[2021.04.03-18.44.21:800][  0]LogConfig: Applying CVar settings from Section [AntiAliasingQuality@3] File [D:/DW/Documents/GitHub/TDMDeathmatch/TDMDeathmatch/Saved/Config/Windows/Scalability.ini]
[2021.04.03-18.44.21:800][  0]LogConfig: Setting CVar [[r.PostProcessAAQuality:4]]
[2021.04.03-18.44.21:800][  0]LogConfig: Applying CVar settings from Section [ShadowQuality@3] File [D:/DW/Documents/GitHub/TDMDeathmatch/TDMDeathmatch/Saved/Config/Windows/Scalability.ini]
[2021.04.03-18.44.21:800][  0]LogConfig: Setting CVar [[r.LightFunctionQuality:1]]
[2021.04.03-18.44.21:800][  0]LogConfig: Setting CVar [[r.ShadowQuality:5]]
[2021.04.03-18.44.21:800][  0]LogConfig: Setting CVar [[r.Shadow.CSM.MaxCascades:10]]
[2021.04.03-18.44.21:800][  0]LogConfig: Setting CVar [[r.Shadow.MaxResolution:2048]]
[2021.04.03-18.44.21:800][  0]LogConfig: Setting CVar [[r.Shadow.MaxCSMResolution:2048]]
[2021.04.03-18.44.21:800][  0]LogConfig: Setting CVar [[r.Shadow.RadiusThreshold:0.01]]
[2021.04.03-18.44.21:800][  0]LogConfig: Setting CVar [[r.Shadow.DistanceScale:1.0]]
[2021.04.03-18.44.21:800][  0]LogConfig: Setting CVar [[r.Shadow.CSM.TransitionScale:1.0]]
[2021.04.03-18.44.21:800][  0]LogConfig: Setting CVar [[r.Shadow.PreShadowResolutionFactor:1.0]]
[2021.04.03-18.44.21:800][  0]LogConfig: Setting CVar [[r.DistanceFieldShadowing:1]]
[2021.04.03-18.44.21:800][  0]LogConfig: Setting CVar [[r.DistanceFieldAO:1]]
[2021.04.03-18.44.21:800][  0]LogConfig: Setting CVar [[r.AOQuality:2]]
[2021.04.03-18.44.21:800][  0]LogConfig: Setting CVar [[r.VolumetricFog:1]]
[2021.04.03-18.44.21:800][  0]LogConfig: Setting CVar [[r.VolumetricFog.GridPixelSize:8]]
[2021.04.03-18.44.21:800][  0]LogConfig: Setting CVar [[r.VolumetricFog.GridSizeZ:128]]
[2021.04.03-18.44.21:800][  0]LogConfig: Setting CVar [[r.VolumetricFog.HistoryMissSupersampleCount:4]]
[2021.04.03-18.44.21:800][  0]LogConfig: Setting CVar [[r.LightMaxDrawDistanceScale:1]]
[2021.04.03-18.44.21:800][  0]LogConfig: Setting CVar [[r.CapsuleShadows:1]]
[2021.04.03-18.44.21:800][  0]LogConfig: Applying CVar settings from Section [PostProcessQuality@3] File [D:/DW/Documents/GitHub/TDMDeathmatch/TDMDeathmatch/Saved/Config/Windows/Scalability.ini]
[2021.04.03-18.44.21:800][  0]LogConfig: Setting CVar [[r.MotionBlurQuality:4]]
[2021.04.03-18.44.21:800][  0]LogConfig: Setting CVar [[r.AmbientOcclusionMipLevelFactor:0.4]]
[2021.04.03-18.44.21:800][  0]LogConfig: Setting CVar [[r.AmbientOcclusionMaxQuality:100]]
[2021.04.03-18.44.21:800][  0]LogConfig: Setting CVar [[r.AmbientOcclusionLevels:-1]]
[2021.04.03-18.44.21:800][  0]LogConfig: Setting CVar [[r.AmbientOcclusionRadiusScale:1.0]]
[2021.04.03-18.44.21:800][  0]LogConfig: Setting CVar [[r.DepthOfFieldQuality:2]]
[2021.04.03-18.44.21:800][  0]LogConfig: Setting CVar [[r.RenderTargetPoolMin:400]]
[2021.04.03-18.44.21:800][  0]LogConfig: Setting CVar [[r.LensFlareQuality:2]]
[2021.04.03-18.44.21:800][  0]LogConfig: Setting CVar [[r.SceneColorFringeQuality:1]]
[2021.04.03-18.44.21:800][  0]LogConfig: Setting CVar [[r.EyeAdaptationQuality:2]]
[2021.04.03-18.44.21:800][  0]LogConfig: Setting CVar [[r.BloomQuality:5]]
[2021.04.03-18.44.21:800][  0]LogConfig: Setting CVar [[r.FastBlurThreshold:100]]
[2021.04.03-18.44.21:800][  0]LogConfig: Setting CVar [[r.Upscale.Quality:3]]
[2021.04.03-18.44.21:800][  0]LogConfig: Setting CVar [[r.Tonemapper.GrainQuantization:1]]
[2021.04.03-18.44.21:800][  0]LogConfig: Setting CVar [[r.LightShaftQuality:1]]
[2021.04.03-18.44.21:800][  0]LogConfig: Setting CVar [[r.Filter.SizeScale:1]]
[2021.04.03-18.44.21:800][  0]LogConfig: Setting CVar [[r.Tonemapper.Quality:5]]
[2021.04.03-18.44.21:800][  0]LogConfig: Setting CVar [[r.DOF.Gather.AccumulatorQuality:1        ; higher gathering accumulator quality]]
[2021.04.03-18.44.21:800][  0]LogConfig: Setting CVar [[r.DOF.Gather.PostfilterMethod:1          ; Median3x3 postfilering method]]
[2021.04.03-18.44.21:800][  0]LogConfig: Setting CVar [[r.DOF.Gather.EnableBokehSettings:0       ; no bokeh simulation when gathering]]
[2021.04.03-18.44.21:800][  0]LogConfig: Setting CVar [[r.DOF.Gather.RingCount:4                 ; medium number of samples when gathering]]
[2021.04.03-18.44.21:800][  0]LogConfig: Setting CVar [[r.DOF.Scatter.ForegroundCompositing:1    ; additive foreground scattering]]
[2021.04.03-18.44.21:800][  0]LogConfig: Setting CVar [[r.DOF.Scatter.BackgroundCompositing:2    ; additive background scattering]]
[2021.04.03-18.44.21:800][  0]LogConfig: Setting CVar [[r.DOF.Scatter.EnableBokehSettings:1      ; bokeh simulation when scattering]]
[2021.04.03-18.44.21:800][  0]LogConfig: Setting CVar [[r.DOF.Scatter.MaxSpriteRatio:0.1         ; only a maximum of 10% of scattered bokeh]]
[2021.04.03-18.44.21:800][  0]LogConfig: Setting CVar [[r.DOF.Recombine.Quality:1                ; cheap slight out of focus]]
[2021.04.03-18.44.21:800][  0]LogConfig: Setting CVar [[r.DOF.Recombine.EnableBokehSettings:0    ; no bokeh simulation on slight out of focus]]
[2021.04.03-18.44.21:800][  0]LogConfig: Setting CVar [[r.DOF.TemporalAAQuality:1                ; more stable temporal accumulation]]
[2021.04.03-18.44.21:800][  0]LogConfig: Setting CVar [[r.DOF.Kernel.MaxForegroundRadius:0.025]]
[2021.04.03-18.44.21:800][  0]LogConfig: Setting CVar [[r.DOF.Kernel.MaxBackgroundRadius:0.025]]
[2021.04.03-18.44.21:800][  0]LogConfig: Applying CVar settings from Section [TextureQuality@3] File [D:/DW/Documents/GitHub/TDMDeathmatch/TDMDeathmatch/Saved/Config/Windows/Scalability.ini]
[2021.04.03-18.44.21:800][  0]LogConfig: Setting CVar [[r.Streaming.MipBias:0]]
[2021.04.03-18.44.21:800][  0]LogConfig: Setting CVar [[r.Streaming.AmortizeCPUToGPUCopy:0]]
[2021.04.03-18.44.21:800][  0]LogConfig: Setting CVar [[r.Streaming.MaxNumTexturesToStreamPerFrame:0]]
[2021.04.03-18.44.21:800][  0]LogConfig: Setting CVar [[r.Streaming.Boost:1]]
[2021.04.03-18.44.21:800][  0]LogConfig: Setting CVar [[r.MaxAnisotropy:8]]
[2021.04.03-18.44.21:800][  0]LogConfig: Setting CVar [[r.VT.MaxAnisotropy:8]]
[2021.04.03-18.44.21:800][  0]LogConfig: Setting CVar [[r.Streaming.LimitPoolSizeToVRAM:0]]
[2021.04.03-18.44.21:800][  0]LogConfig: Setting CVar [[r.Streaming.PoolSize:1000]]
[2021.04.03-18.44.21:800][  0]LogConfig: Setting CVar [[r.Streaming.MaxEffectiveScreenSize:0]]
[2021.04.03-18.44.21:800][  0]LogConfig: Applying CVar settings from Section [EffectsQuality@3] File [D:/DW/Documents/GitHub/TDMDeathmatch/TDMDeathmatch/Saved/Config/Windows/Scalability.ini]
[2021.04.03-18.44.21:800][  0]LogConfig: Setting CVar [[r.TranslucencyLightingVolumeDim:64]]
[2021.04.03-18.44.21:801][  0]LogConfig: Setting CVar [[r.RefractionQuality:2]]
[2021.04.03-18.44.21:801][  0]LogConfig: Setting CVar [[r.SSR.Quality:3]]
[2021.04.03-18.44.21:801][  0]LogConfig: Setting CVar [[r.SSR.HalfResSceneColor:0]]
[2021.04.03-18.44.21:801][  0]LogConfig: Setting CVar [[r.SceneColorFormat:4]]
[2021.04.03-18.44.21:801][  0]LogConfig: Setting CVar [[r.DetailMode:2]]
[2021.04.03-18.44.21:801][  0]LogConfig: Setting CVar [[r.TranslucencyVolumeBlur:1]]
[2021.04.03-18.44.21:801][  0]LogConfig: Setting CVar [[r.MaterialQualityLevel:1 ; High quality]]
[2021.04.03-18.44.21:801][  0]LogConfig: Setting CVar [[r.SSS.Scale:1]]
[2021.04.03-18.44.21:801][  0]LogConfig: Setting CVar [[r.SSS.SampleSet:2]]
[2021.04.03-18.44.21:801][  0]LogConfig: Setting CVar [[r.SSS.Quality:1]]
[2021.04.03-18.44.21:801][  0]LogConfig: Setting CVar [[r.SSS.HalfRes:0]]
[2021.04.03-18.44.21:801][  0]LogConfig: Setting CVar [[r.SSGI.Quality:3]]
[2021.04.03-18.44.21:801][  0]LogConfig: Setting CVar [[r.EmitterSpawnRateScale:1.0]]
[2021.04.03-18.44.21:801][  0]LogConfig: Setting CVar [[r.ParticleLightQuality:2]]
[2021.04.03-18.44.21:801][  0]LogConfig: Setting CVar [[r.SkyAtmosphere.AerialPerspectiveLUT.FastApplyOnOpaque:1 ; Always have FastSkyLUT 1 in this case to avoid wrong sky]]
[2021.04.03-18.44.21:801][  0]LogConfig: Setting CVar [[r.SkyAtmosphere.AerialPerspectiveLUT.SampleCountPerSlice:1]]
[2021.04.03-18.44.21:801][  0]LogConfig: Setting CVar [[r.SkyAtmosphere.AerialPerspectiveLUT.DepthResolution:16.0]]
[2021.04.03-18.44.21:801][  0]LogConfig: Setting CVar [[r.SkyAtmosphere.FastSkyLUT:1]]
[2021.04.03-18.44.21:801][  0]LogConfig: Setting CVar [[r.SkyAtmosphere.FastSkyLUT.SampleCountMin:4.0]]
[2021.04.03-18.44.21:801][  0]LogConfig: Setting CVar [[r.SkyAtmosphere.FastSkyLUT.SampleCountMax:32.0]]
[2021.04.03-18.44.21:801][  0]LogConfig: Setting CVar [[r.SkyAtmosphere.SampleCountMin:4.0]]
[2021.04.03-18.44.21:801][  0]LogConfig: Setting CVar [[r.SkyAtmosphere.SampleCountMax:32.0]]
[2021.04.03-18.44.21:801][  0]LogConfig: Setting CVar [[r.SkyAtmosphere.TransmittanceLUT.UseSmallFormat:0]]
[2021.04.03-18.44.21:801][  0]LogConfig: Setting CVar [[r.SkyAtmosphere.TransmittanceLUT.SampleCount:10.0]]
[2021.04.03-18.44.21:801][  0]LogConfig: Setting CVar [[r.SkyAtmosphere.MultiScatteringLUT.SampleCount:15.0]]
[2021.04.03-18.44.21:801][  0]LogConfig: Applying CVar settings from Section [FoliageQuality@3] File [D:/DW/Documents/GitHub/TDMDeathmatch/TDMDeathmatch/Saved/Config/Windows/Scalability.ini]
[2021.04.03-18.44.21:801][  0]LogConfig: Setting CVar [[foliage.DensityScale:1.0]]
[2021.04.03-18.44.21:801][  0]LogConfig: Setting CVar [[grass.DensityScale:1.0]]
[2021.04.03-18.44.21:801][  0]LogConfig: Applying CVar settings from Section [ShadingQuality@3] File [D:/DW/Documents/GitHub/TDMDeathmatch/TDMDeathmatch/Saved/Config/Windows/Scalability.ini]
[2021.04.03-18.44.21:801][  0]LogConfig: Setting CVar [[r.HairStrands.SkyLighting.SampleCount:16]]
[2021.04.03-18.44.21:801][  0]LogConfig: Setting CVar [[r.HairStrands.SkyLighting.JitterIntegration:0]]
[2021.04.03-18.44.21:801][  0]LogConfig: Setting CVar [[r.HairStrands.SkyAO.SampleCount:16]]
[2021.04.03-18.44.21:801][  0]LogConfig: Setting CVar [[r.HairStrands.DeepShadow.SuperSampling:0]]
[2021.04.03-18.44.21:801][  0]LogConfig: Setting CVar [[r.HairStrands.VisibilityPPLL:0]]
[2021.04.03-18.44.21:801][  0]LogConfig: Setting CVar [[r.HairStrands.RasterizationScale:0.5]]
[2021.04.03-18.44.21:801][  0]LogConfig: Setting CVar [[r.HairStrands.VelocityRasterizationScale:1]]
[2021.04.03-18.44.21:802][  0]LogInit: Selected Device Profile: [Windows]
[2021.04.03-18.44.21:803][  0]LogInit: Applying CVar settings loaded from the selected device profile: [Windows]
[2021.04.03-18.44.21:804][  0]LogHAL: Display: Platform has ~ 16 GB [17059516416 / 17179869184 / 16], which maps to Larger [LargestMinGB=32, LargerMinGB=12, DefaultMinGB=8, SmallerMinGB=6, SmallestMinGB=0)
[2021.04.03-18.44.21:804][  0]LogInit: Going up to parent DeviceProfile []
[2021.04.03-18.44.21:805][  0]LogConfig: Applying CVar settings from Section [ViewDistanceQuality@2] File [D:/DW/Documents/GitHub/TDMDeathmatch/TDMDeathmatch/Saved/Config/Windows/Scalability.ini]
[2021.04.03-18.44.21:805][  0]LogConfig: Setting CVar [[r.SkeletalMeshLODBias:0]]
[2021.04.03-18.44.21:805][  0]LogConfig: Setting CVar [[r.ViewDistanceScale:0.8]]
[2021.04.03-18.44.21:805][  0]LogConfig: Applying CVar settings from Section [AntiAliasingQuality@2] File [D:/DW/Documents/GitHub/TDMDeathmatch/TDMDeathmatch/Saved/Config/Windows/Scalability.ini]
[2021.04.03-18.44.21:805][  0]LogConfig: Setting CVar [[r.PostProcessAAQuality:3]]
[2021.04.03-18.44.21:805][  0]LogConfig: Applying CVar settings from Section [ShadowQuality@2] File [D:/DW/Documents/GitHub/TDMDeathmatch/TDMDeathmatch/Saved/Config/Windows/Scalability.ini]
[2021.04.03-18.44.21:805][  0]LogConfig: Setting CVar [[r.LightFunctionQuality:1]]
[2021.04.03-18.44.21:805][  0]LogConfig: Setting CVar [[r.ShadowQuality:5]]
[2021.04.03-18.44.21:805][  0]LogConfig: Setting CVar [[r.Shadow.CSM.MaxCascades:4]]
[2021.04.03-18.44.21:805][  0]LogConfig: Setting CVar [[r.Shadow.MaxResolution:1024]]
[2021.04.03-18.44.21:805][  0]LogConfig: Setting CVar [[r.Shadow.MaxCSMResolution:2048]]
[2021.04.03-18.44.21:805][  0]LogConfig: Setting CVar [[r.Shadow.RadiusThreshold:0.04]]
[2021.04.03-18.44.21:805][  0]LogConfig: Setting CVar [[r.Shadow.DistanceScale:0.85]]
[2021.04.03-18.44.21:805][  0]LogConfig: Setting CVar [[r.Shadow.CSM.TransitionScale:0.8]]
[2021.04.03-18.44.21:805][  0]LogConfig: Setting CVar [[r.Shadow.PreShadowResolutionFactor:0.5]]
[2021.04.03-18.44.21:805][  0]LogConfig: Setting CVar [[r.DistanceFieldShadowing:1]]
[2021.04.03-18.44.21:805][  0]LogConfig: Setting CVar [[r.DistanceFieldAO:1]]
[2021.04.03-18.44.21:805][  0]LogConfig: Setting CVar [[r.AOQuality:1]]
[2021.04.03-18.44.21:805][  0]LogConfig: Setting CVar [[r.VolumetricFog:1]]
[2021.04.03-18.44.21:805][  0]LogConfig: Setting CVar [[r.VolumetricFog.GridPixelSize:16]]
[2021.04.03-18.44.21:805][  0]LogConfig: Setting CVar [[r.VolumetricFog.GridSizeZ:64]]
[2021.04.03-18.44.21:805][  0]LogConfig: Setting CVar [[r.VolumetricFog.HistoryMissSupersampleCount:4]]
[2021.04.03-18.44.21:805][  0]LogConfig: Setting CVar [[r.LightMaxDrawDistanceScale:1]]
[2021.04.03-18.44.21:805][  0]LogConfig: Setting CVar [[r.CapsuleShadows:1]]
[2021.04.03-18.44.21:805][  0]LogConfig: Applying CVar settings from Section [PostProcessQuality@2] File [D:/DW/Documents/GitHub/TDMDeathmatch/TDMDeathmatch/Saved/Config/Windows/Scalability.ini]
[2021.04.03-18.44.21:805][  0]LogConfig: Setting CVar [[r.MotionBlurQuality:3]]
[2021.04.03-18.44.21:805][  0]LogConfig: Setting CVar [[r.AmbientOcclusionMipLevelFactor:0.6]]
[2021.04.03-18.44.21:805][  0]LogConfig: Setting CVar [[r.AmbientOcclusionMaxQuality:100]]
[2021.04.03-18.44.21:805][  0]LogConfig: Setting CVar [[r.AmbientOcclusionLevels:-1]]
[2021.04.03-18.44.21:805][  0]LogConfig: Setting CVar [[r.AmbientOcclusionRadiusScale:1.5]]
[2021.04.03-18.44.21:805][  0]LogConfig: Setting CVar [[r.DepthOfFieldQuality:2]]
[2021.04.03-18.44.21:805][  0]LogConfig: Setting CVar [[r.RenderTargetPoolMin:400]]
[2021.04.03-18.44.21:805][  0]LogConfig: Setting CVar [[r.LensFlareQuality:2]]
[2021.04.03-18.44.21:805][  0]LogConfig: Setting CVar [[r.SceneColorFringeQuality:1]]
[2021.04.03-18.44.21:805][  0]LogConfig: Setting CVar [[r.EyeAdaptationQuality:2]]
[2021.04.03-18.44.21:805][  0]LogConfig: Setting CVar [[r.BloomQuality:5]]
[2021.04.03-18.44.21:805][  0]LogConfig: Setting CVar [[r.FastBlurThreshold:3]]
[2021.04.03-18.44.21:805][  0]LogConfig: Setting CVar [[r.Upscale.Quality:2]]
[2021.04.03-18.44.21:805][  0]LogConfig: Setting CVar [[r.Tonemapper.GrainQuantization:1]]
[2021.04.03-18.44.21:805][  0]LogConfig: Setting CVar [[r.LightShaftQuality:1]]
[2021.04.03-18.44.21:805][  0]LogConfig: Setting CVar [[r.Filter.SizeScale:0.8]]
[2021.04.03-18.44.21:805][  0]LogConfig: Setting CVar [[r.Tonemapper.Quality:5]]
[2021.04.03-18.44.21:805][  0]LogConfig: Setting CVar [[r.DOF.Gather.AccumulatorQuality:0        ; lower gathering accumulator quality]]
[2021.04.03-18.44.21:805][  0]LogConfig: Setting CVar [[r.DOF.Gather.PostfilterMethod:2          ; Max3x3 postfilering method]]
[2021.04.03-18.44.21:805][  0]LogConfig: Setting CVar [[r.DOF.Gather.EnableBokehSettings:0       ; no bokeh simulation when gathering]]
[2021.04.03-18.44.21:805][  0]LogConfig: Setting CVar [[r.DOF.Gather.RingCount:4                 ; medium number of samples when gathering]]
[2021.04.03-18.44.21:805][  0]LogConfig: Setting CVar [[r.DOF.Scatter.ForegroundCompositing:1    ; additive foreground scattering]]
[2021.04.03-18.44.21:805][  0]LogConfig: Setting CVar [[r.DOF.Scatter.BackgroundCompositing:1    ; no background occlusion]]
[2021.04.03-18.44.21:805][  0]LogConfig: Setting CVar [[r.DOF.Scatter.EnableBokehSettings:0      ; no bokeh simulation when scattering]]
[2021.04.03-18.44.21:805][  0]LogConfig: Setting CVar [[r.DOF.Scatter.MaxSpriteRatio:0.04        ; only a maximum of 4% of scattered bokeh]]
[2021.04.03-18.44.21:805][  0]LogConfig: Setting CVar [[r.DOF.Recombine.Quality:0                ; no slight out of focus]]
[2021.04.03-18.44.21:805][  0]LogConfig: Setting CVar [[r.DOF.TemporalAAQuality:0                ; faster temporal accumulation]]
[2021.04.03-18.44.21:805][  0]LogConfig: Setting CVar [[r.DOF.Kernel.MaxForegroundRadius:0.012   ; required because of AccumulatorQuality=0]]
[2021.04.03-18.44.21:805][  0]LogConfig: Setting CVar [[r.DOF.Kernel.MaxBackgroundRadius:0.012   ; required because of AccumulatorQuality=0]]
[2021.04.03-18.44.21:805][  0]LogConfig: Applying CVar settings from Section [TextureQuality@2] File [D:/DW/Documents/GitHub/TDMDeathmatch/TDMDeathmatch/Saved/Config/Windows/Scalability.ini]
[2021.04.03-18.44.21:805][  0]LogConfig: Setting CVar [[r.Streaming.MipBias:0]]
[2021.04.03-18.44.21:805][  0]LogConfig: Setting CVar [[r.Streaming.AmortizeCPUToGPUCopy:0]]
[2021.04.03-18.44.21:805][  0]LogConfig: Setting CVar [[r.Streaming.MaxNumTexturesToStreamPerFrame:0]]
[2021.04.03-18.44.21:805][  0]LogConfig: Setting CVar [[r.Streaming.Boost:1]]
[2021.04.03-18.44.21:805][  0]LogConfig: Setting CVar [[r.MaxAnisotropy:4]]
[2021.04.03-18.44.21:805][  0]LogConfig: Setting CVar [[r.VT.MaxAnisotropy:8]]
[2021.04.03-18.44.21:805][  0]LogConfig: Setting CVar [[r.Streaming.LimitPoolSizeToVRAM:1]]
[2021.04.03-18.44.21:805][  0]LogConfig: Setting CVar [[r.Streaming.PoolSize:800]]
[2021.04.03-18.44.21:805][  0]LogConfig: Setting CVar [[r.Streaming.MaxEffectiveScreenSize:0]]
[2021.04.03-18.44.21:805][  0]LogConfig: Applying CVar settings from Section [EffectsQuality@2] File [D:/DW/Documents/GitHub/TDMDeathmatch/TDMDeathmatch/Saved/Config/Windows/Scalability.ini]
[2021.04.03-18.44.21:805][  0]LogConfig: Setting CVar [[r.TranslucencyLightingVolumeDim:48]]
[2021.04.03-18.44.21:805][  0]LogConfig: Setting CVar [[r.RefractionQuality:2]]
[2021.04.03-18.44.21:806][  0]LogConfig: Setting CVar [[r.SSR.Quality:2]]
[2021.04.03-18.44.21:806][  0]LogConfig: Setting CVar [[r.SSR.HalfResSceneColor:1]]
[2021.04.03-18.44.21:806][  0]LogConfig: Setting CVar [[r.SceneColorFormat:3]]
[2021.04.03-18.44.21:806][  0]LogConfig: Setting CVar [[r.DetailMode:1]]
[2021.04.03-18.44.21:806][  0]LogConfig: Setting CVar [[r.TranslucencyVolumeBlur:1]]
[2021.04.03-18.44.21:806][  0]LogConfig: Setting CVar [[r.MaterialQualityLevel:1 ; High quality]]
[2021.04.03-18.44.21:806][  0]LogConfig: Setting CVar [[r.SSS.Scale:1]]
[2021.04.03-18.44.21:806][  0]LogConfig: Setting CVar [[r.SSS.SampleSet:1]]
[2021.04.03-18.44.21:806][  0]LogConfig: Setting CVar [[r.SSS.Quality:-1]]
[2021.04.03-18.44.21:806][  0]LogConfig: Setting CVar [[r.SSS.HalfRes:1]]
[2021.04.03-18.44.21:806][  0]LogConfig: Setting CVar [[r.SSGI.Quality:2]]
[2021.04.03-18.44.21:806][  0]LogConfig: Setting CVar [[r.EmitterSpawnRateScale:0.5]]
[2021.04.03-18.44.21:806][  0]LogConfig: Setting CVar [[r.ParticleLightQuality:1]]
[2021.04.03-18.44.21:806][  0]LogConfig: Setting CVar [[r.SkyAtmosphere.AerialPerspectiveLUT.FastApplyOnOpaque:1 ; Always have FastSkyLUT 1 in this case to avoid wrong sky]]
[2021.04.03-18.44.21:806][  0]LogConfig: Setting CVar [[r.SkyAtmosphere.AerialPerspectiveLUT.SampleCountPerSlice:1]]
[2021.04.03-18.44.21:806][  0]LogConfig: Setting CVar [[r.SkyAtmosphere.AerialPerspectiveLUT.DepthResolution:16.0]]
[2021.04.03-18.44.21:806][  0]LogConfig: Setting CVar [[r.SkyAtmosphere.FastSkyLUT:1]]
[2021.04.03-18.44.21:806][  0]LogConfig: Setting CVar [[r.SkyAtmosphere.FastSkyLUT.SampleCountMin:4.0]]
[2021.04.03-18.44.21:806][  0]LogConfig: Setting CVar [[r.SkyAtmosphere.FastSkyLUT.SampleCountMax:32.0]]
[2021.04.03-18.44.21:806][  0]LogConfig: Setting CVar [[r.SkyAtmosphere.SampleCountMin:4.0]]
[2021.04.03-18.44.21:806][  0]LogConfig: Setting CVar [[r.SkyAtmosphere.SampleCountMax:32.0]]
[2021.04.03-18.44.21:806][  0]LogConfig: Setting CVar [[r.SkyAtmosphere.TransmittanceLUT.UseSmallFormat:0]]
[2021.04.03-18.44.21:806][  0]LogConfig: Setting CVar [[r.SkyAtmosphere.TransmittanceLUT.SampleCount:10.0]]
[2021.04.03-18.44.21:806][  0]LogConfig: Setting CVar [[r.SkyAtmosphere.MultiScatteringLUT.SampleCount:15.0]]
[2021.04.03-18.44.21:806][  0]LogConfig: Applying CVar settings from Section [FoliageQuality@2] File [D:/DW/Documents/GitHub/TDMDeathmatch/TDMDeathmatch/Saved/Config/Windows/Scalability.ini]
[2021.04.03-18.44.21:806][  0]LogConfig: Setting CVar [[foliage.DensityScale:0.8]]
[2021.04.03-18.44.21:806][  0]LogConfig: Setting CVar [[grass.DensityScale:0.8]]
[2021.04.03-18.44.21:806][  0]LogConfig: Applying CVar settings from Section [ShadingQuality@2] File [D:/DW/Documents/GitHub/TDMDeathmatch/TDMDeathmatch/Saved/Config/Windows/Scalability.ini]
[2021.04.03-18.44.21:806][  0]LogConfig: Setting CVar [[r.HairStrands.SkyLighting.SampleCount:16]]
[2021.04.03-18.44.21:806][  0]LogConfig: Setting CVar [[r.HairStrands.SkyLighting.JitterIntegration:0]]
[2021.04.03-18.44.21:806][  0]LogConfig: Setting CVar [[r.HairStrands.SkyAO.SampleCount:16]]
[2021.04.03-18.44.21:806][  0]LogConfig: Setting CVar [[r.HairStrands.DeepShadow.SuperSampling:0]]
[2021.04.03-18.44.21:806][  0]LogConfig: Setting CVar [[r.HairStrands.VisibilityPPLL:0]]
[2021.04.03-18.44.21:806][  0]LogConfig: Setting CVar [[r.HairStrands.RasterizationScale:0.5]]
[2021.04.03-18.44.21:806][  0]LogConfig: Setting CVar [[r.HairStrands.VelocityRasterizationScale:1]]
[2021.04.03-18.44.21:806][  0]LogConfig: Applying CVar settings from Section [Startup] File [../../../Engine/Config/ConsoleVariables.ini]
[2021.04.03-18.44.21:806][  0]LogConfig: Setting CVar [[net.UseAdaptiveNetUpdateFrequency:0]]
[2021.04.03-18.44.21:806][  0]LogConfig: Setting CVar [[p.chaos.AllowCreatePhysxBodies:1]]
[2021.04.03-18.44.21:806][  0]LogConfig: Setting CVar [[fx.SkipVectorVMBackendOptimizations:1]]
[2021.04.03-18.44.21:806][  0]LogConfig: Applying CVar settings from Section [ConsoleVariables] File [D:/DW/Documents/GitHub/TDMDeathmatch/TDMDeathmatch/Saved/Config/Windows/Engine.ini]
[2021.04.03-18.44.21:811][  0]LogInit: Computer: LAPTOP-205H8F92
[2021.04.03-18.44.21:811][  0]LogInit: User: DW
[2021.04.03-18.44.21:811][  0]LogInit: CPU Page size=4096, Cores=4
[2021.04.03-18.44.21:811][  0]LogInit: High frequency timer resolution =10.000000 MHz
[2021.04.03-18.44.21:812][  0]LogMemory: Memory total: Physical=15.9GB (16GB approx)
[2021.04.03-18.44.21:812][  0]LogMemory: Platform Memory Stats for Windows
[2021.04.03-18.44.21:812][  0]LogMemory: Process Physical Memory: 115.21 MB used, 115.21 MB peak
[2021.04.03-18.44.21:812][  0]LogMemory: Process Virtual Memory: 104.16 MB used, 104.16 MB peak
[2021.04.03-18.44.21:812][  0]LogMemory: Physical Memory: 12656.43 MB used,  3612.79 MB free, 16269.22 MB total
[2021.04.03-18.44.21:812][  0]LogMemory: Virtual Memory: 5150.15 MB used,  134212576.00 MB free, 134217728.00 MB total
[2021.04.03-18.44.21:824][  0]LogWindows: WindowsPlatformFeatures enabled
[2021.04.03-18.44.22:078][  0]LogInit: Physics initialised using underlying interface: PhysX
[2021.04.03-18.44.22:086][  0]LogInit: Using OS detected language (en-GB).
[2021.04.03-18.44.22:086][  0]LogInit: Using OS detected locale (en-GB).
[2021.04.03-18.44.22:105][  0]LogTextLocalizationManager: No specific localization for 'en-GB' exists, so the 'en' localization will be used.
[2021.04.03-18.44.22:468][  0]LogInit: Setting process to per monitor DPI aware
[2021.04.03-18.44.22:593][  0]LogSlate: New Slate User Created.  User Index 0, Is Virtual User: 0
[2021.04.03-18.44.22:593][  0]LogSlate: Slate User Registered.  User Index 0, Is Virtual User: 0
[2021.04.03-18.44.23:108][  0]LogD3D11RHI: D3D11 min allowed feature level: 11_0
[2021.04.03-18.44.23:108][  0]LogD3D11RHI: D3D11 max allowed feature level: 11_0
[2021.04.03-18.44.23:108][  0]LogD3D11RHI: D3D11 adapters:
[2021.04.03-18.44.23:270][  0]LogD3D11RHI:    0. 'NVIDIA GeForce GTX 1050' (Feature Level 11_0)
[2021.04.03-18.44.23:270][  0]LogD3D11RHI:       4019/0/8134 MB DedicatedVideo/DedicatedSystem/SharedSystem, Outputs:1, VendorId:0x10de
[2021.04.03-18.44.23:320][  0]LogD3D11RHI:    1. 'Intel(R) HD Graphics 630' (Feature Level 11_0)
[2021.04.03-18.44.23:320][  0]LogD3D11RHI:       128/0/8134 MB DedicatedVideo/DedicatedSystem/SharedSystem, Outputs:0, VendorId:0x8086
[2021.04.03-18.44.23:323][  0]LogD3D11RHI:    2. 'Microsoft Basic Render Driver' (Feature Level 11_0)
[2021.04.03-18.44.23:323][  0]LogD3D11RHI:       0/0/8134 MB DedicatedVideo/DedicatedSystem/SharedSystem, Outputs:0, VendorId:0x1414
[2021.04.03-18.44.23:323][  0]LogD3D11RHI: Chosen D3D11 Adapter: 0
[2021.04.03-18.44.23:337][  0]LogD3D11RHI: Creating new Direct3DDevice
[2021.04.03-18.44.23:338][  0]LogD3D11RHI:     GPU DeviceId: 0x1c8d (for the marketing name, search the web for "GPU Device Id")
[2021.04.03-18.44.23:338][  0]LogWindows: EnumDisplayDevices:
[2021.04.03-18.44.23:339][  0]LogWindows:    0. 'Intel(R) HD Graphics 630' (P:1 D:1)
[2021.04.03-18.44.23:339][  0]LogWindows:    1. 'Intel(R) HD Graphics 630' (P:0 D:0)
[2021.04.03-18.44.23:340][  0]LogWindows:    2. 'Intel(R) HD Graphics 630' (P:0 D:0)
[2021.04.03-18.44.23:340][  0]LogWindows:    3. 'NVIDIA GeForce GTX 1050' (P:0 D:0)
[2021.04.03-18.44.23:341][  0]LogWindows: DebugString: PrimaryIsNotTheChoosenAdapter PrimaryIsNotTheChoosenAdapter PrimaryIsNotTheChoosenAdapter 
[2021.04.03-18.44.23:341][  0]LogD3D11RHI:     Adapter Name: NVIDIA GeForce GTX 1050
[2021.04.03-18.44.23:341][  0]LogD3D11RHI:   Driver Version: 461.09 (internal:27.21.14.6109, unified:461.09)
[2021.04.03-18.44.23:341][  0]LogD3D11RHI:      Driver Date: 12-31-2020
[2021.04.03-18.44.23:342][  0]LogRHI: Texture pool is 2813 MB (70% of 4019 MB)
[2021.04.03-18.44.23:457][  0]LogD3D11RHI: RHI has support for 64 bit atomics
[2021.04.03-18.44.23:458][  0]LogD3D11RHI: Async texture creation enabled
[2021.04.03-18.44.23:459][  0]LogD3D11RHI: Array index from any shader is supported
[2021.04.03-18.44.23:539][  0]LogD3D11RHI: GPU Timing Frequency: 1000.000000 (Debug: 2 1)
[2021.04.03-18.44.23:964][  0]LogTargetPlatformManager: Display: Loaded TargetPlatform 'AllDesktop'
[2021.04.03-18.44.23:992][  0]LogTargetPlatformManager: Display: Loaded TargetPlatform 'Android'
[2021.04.03-18.44.23:992][  0]LogTargetPlatformManager: Display: Loaded TargetPlatform 'Android_ASTC'
[2021.04.03-18.44.23:992][  0]LogTargetPlatformManager: Display: Loaded TargetPlatform 'Android_DXT'
[2021.04.03-18.44.23:992][  0]LogTargetPlatformManager: Display: Loaded TargetPlatform 'Android_ETC2'
[2021.04.03-18.44.23:992][  0]LogTargetPlatformManager: Display: Loaded TargetPlatform 'AndroidClient'
[2021.04.03-18.44.23:992][  0]LogTargetPlatformManager: Display: Loaded TargetPlatform 'Android_ASTCClient'
[2021.04.03-18.44.23:992][  0]LogTargetPlatformManager: Display: Loaded TargetPlatform 'Android_DXTClient'
[2021.04.03-18.44.23:992][  0]LogTargetPlatformManager: Display: Loaded TargetPlatform 'Android_ETC2Client'
[2021.04.03-18.44.23:992][  0]LogTargetPlatformManager: Display: Loaded TargetPlatform 'Android_Multi'
[2021.04.03-18.44.23:992][  0]LogTargetPlatformManager: Display: Loaded TargetPlatform 'Android_MultiClient'
[2021.04.03-18.44.24:032][  0]LogTargetPlatformManager: Display: Loaded TargetPlatform 'IOSClient'
[2021.04.03-18.44.24:032][  0]LogTargetPlatformManager: Display: Loaded TargetPlatform 'IOS'
[2021.04.03-18.44.24:049][  0]LogTargetPlatformManager: Display: Loaded TargetPlatform 'Linux'
[2021.04.03-18.44.24:063][  0]LogTargetPlatformManager: Display: Loaded TargetPlatform 'LinuxNoEditor'
[2021.04.03-18.44.24:078][  0]LogTargetPlatformManager: Display: Loaded TargetPlatform 'LinuxClient'
[2021.04.03-18.44.24:092][  0]LogTargetPlatformManager: Display: Loaded TargetPlatform 'LinuxServer'
[2021.04.03-18.44.24:108][  0]LogTargetPlatformManager: Display: Loaded TargetPlatform 'LinuxAArch64NoEditor'
[2021.04.03-18.44.24:123][  0]LogTargetPlatformManager: Display: Loaded TargetPlatform 'LinuxAArch64Client'
[2021.04.03-18.44.24:137][  0]LogTargetPlatformManager: Display: Loaded TargetPlatform 'LinuxAArch64Server'
[2021.04.03-18.44.24:172][  0]LogTargetPlatformManager: Display: Loaded TargetPlatform 'Lumin'
[2021.04.03-18.44.24:172][  0]LogTargetPlatformManager: Display: Loaded TargetPlatform 'LuminClient'
[2021.04.03-18.44.24:194][  0]LogTargetPlatformManager: Display: Loaded TargetPlatform 'TVOSClient'
[2021.04.03-18.44.24:194][  0]LogTargetPlatformManager: Display: Loaded TargetPlatform 'TVOS'
[2021.04.03-18.44.24:208][  0]LogTargetPlatformManager: Display: Loaded TargetPlatform 'WindowsNoEditor'
[2021.04.03-18.44.24:224][  0]LogTargetPlatformManager: Display: Loaded TargetPlatform 'Windows'
[2021.04.03-18.44.24:238][  0]LogTargetPlatformManager: Display: Loaded TargetPlatform 'WindowsClient'
[2021.04.03-18.44.24:251][  0]LogTargetPlatformManager: Display: Loaded TargetPlatform 'WindowsServer'
[2021.04.03-18.44.24:251][  0]LogTargetPlatformManager: Display: Building Assets For Windows
[2021.04.03-18.44.24:273][  0]LogAudioDebug: Display: Lib vorbis DLL was dynamically loaded.
[2021.04.03-18.44.24:449][  0]LogShaderCompilers: Guid format shader working directory is -23 characters bigger than the processId version (../../../../../../DW/Documents/GitHub/TDMDeathmatch/TDMDeathmatch/Intermediate/Shaders/WorkingDirectory/27200/).
[2021.04.03-18.44.24:449][  0]LogShaderCompilers: Cleaned the shader compiler working directory 'C:/Users/DW/AppData/Local/Temp/UnrealShaderWorkingDir/192ACB284C3AD46C6AE8E8B26C142D90/'.
[2021.04.03-18.44.24:452][  0]LogXGEController: Cleaning working directory: C:/Users/DW/AppData/Local/Temp/UnrealXGEWorkingDir/
[2021.04.03-18.44.24:452][  0]LogShaderCompilers: Display: Using XGE Shader Compiler (Interception Interface).
[2021.04.03-18.44.25:606][  0]LogDerivedDataCache: Display: Max Cache Size: 512 MB
[2021.04.03-18.44.26:376][  0]LogDerivedDataCache: Loaded boot cache 0.76s 75MB C:/Users/DW/AppData/Local/UnrealEngine/4.25/DerivedDataCache/Boot.ddc.
[2021.04.03-18.44.26:376][  0]LogDerivedDataCache: Display: Loaded Boot cache: C:/Users/DW/AppData/Local/UnrealEngine/4.25/DerivedDataCache/Boot.ddc
[2021.04.03-18.44.26:376][  0]LogDerivedDataCache: FDerivedDataBackendGraph:  Pak pak cache file ../../../../../../DW/Documents/GitHub/TDMDeathmatch/TDMDeathmatch/DerivedDataCache/DDC.ddp not found, will not use a pak cache.
[2021.04.03-18.44.26:376][  0]LogDerivedDataCache: Unable to find inner node Pak for hierarchical cache Hierarchy.
[2021.04.03-18.44.26:376][  0]LogDerivedDataCache: FDerivedDataBackendGraph:  CompressedPak pak cache file ../../../../../../DW/Documents/GitHub/TDMDeathmatch/TDMDeathmatch/DerivedDataCache/Compressed.ddp not found, will not use a pak cache.
[2021.04.03-18.44.26:376][  0]LogDerivedDataCache: Unable to find inner node CompressedPak for hierarchical cache Hierarchy.
[2021.04.03-18.44.26:390][  0]LogDerivedDataCache: Display: Pak cache opened for reading ../../../Engine/DerivedDataCache/Compressed.ddp.
[2021.04.03-18.44.26:391][  0]LogDerivedDataCache: FDerivedDataBackendGraph:  EnterprisePak pak cache file ../../../Enterprise/DerivedDataCache/Compressed.ddp not found, will not use a pak cache.
[2021.04.03-18.44.26:391][  0]LogDerivedDataCache: Unable to find inner node EnterprisePak for hierarchical cache Hierarchy.
[2021.04.03-18.44.26:395][  0]LogDerivedDataCache: Using Local data cache path C:/Users/DW/AppData/Local/UnrealEngine/Common/DerivedDataCache: Writable
[2021.04.03-18.44.26:395][  0]LogDerivedDataCache: Shared data cache path not found in *engine.ini, will not use an Shared cache.
[2021.04.03-18.44.26:395][  0]LogDerivedDataCache: Unable to find inner node Shared for hierarchical cache Hierarchy.
[2021.04.03-18.44.26:479][  0]LogSlate: Using FreeType 2.10.0
[2021.04.03-18.44.26:487][  0]LogSlate: SlateFontServices - WITH_FREETYPE: 1, WITH_HARFBUZZ: 1
[2021.04.03-18.44.26:569][  0]LogAssetRegistry: FAssetRegistry took 0.0089 seconds to start up
[2021.04.03-18.44.27:370][  0]LogInit: Selected Device Profile: [Windows]
[2021.04.03-18.44.27:727][  0]LogMeshReduction: Using QuadricMeshReduction for automatic static mesh reduction
[2021.04.03-18.44.27:727][  0]LogMeshReduction: Using SimplygonMeshReduction for automatic skeletal mesh reduction
[2021.04.03-18.44.27:727][  0]LogMeshReduction: Using ProxyLODMeshReduction for automatic mesh merging
[2021.04.03-18.44.27:727][  0]LogMeshReduction: No distributed automatic mesh merging module available
[2021.04.03-18.44.27:730][  0]LogMeshMerging: No distributed automatic mesh merging module available
[2021.04.03-18.44.27:808][  0]LogNetVersion: TDMDeathmatch 1.0.0, NetCL: 13144385, EngineNetVer: 14, GameNetVer: 0 (Checksum: 193990812)
[2021.04.03-18.44.29:082][  0]LogAISub: UAISubsystem::UAISubsystem AISubsystem (000001C0FFB13A00), frame # 0
[2021.04.03-18.44.29:082][  0]LogAISub: UAISubsystem::UAISubsystem AIPerceptionSystem (000001C0FFB15E40), frame # 0
[2021.04.03-18.44.29:089][  0]LogAISub: UAISubsystem::UAISubsystem EnvQueryManager (000001C0FFC6E600), frame # 0
[2021.04.03-18.44.29:232][  0]LogPackageLocalizationCache: Processed 17 localized package path(s) for 1 prioritized culture(s) in 0.080190 seconds
[2021.04.03-18.44.29:239][  0]LogUObjectArray: 15756 objects as part of root set at end of initial load.
[2021.04.03-18.44.29:240][  0]LogUObjectAllocator: 3925280 out of 0 bytes used by permanent object pool.
[2021.04.03-18.44.29:240][  0]LogUObjectArray: CloseDisregardForGC: 0/0 objects in disregard for GC pool
[2021.04.03-18.44.30:471][  0]LogTcpMessaging: Initializing TcpMessaging bridge
[2021.04.03-18.44.30:484][  0]LogUdpMessaging: Initializing bridge on interface 0.0.0.0:0 to multicast group 230.0.0.1:6666.
[2021.04.03-18.44.35:470][  0]LogWindows: Failed to load 'D:/DW/Documents/GitHub/TDMDeathmatch/TDMDeathmatch/Binaries/Win64/UE4Editor-TDMDeathmatch.dll' (GetLastError=2)
[2021.04.03-18.44.35:470][  0]LogWindows: File 'D:/DW/Documents/GitHub/TDMDeathmatch/TDMDeathmatch/Binaries/Win64/UE4Editor-TDMDeathmatch.dll' does not exist
[2021.04.03-18.44.35:470][  0]LogModuleManager: Warning: ModuleManager: Unable to load module 'D:/DW/Documents/GitHub/TDMDeathmatch/TDMDeathmatch/Binaries/Win64/UE4Editor-TDMDeathmatch.dll' because the file couldn't be loaded by the OS.
[2021.04.03-18.48.14:402][  0]LogWindowsTextInputMethodSystem: Display: IME system now deactivated.
[2021.04.03-18.48.14:403][  0]LogWindowsTextInputMethodSystem: Display: IME system now deactivated.
[2021.04.03-18.48.14:405][  0]Message dialog closed, result: Ok, title: Message, text: The game module 'TDMDeathmatch' could not be loaded. There may be an operating system error or the module may not be properly set up.
[2021.04.03-18.48.14:405][  0]LogCore: Engine exit requested (reason: EngineExit() was called)
[2021.04.03-18.48.14:424][  0]LogSlate: Slate User Destroyed.  User Index 0, Is Virtual User: 0
[2021.04.03-18.48.14:426][  0]LogExit: Preparing to exit.
[2021.04.03-18.48.14:802][  0]LogDemo: Cleaned up 0 splitscreen connections with owner deletion
[2021.04.03-18.48.15:051][  0]LogAISub: UAISubsystem::~UAISubsystem AISubsystem (000001C0FFB13A00), frame # 0
[2021.04.03-18.48.15:051][  0]LogAISub: UAISubsystem::~UAISubsystem AIPerceptionSystem (000001C0FFB15E40), frame # 0
[2021.04.03-18.48.15:052][  0]LogAISub: UAISubsystem::~UAISubsystem EnvQueryManager (000001C0FFC6E600), frame # 0
[2021.04.03-18.48.15:105][  0]LogExit: Object subsystem successfully closed.
[2021.04.03-18.48.15:138][  0]LogShaderCompilers: Display: Shaders left to compile 0
[2021.04.03-18.48.15:184][  0]LogModuleManager: Shutting down and abandoning module SoundFields (356)
[2021.04.03-18.48.15:184][  0]LogModuleManager: Shutting down and abandoning module SignificanceManager (354)
[2021.04.03-18.48.15:184][  0]LogModuleManager: Shutting down and abandoning module RuntimePhysXCooking (352)
[2021.04.03-18.48.15:184][  0]LogModuleManager: Shutting down and abandoning module PhysXVehiclesEditor (350)
[2021.04.03-18.48.15:185][  0]LogModuleManager: Shutting down and abandoning module LocationServicesBPLibrary (346)
[2021.04.03-18.48.15:185][  0]LogModuleManager: Shutting down and abandoning module ActorSequence (344)
[2021.04.03-18.48.15:185][  0]LogModuleManager: Shutting down and abandoning module UdpMessaging (342)
[2021.04.03-18.48.15:286][  0]LogModuleManager: Shutting down and abandoning module TcpMessaging (340)
[2021.04.03-18.48.15:583][  0]LogModuleManager: Shutting down and abandoning module MagicLeapARPin (338)
[2021.04.03-18.48.15:583][  0]LogModuleManager: Shutting down and abandoning module MagicLeapHandMeshing (336)
[2021.04.03-18.48.15:583][  0]LogModuleManager: Shutting down and abandoning module MagicLeapSecureStorage (334)
[2021.04.03-18.48.15:583][  0]LogModuleManager: Shutting down and abandoning module MagicLeapPrivileges (332)
[2021.04.03-18.48.15:583][  0]LogModuleManager: Shutting down and abandoning module MagicLeapPlanes (330)
[2021.04.03-18.48.15:583][  0]LogMagicLeapPlanes: Planes tracker already destroyed.
[2021.04.03-18.48.15:583][  0]LogModuleManager: Shutting down and abandoning module MagicLeapImageTracker (328)
[2021.04.03-18.48.15:586][  0]LogModuleManager: Shutting down and abandoning module MagicLeapIdentity (326)
[2021.04.03-18.48.15:586][  0]LogModuleManager: Shutting down and abandoning module MagicLeapHandTracking (324)
[2021.04.03-18.48.15:586][  0]LogModuleManager: Shutting down and abandoning module MagicLeapEyeTracker (322)
[2021.04.03-18.48.15:586][  0]LogModuleManager: Shutting down and abandoning module MagicLeapController (320)
[2021.04.03-18.48.15:586][  0]LogModuleManager: Shutting down and abandoning module MagicLeapARPinImpl (318)
[2021.04.03-18.48.15:586][  0]LogModuleManager: Shutting down and abandoning module MagicLeapAR (316)
[2021.04.03-18.48.15:586][  0]LogModuleManager: Shutting down and abandoning module AugmentedReality (315)
[2021.04.03-18.48.15:586][  0]LogModuleManager: Shutting down and abandoning module NiagaraAnimNotifies (312)
[2021.04.03-18.48.15:586][  0]LogModuleManager: Shutting down and abandoning module Niagara (310)
[2021.04.03-18.48.15:587][  0]LogModuleManager: Shutting down and abandoning module SignalProcessing (309)
[2021.04.03-18.48.15:588][  0]LogModuleManager: Shutting down and abandoning module NiagaraEditor (307)
[2021.04.03-18.48.15:594][  0]LogModuleManager: Shutting down and abandoning module NiagaraCore (304)
[2021.04.03-18.48.15:594][  0]LogModuleManager: Shutting down and abandoning module GameplayTagsEditor (302)
[2021.04.03-18.48.15:595][  0]LogModuleManager: Shutting down and abandoning module FacialAnimationEditor (300)
[2021.04.03-18.48.15:595][  0]LogModuleManager: Shutting down and abandoning module FacialAnimation (298)
[2021.04.03-18.48.15:595][  0]LogModuleManager: Shutting down and abandoning module DataValidation (296)
[2021.04.03-18.48.15:595][  0]LogModuleManager: Shutting down and abandoning module AssetManagerEditor (294)
[2021.04.03-18.48.15:596][  0]LogModuleManager: Shutting down and abandoning module LevelEditor (293)
[2021.04.03-18.48.15:601][  0]LogModuleManager: Shutting down and abandoning module PixelInspectorModule (292)
[2021.04.03-18.48.15:601][  0]LogModuleManager: Shutting down and abandoning module CommonMenuExtensions (290)
[2021.04.03-18.48.15:602][  0]LogModuleManager: Shutting down and abandoning module MainFrame (288)
[2021.04.03-18.48.15:603][  0]LogModuleManager: Shutting down and abandoning module HotReload (287)
[2021.04.03-18.48.15:604][  0]LogModuleManager: Shutting down and abandoning module ToolMenus (283)
[2021.04.03-18.48.15:604][  0]LogModuleManager: Shutting down and abandoning module TreeMap (281)
[2021.04.03-18.48.15:604][  0]LogModuleManager: Shutting down and abandoning module AnimationSharing (278)
[2021.04.03-18.48.15:604][  0]LogModuleManager: Shutting down and abandoning module LightPropagationVolumeRuntime (276)
[2021.04.03-18.48.15:604][  0]LogModuleManager: Shutting down and abandoning module Paper2D (274)
[2021.04.03-18.48.15:604][  0]LogModuleManager: Shutting down and abandoning module WindowsMoviePlayer (272)
[2021.04.03-18.48.15:605][  0]LogModuleManager: Shutting down and abandoning module WebMMoviePlayer (270)
[2021.04.03-18.48.15:605][  0]LogModuleManager: Shutting down and abandoning module NetworkReplayStreaming (268)
[2021.04.03-18.48.15:605][  0]LogModuleManager: Shutting down and abandoning module PacketHandler (266)
[2021.04.03-18.48.15:605][  0]LogModuleManager: Shutting down and abandoning module ClothingSystemEditor (264)
[2021.04.03-18.48.15:605][  0]LogModuleManager: Shutting down and abandoning module ClothingSystemRuntimeNv (262)
[2021.04.03-18.48.15:605][  0]LogModuleManager: Shutting down and abandoning module MediaAssets (260)
[2021.04.03-18.48.15:605][  0]LogModuleManager: Shutting down and abandoning module Overlay (258)
[2021.04.03-18.48.15:605][  0]LogModuleManager: Shutting down and abandoning module OverlayEditor (257)
[2021.04.03-18.48.15:605][  0]LogModuleManager: Shutting down and abandoning module VREditor (254)
[2021.04.03-18.48.15:606][  0]LogModuleManager: Shutting down and abandoning module StringTableEditor (252)
[2021.04.03-18.48.15:606][  0]LogModuleManager: Shutting down and abandoning module GameplayTasksEditor (250)
[2021.04.03-18.48.15:606][  0]LogModuleManager: Shutting down and abandoning module BehaviorTreeEditor (248)
[2021.04.03-18.48.15:608][  0]LogModuleManager: Shutting down and abandoning module FunctionalTesting (246)
[2021.04.03-18.48.15:608][  0]LogModuleManager: Shutting down and abandoning module CollisionAnalyzer (244)
[2021.04.03-18.48.15:610][  0]LogModuleManager: Shutting down and abandoning module UMG (242)
[2021.04.03-18.48.15:610][  0]LogModuleManager: Shutting down and abandoning module UMGEditor (241)
[2021.04.03-18.48.15:612][  0]LogModuleManager: Shutting down and abandoning module MessageLog (239)
[2021.04.03-18.48.15:612][  0]LogModuleManager: Shutting down and abandoning module MaterialEditor (237)
[2021.04.03-18.48.15:614][  0]LogModuleManager: Shutting down and abandoning module ContentBrowser (236)
[2021.04.03-18.48.15:616][  0]LogModuleManager: Shutting down and abandoning module WorkspaceMenuStructure (235)
[2021.04.03-18.48.15:617][  0]LogModuleManager: Shutting down and abandoning module SlateReflector (228)
[2021.04.03-18.48.15:619][  0]LogModuleManager: Shutting down and abandoning module Slate (226)
[2021.04.03-18.48.15:620][  0]LogModuleManager: Shutting down and abandoning module SlateCore (224)
[2021.04.03-18.48.15:620][  0]LogModuleManager: Shutting down and abandoning module LandscapeEditorUtilities (222)
[2021.04.03-18.48.15:620][  0]LogModuleManager: Shutting down and abandoning module UnrealEd (220)
[2021.04.03-18.48.15:620][  0]LogModuleManager: Shutting down and abandoning module MRMesh (218)
[2021.04.03-18.48.15:620][  0]LogModuleManager: Shutting down and abandoning module SourceCodeAccess (216)
[2021.04.03-18.48.15:620][  0]LogModuleManager: Shutting down and abandoning module HeadMountedDisplay (214)
[2021.04.03-18.48.15:620][  0]LogModuleManager: Shutting down and abandoning module XAudio2 (212)
[2021.04.03-18.48.15:620][  0]LogModuleManager: Shutting down and abandoning module Networking (210)
[2021.04.03-18.48.15:620][  0]LogModuleManager: Shutting down and abandoning module Core (208)
[2021.04.03-18.48.15:620][  0]LogModuleManager: Shutting down and abandoning module MovieSceneTools (206)
[2021.04.03-18.48.15:621][  0]LogModuleManager: Shutting down and abandoning module CurveEditor (205)
[2021.04.03-18.48.15:622][  0]LogModuleManager: Shutting down and abandoning module Sequencer (203)
[2021.04.03-18.48.15:627][  0]LogModuleManager: Shutting down and abandoning module EditorStyle (202)
[2021.04.03-18.48.15:628][  0]LogModuleManager: Shutting down and abandoning module KismetCompiler (198)
[2021.04.03-18.48.15:628][  0]LogModuleManager: Shutting down and abandoning module MeshBuilder (196)
[2021.04.03-18.48.15:628][  0]LogModuleManager: Shutting down and abandoning module MeshUtilities (194)
[2021.04.03-18.48.15:628][  0]LogModuleManager: Shutting down and abandoning module MeshMergeUtilities (193)
[2021.04.03-18.48.15:629][  0]LogModuleManager: Shutting down and abandoning module MeshReductionInterface (192)
[2021.04.03-18.48.15:629][  0]LogModuleManager: Shutting down and abandoning module MeshBoneReduction (191)
[2021.04.03-18.48.15:629][  0]LogModuleManager: Shutting down and abandoning module SkeletalMeshReduction (189)
[2021.04.03-18.48.15:629][  0]LogModuleManager: Shutting down and abandoning module ProxyLODMeshReduction (187)
[2021.04.03-18.48.15:631][  0]LogModuleManager: Shutting down and abandoning module QuadricMeshReduction (185)
[2021.04.03-18.48.15:631][  0]LogModuleManager: Shutting down and abandoning module MaterialBaking (181)
[2021.04.03-18.48.15:631][  0]LogModuleManager: Shutting down and abandoning module NullInstallBundleManager (176)
[2021.04.03-18.48.15:631][  0]LogModuleManager: Shutting down and abandoning module DerivedDataCache (174)
[2021.04.03-18.48.15:631][  0]LogModuleManager: Shutting down and abandoning module XGEController (172)
[2021.04.03-18.48.15:631][  0]LogXGEController: Cleaning working directory: C:/Users/DW/AppData/Local/Temp/UnrealXGEWorkingDir/
[2021.04.03-18.48.15:632][  0]LogModuleManager: Shutting down and abandoning module TargetPlatform (170)
[2021.04.03-18.48.15:632][  0]LogModuleManager: Shutting down and abandoning module VulkanShaderFormat (169)
[2021.04.03-18.48.15:632][  0]LogModuleManager: Shutting down and abandoning module ShaderFormatVectorVM (167)
[2021.04.03-18.48.15:632][  0]LogModuleManager: Shutting down and abandoning module ShaderFormatOpenGL (165)
[2021.04.03-18.48.15:633][  0]LogModuleManager: Shutting down and abandoning module ShaderFormatD3D (163)
[2021.04.03-18.48.15:633][  0]LogModuleManager: Shutting down and abandoning module MetalShaderFormat (161)
[2021.04.03-18.48.15:633][  0]LogModuleManager: Shutting down and abandoning module TextureFormatUncompressed (159)
[2021.04.03-18.48.15:633][  0]LogModuleManager: Shutting down and abandoning module TextureFormatPVR (157)
[2021.04.03-18.48.15:633][  0]LogModuleManager: Shutting down and abandoning module TextureFormatDXT (155)
[2021.04.03-18.48.15:633][  0]LogModuleManager: Shutting down and abandoning module TextureFormatIntelISPCTexComp (153)
[2021.04.03-18.48.15:633][  0]LogModuleManager: Shutting down and abandoning module TextureFormatASTC (151)
[2021.04.03-18.48.15:633][  0]LogModuleManager: Shutting down and abandoning module ImageWrapper (150)
[2021.04.03-18.48.15:633][  0]LogModuleManager: Shutting down and abandoning module TextureFormatAndroid (147)
[2021.04.03-18.48.15:633][  0]LogModuleManager: Shutting down and abandoning module AudioFormatOpus (145)
[2021.04.03-18.48.15:634][  0]LogModuleManager: Shutting down and abandoning module AudioFormatOgg (143)
[2021.04.03-18.48.15:634][  0]LogModuleManager: Shutting down and abandoning module AudioFormatADPCM (141)
[2021.04.03-18.48.15:634][  0]LogModuleManager: Shutting down and abandoning module WindowsServerTargetPlatform (139)
[2021.04.03-18.48.15:634][  0]LogModuleManager: Shutting down and abandoning module WindowsClientTargetPlatform (137)
[2021.04.03-18.48.15:634][  0]LogModuleManager: Shutting down and abandoning module WindowsTargetPlatform (135)
[2021.04.03-18.48.15:634][  0]LogModuleManager: Shutting down and abandoning module WindowsNoEditorTargetPlatform (133)
[2021.04.03-18.48.15:634][  0]LogModuleManager: Shutting down and abandoning module TVOSTargetPlatform (131)
[2021.04.03-18.48.15:634][  0]LogModuleManager: Shutting down and abandoning module LuminTargetPlatform (129)
[2021.04.03-18.48.15:635][  0]LogModuleManager: Shutting down and abandoning module LinuxAArch64ServerTargetPlatform (127)
[2021.04.03-18.48.15:635][  0]LogModuleManager: Shutting down and abandoning module LinuxAArch64ClientTargetPlatform (125)
[2021.04.03-18.48.15:635][  0]LogModuleManager: Shutting down and abandoning module LinuxAArch64NoEditorTargetPlatform (123)
[2021.04.03-18.48.15:635][  0]LogModuleManager: Shutting down and abandoning module LinuxServerTargetPlatform (121)
[2021.04.03-18.48.15:635][  0]LogModuleManager: Shutting down and abandoning module LinuxClientTargetPlatform (119)
[2021.04.03-18.48.15:635][  0]LogModuleManager: Shutting down and abandoning module LinuxNoEditorTargetPlatform (117)
[2021.04.03-18.48.15:635][  0]LogModuleManager: Shutting down and abandoning module LinuxTargetPlatform (115)
[2021.04.03-18.48.15:635][  0]LogModuleManager: Shutting down and abandoning module Messaging (113)
[2021.04.03-18.48.15:635][  0]LogModuleManager: Shutting down and abandoning module IOSTargetPlatform (111)
[2021.04.03-18.48.15:636][  0]LogModuleManager: Shutting down and abandoning module AndroidTargetPlatform (109)
[2021.04.03-18.48.15:639][  0]LogModuleManager: Shutting down and abandoning module AllDesktopTargetPlatform (107)
[2021.04.03-18.48.15:639][  0]LogModuleManager: Shutting down and abandoning module InputCore (104)
[2021.04.03-18.48.15:639][  0]LogModuleManager: Shutting down and abandoning module Settings (102)
[2021.04.03-18.48.15:639][  0]LogModuleManager: Shutting down and abandoning module DirectoryWatcher (100)
[2021.04.03-18.48.15:639][  0]LogModuleManager: Shutting down and abandoning module PhysXCooking (98)
[2021.04.03-18.48.15:639][  0]LogModuleManager: Shutting down and abandoning module ChaosSolvers (96)
[2021.04.03-18.48.15:639][  0]LogModuleManager: Shutting down and abandoning module FieldSystemEngine (95)
[2021.04.03-18.48.15:639][  0]LogModuleManager: Shutting down and abandoning module Chaos (92)
[2021.04.03-18.48.15:640][  0]LogModuleManager: Shutting down and abandoning module WindowsPlatformFeatures (90)
[2021.04.03-18.48.15:640][  0]LogModuleManager: Shutting down and abandoning module GameplayMediaEncoder (89)
[2021.04.03-18.48.15:640][  0]LogModuleManager: Shutting down and abandoning module AVEncoder (88)
[2021.04.03-18.48.15:640][  0]LogModuleManager: Shutting down and abandoning module ExampleDeviceProfileSelector (84)
[2021.04.03-18.48.15:640][  0]LogModuleManager: Shutting down and abandoning module LauncherChunkInstaller (82)
[2021.04.03-18.48.15:640][  0]LogModuleManager: Shutting down and abandoning module OnlineBlueprintSupport (80)
[2021.04.03-18.48.15:640][  0]LogModuleManager: Shutting down and abandoning module OnlineSubsystem (76)
[2021.04.03-18.48.15:644][  0]LogModuleManager: Shutting down and abandoning module XMPP (71)
[2021.04.03-18.48.15:645][  0]LogModuleManager: Shutting down and abandoning module WebSockets (70)
[2021.04.03-18.48.15:677][  0]LogModuleManager: Shutting down and abandoning module HTTP (67)
[2021.04.03-18.48.15:695][  0]LogModuleManager: Shutting down and abandoning module SSL (66)
[2021.04.03-18.48.15:696][  0]LogModuleManager: Shutting down and abandoning module WmfMedia (62)
[2021.04.03-18.48.15:704][  0]LogModuleManager: Shutting down and abandoning module Media (61)
[2021.04.03-18.48.15:705][  0]LogModuleManager: Shutting down and abandoning module MagicLeap (58)
[2021.04.03-18.48.15:705][  0]LogModuleManager: Shutting down and abandoning module NiagaraVertexFactories (56)
[2021.04.03-18.48.15:705][  0]LogModuleManager: Shutting down and abandoning module NiagaraShader (54)
[2021.04.03-18.48.15:705][  0]LogModuleManager: Shutting down and abandoning module VariantManagerContent (52)
[2021.04.03-18.48.15:705][  0]LogModuleManager: Shutting down and abandoning module DatasmithContent (50)
[2021.04.03-18.48.15:706][  0]LogModuleManager: Shutting down and abandoning module AISupportModule (48)
[2021.04.03-18.48.15:706][  0]LogModuleManager: Shutting down and abandoning module DesktopPlatform (46)
[2021.04.03-18.48.15:706][  0]LogModuleManager: Shutting down and abandoning module PlatformCryptoOpenSSL (44)
[2021.04.03-18.48.15:706][  0]LogModuleManager: Shutting down and abandoning module PlatformCryptoTypes (42)
[2021.04.03-18.48.15:706][  0]LogModuleManager: Shutting down and abandoning module PlatformCrypto (40)
[2021.04.03-18.48.15:706][  0]LogModuleManager: Shutting down and abandoning module AnimationModifiers (38)
[2021.04.03-18.48.15:708][  0]LogModuleManager: Shutting down and abandoning module PropertyEditor (37)
[2021.04.03-18.48.15:712][  0]LogModuleManager: Shutting down and abandoning module AudioEditor (34)
[2021.04.03-18.48.15:714][  0]LogModuleManager: Shutting down and abandoning module TextureCompressor (32)
[2021.04.03-18.48.15:714][  0]LogModuleManager: Shutting down and abandoning module RenderCore (30)
[2021.04.03-18.48.15:714][  0]LogModuleManager: Shutting down and abandoning module Landscape (28)
[2021.04.03-18.48.15:714][  0]LogModuleManager: Shutting down and abandoning module SlateRHIRenderer (26)
[2021.04.03-18.48.15:715][  0]LogModuleManager: Shutting down and abandoning module OpenGLDrv (24)
[2021.04.03-18.48.15:715][  0]LogModuleManager: Shutting down and abandoning module D3D11RHI (22)
[2021.04.03-18.48.15:715][  0]LogModuleManager: Shutting down and abandoning module AnimGraphRuntime (20)
[2021.04.03-18.48.15:716][  0]LogModuleManager: Shutting down and abandoning module Renderer (18)
[2021.04.03-18.48.15:718][  0]LogModuleManager: Shutting down and abandoning module Engine (16)
[2021.04.03-18.48.15:719][  0]LogModuleManager: Shutting down and abandoning module CoreUObject (14)
[2021.04.03-18.48.15:719][  0]LogModuleManager: Shutting down and abandoning module NetworkFile (12)
[2021.04.03-18.48.15:719][  0]LogModuleManager: Shutting down and abandoning module CookedIterativeFile (10)
[2021.04.03-18.48.15:719][  0]LogModuleManager: Shutting down and abandoning module StreamingFile (8)
[2021.04.03-18.48.15:720][  0]LogModuleManager: Shutting down and abandoning module SandboxFile (6)
[2021.04.03-18.48.15:720][  0]LogModuleManager: Shutting down and abandoning module PakFile (4)
[2021.04.03-18.48.15:720][  0]LogModuleManager: Shutting down and abandoning module RSA (3)
[2021.04.03-18.48.15:722][  0]LogD3D11RHI: Shutdown
[2021.04.03-18.48.15:722][  0]LogD3D11RHI: CleanupD3DDevice
[2021.04.03-18.48.15:761][  0]LogExit: Exiting.
[2021.04.03-18.48.15:803][  0]Log file closed, 04/03/21 19:48:15
