Log file open, 06/08/21 12:39:16
LogInit: Display: Running engine for game: TDMDeathmatch
LogPlatformFile: Not using cached read wrapper
LogTaskGraph: Started task graph with 5 named threads and 23 total threads with 3 sets of task threads.
LogStats: Stats thread started at 1.092947
LogD3D11RHI: Loaded GFSDK_Aftermath_Lib.x64.dll
LogICUInternationalization: ICU TimeZone Detection - Raw Offset: +0:00, Platform Override: ''
LogPluginManager: Mounting plugin Paper2D
LogPluginManager: Mounting plugin AISupport
LogPluginManager: Mounting plugin LightPropagationVolume
LogPluginManager: Mounting plugin CameraShakePreviewer
LogPluginManager: Mounting plugin ActorLayerUtilities
LogPluginManager: Mounting plugin AnimationSharing
LogPluginManager: Mounting plugin CLionSourceCodeAccess
LogPluginManager: Mounting plugin CodeLiteSourceCodeAccess
LogPluginManager: Mounting plugin GitSourceControl
LogPluginManager: Mounting plugin KDevelopSourceCodeAccess
LogPluginManager: Mounting plugin NullSourceCodeAccess
LogPluginManager: Mounting plugin PerforceSourceControl
LogPluginManager: Mounting plugin PlasticSourceControl
LogPluginManager: Mounting plugin RiderSourceCodeAccess
LogPluginManager: Mounting plugin SubversionSourceControl
LogPluginManager: Mounting plugin UObjectPlugin
LogPluginManager: Mounting plugin VisualStudioCodeSourceCodeAccess
LogPluginManager: Mounting plugin VisualStudioSourceCodeAccess
LogPluginManager: Mounting plugin XCodeSourceCodeAccess
LogPluginManager: Mounting plugin AssetManagerEditor
LogPluginManager: Mounting plugin CryptoKeys
LogPluginManager: Mounting plugin CurveEditorTools
LogPluginManager: Mounting plugin DataValidation
LogPluginManager: Mounting plugin EditorScriptingUtilities
LogPluginManager: Mounting plugin FacialAnimation
LogPluginManager: Mounting plugin GameplayTagsEditor
LogPluginManager: Mounting plugin GeometryMode
LogPluginManager: Mounting plugin MacGraphicsSwitching
LogPluginManager: Mounting plugin MaterialAnalyzer
LogPluginManager: Mounting plugin MobileLauncherProfileWizard
LogPluginManager: Mounting plugin PluginBrowser
LogPluginManager: Mounting plugin SpeedTreeImporter
LogPluginManager: Mounting plugin DatasmithContent
LogPluginManager: Mounting plugin VariantManagerContent
LogPluginManager: Mounting plugin AlembicImporter
LogPluginManager: Mounting plugin AutomationUtils
LogPluginManager: Mounting plugin BackChannel
LogPluginManager: Mounting plugin ChaosCloth
LogPluginManager: Mounting plugin ChaosClothEditor
LogPluginManager: Mounting plugin ChaosEditor
LogPluginManager: Mounting plugin ChaosNiagara
LogPluginManager: Mounting plugin ChaosSolverPlugin
LogPluginManager: Mounting plugin CharacterAI
LogPluginManager: Mounting plugin GeometryCache
LogPluginManager: Mounting plugin GeometryCollectionPlugin
LogPluginManager: Mounting plugin GeometryProcessing
LogPluginManager: Mounting plugin PlanarCut
LogPluginManager: Mounting plugin PlatformCrypto
LogPluginManager: Mounting plugin ProxyLODPlugin
LogPluginManager: Mounting plugin SkeletalReduction
LogPluginManager: Mounting plugin Niagara
LogPluginManager: Mounting plugin NiagaraExtras
LogPluginManager: Mounting plugin MagicLeap
LogPluginManager: Mounting plugin MagicLeapLightEstimation
LogPluginManager: Mounting plugin MagicLeapMedia
LogPluginManager: Mounting plugin MagicLeapPassableWorld
LogPluginManager: Mounting plugin MLSDK
LogPluginManager: Mounting plugin AndroidMedia
LogPluginManager: Mounting plugin AvfMedia
LogPluginManager: Mounting plugin ImgMedia
LogPluginManager: Mounting plugin MediaCompositing
LogPluginManager: Mounting plugin MediaPlayerEditor
LogPluginManager: Mounting plugin WebMMedia
LogPluginManager: Mounting plugin WmfMedia
LogPluginManager: Mounting plugin MeshPainting
LogPluginManager: Mounting plugin TcpMessaging
LogPluginManager: Mounting plugin UdpMessaging
LogPluginManager: Mounting plugin ActorSequence
LogPluginManager: Mounting plugin LevelSequenceEditor
LogPluginManager: Mounting plugin MatineeToLevelSequence
LogPluginManager: Mounting plugin MovieRenderPipeline
LogPluginManager: Mounting plugin TemplateSequence
LogPluginManager: Mounting plugin NetcodeUnitTest
LogPluginManager: Mounting plugin NUTUnrealEngine4
LogPluginManager: Mounting plugin OnlineSubsystemGooglePlay
LogPluginManager: Mounting plugin OnlineSubsystemIOS
LogPluginManager: Mounting plugin OnlineSubsystem
LogPluginManager: Mounting plugin OnlineSubsystemNull
LogPluginManager: Mounting plugin OnlineSubsystemUtils
LogPluginManager: Mounting plugin LauncherChunkInstaller
LogPluginManager: Mounting plugin AndroidDeviceProfileSelector
LogPluginManager: Mounting plugin AndroidMoviePlayer
LogPluginManager: Mounting plugin AndroidPermission
LogPluginManager: Mounting plugin AppleImageUtils
LogPluginManager: Mounting plugin AppleMoviePlayer
LogPluginManager: Mounting plugin ArchVisCharacter
LogPluginManager: Mounting plugin AssetTags
LogPluginManager: Mounting plugin AudioCapture
LogPluginManager: Mounting plugin CableComponent
LogPluginManager: Mounting plugin CustomMeshComponent
LogPluginManager: Mounting plugin EditableMesh
LogPluginManager: Mounting plugin ExampleDeviceProfileSelector
LogPluginManager: Mounting plugin GoogleCloudMessaging
LogPluginManager: Mounting plugin GooglePAD
LogPluginManager: Mounting plugin IOSDeviceProfileSelector
LogPluginManager: Mounting plugin LinuxDeviceProfileSelector
LogPluginManager: Mounting plugin LocationServicesBPLibrary
LogPluginManager: Mounting plugin MobilePatchingUtils
LogPluginManager: Mounting plugin PhysXVehicles
LogPluginManager: Mounting plugin PostSplashScreen
LogPluginManager: Mounting plugin ProceduralMeshComponent
LogPluginManager: Mounting plugin RuntimePhysXCooking
LogPluginManager: Mounting plugin SignificanceManager
LogPluginManager: Mounting plugin SoundFields
LogPluginManager: Mounting plugin Synthesis
LogPluginManager: Mounting plugin WebMMoviePlayer
LogPluginManager: Mounting plugin WindowsMoviePlayer
LogPluginManager: Mounting plugin ScreenshotTools
LogInit: Using libcurl 7.55.1-DEV
LogInit:  - built for x86_64-pc-win32
LogInit:  - supports SSL with OpenSSL/1.1.1
LogInit:  - supports HTTP deflate (compression) using libz 1.2.8
LogInit:  - other features:
LogInit:      CURL_VERSION_SSL
LogInit:      CURL_VERSION_LIBZ
LogInit:      CURL_VERSION_IPV6
LogInit:      CURL_VERSION_ASYNCHDNS
LogInit:      CURL_VERSION_LARGEFILE
LogInit:      CURL_VERSION_IDN
LogInit:  CurlRequestOptions (configurable via config and command line):
LogInit:  - bVerifyPeer = true  - Libcurl will verify peer certificate
LogInit:  - bUseHttpProxy = false  - Libcurl will NOT use HTTP proxy
LogInit:  - bDontReuseConnections = false  - Libcurl will reuse connections
LogInit:  - MaxHostConnections = 16  - Libcurl will limit the number of connections to a host
LogInit:  - LocalHostAddr = Default
LogInit:  - BufferSize = 65536
LogOnline: OSS: Creating online subsystem instance for: NULL
LogInit: WinSock: version 1.1 (2.2), MaxSocks=32767, MaxUdp=65467
LogOnline: OSS: TryLoadSubsystemAndSetDefault: Loaded subsystem for module [NULL]
LogInit: Build: ++UE4+Release-4.25-CL-14469661
LogInit: Engine Version: 4.25.4-14469661+++UE4+Release-4.25
LogInit: Compatible Engine Version: 4.25.0-13144385+++UE4+Release-4.25
LogInit: Net CL: 13144385
LogInit: OS: Windows 10 (Release 2009) (), CPU: Intel(R) Core(TM) i7-7700HQ CPU @ 2.80GHz, GPU: Intel(R) HD Graphics 630
LogInit: Compiled (64-bit): Oct 11 2020 08:10:49
LogInit: Compiled with Visual C++: 19.24.28315.00
LogInit: Build Configuration: Development
LogInit: Branch Name: ++UE4+Release-4.25
LogInit: Command Line: 
LogInit: Base Directory: D:/Program Files/Epic Games/UE_4.25/Engine/Binaries/Win64/
LogInit: Allocator: TBB
LogInit: Installed Engine Build: 1
LogDevObjectVersion: Number of dev versions registered: 26
LogDevObjectVersion:   Dev-Blueprints (B0D832E4-1F89-4F0D-ACCF-7EB736FD4AA2): 10
LogDevObjectVersion:   Dev-Build (E1C64328-A22C-4D53-A36C-8E866417BD8C): 0
LogDevObjectVersion:   Dev-Core (375EC13C-06E4-48FB-B500-84F0262A717E): 4
LogDevObjectVersion:   Dev-Editor (E4B068ED-F494-42E9-A231-DA0B2E46BB41): 38
LogDevObjectVersion:   Dev-Framework (CFFC743F-43B0-4480-9391-14DF171D2073): 37
LogDevObjectVersion:   Dev-Mobile (B02B49B5-BB20-44E9-A304-32B752E40360): 2
LogDevObjectVersion:   Dev-Networking (A4E4105C-59A1-49B5-A7C5-40C4547EDFEE): 0
LogDevObjectVersion:   Dev-Online (39C831C9-5AE6-47DC-9A44-9C173E1C8E7C): 0
LogDevObjectVersion:   Dev-Physics (78F01B33-EBEA-4F98-B9B4-84EACCB95AA2): 4
LogDevObjectVersion:   Dev-Platform (6631380F-2D4D-43E0-8009-CF276956A95A): 0
LogDevObjectVersion:   Dev-Rendering (12F88B9F-8875-4AFC-A67C-D90C383ABD29): 43
LogDevObjectVersion:   Dev-Sequencer (7B5AE74C-D270-4C10-A958-57980B212A5A): 12
LogDevObjectVersion:   Dev-VR (D7296918-1DD6-4BDD-9DE2-64A83CC13884): 3
LogDevObjectVersion:   Dev-LoadTimes (C2A15278-BFE7-4AFE-6C17-90FF531DF755): 1
LogDevObjectVersion:   Private-Geometry (6EACA3D4-40EC-4CC1-B786-8BED09428FC5): 3
LogDevObjectVersion:   Dev-AnimPhys (29E575DD-E0A3-4627-9D10-D276232CDCEA): 17
LogDevObjectVersion:   Dev-Anim (AF43A65D-7FD3-4947-9873-3E8ED9C1BB05): 7
LogDevObjectVersion:   Dev-ReflectionCapture (6B266CEC-1EC7-4B8F-A30B-E4D90942FC07): 1
LogDevObjectVersion:   Dev-Automation (0DF73D61-A23F-47EA-B727-89E90C41499A): 1
LogDevObjectVersion:   FortniteMain (601D1886-AC64-4F84-AA16-D3DE0DEAC7D6): 31
LogDevObjectVersion:   Dev-Enterprise (9DFFBCD6-494F-0158-E221-12823C92A888): 10
LogDevObjectVersion:   Dev-Niagara (F2AED0AC-9AFE-416F-8664-AA7FFA26D6FC): 1
LogDevObjectVersion:   Dev-Destruction (174F1F0B-B4C6-45A5-B13F-2EE8D0FB917D): 10
LogDevObjectVersion:   Dev-Physics-Ext (35F94A83-E258-406C-A318-09F59610247C): 37
LogDevObjectVersion:   Dev-PhysicsMaterial-Chaos (B68FC16E-8B1B-42E2-B453-215C058844FE): 1
LogDevObjectVersion:   Dev-CineCamera (B2E18506-4273-CFC2-A54E-F4BB758BBA07): 1
LogInit: Presizing for max 25165824 objects, including 0 objects not considered by GC, pre-allocating 0 bytes for permanent pool.
LogConfig: Applying CVar settings from Section [/Script/Engine.StreamingSettings] File [D:/DW/Documents/GitHub/TDMDeathmatch/TDMDeathmatch/Saved/Config/Windows/Engine.ini]
LogConfig: Setting CVar [[s.MinBulkDataSizeForAsyncLoading:131072]]
LogConfig: Setting CVar [[s.AsyncLoadingThreadEnabled:0]]
LogConfig: Setting CVar [[s.EventDrivenLoaderEnabled:1]]
LogConfig: Setting CVar [[s.WarnIfTimeLimitExceeded:0]]
LogConfig: Setting CVar [[s.TimeLimitExceededMultiplier:1.5]]
LogConfig: Setting CVar [[s.TimeLimitExceededMinTime:0.005]]
LogConfig: Setting CVar [[s.UseBackgroundLevelStreaming:1]]
LogConfig: Setting CVar [[s.PriorityAsyncLoadingExtraTime:15.0]]
LogConfig: Setting CVar [[s.LevelStreamingActorsUpdateTimeLimit:5.0]]
LogConfig: Setting CVar [[s.PriorityLevelStreamingActorsUpdateExtraTime:5.0]]
LogConfig: Setting CVar [[s.LevelStreamingComponentsRegistrationGranularity:10]]
LogConfig: Setting CVar [[s.UnregisterComponentsTimeLimit:1.0]]
LogConfig: Setting CVar [[s.LevelStreamingComponentsUnregistrationGranularity:5]]
LogConfig: Setting CVar [[s.FlushStreamingOnExit:1]]
LogInit: Object subsystem initialized
LogConfig: Setting CVar [[con.DebugEarlyDefault:1]]
LogConfig: Setting CVar [[r.setres:1280x720]]
[2021.06.08-11.39.17:442][  0]LogConfig: Setting CVar [[r.VSync:0]]
[2021.06.08-11.39.17:442][  0]LogConfig: Setting CVar [[r.RHICmdBypass:0]]
[2021.06.08-11.39.17:443][  0]LogConfig: Applying CVar settings from Section [/Script/Engine.RendererSettings] File [D:/DW/Documents/GitHub/TDMDeathmatch/TDMDeathmatch/Saved/Config/Windows/Engine.ini]
[2021.06.08-11.39.17:443][  0]LogConfig: Setting CVar [[r.GPUCrashDebugging:0]]
[2021.06.08-11.39.17:443][  0]LogConfig: Applying CVar settings from Section [/Script/Engine.RendererOverrideSettings] File [D:/DW/Documents/GitHub/TDMDeathmatch/TDMDeathmatch/Saved/Config/Windows/Engine.ini]
[2021.06.08-11.39.17:443][  0]LogConfig: Applying CVar settings from Section [/Script/Engine.StreamingSettings] File [D:/DW/Documents/GitHub/TDMDeathmatch/TDMDeathmatch/Saved/Config/Windows/Engine.ini]
[2021.06.08-11.39.17:443][  0]LogConfig: Setting CVar [[s.MinBulkDataSizeForAsyncLoading:131072]]
[2021.06.08-11.39.17:443][  0]LogConfig: Setting CVar [[s.AsyncLoadingThreadEnabled:0]]
[2021.06.08-11.39.17:443][  0]LogConfig: Setting CVar [[s.EventDrivenLoaderEnabled:1]]
[2021.06.08-11.39.17:443][  0]LogConfig: Setting CVar [[s.WarnIfTimeLimitExceeded:0]]
[2021.06.08-11.39.17:443][  0]LogConfig: Setting CVar [[s.TimeLimitExceededMultiplier:1.5]]
[2021.06.08-11.39.17:443][  0]LogConfig: Setting CVar [[s.TimeLimitExceededMinTime:0.005]]
[2021.06.08-11.39.17:443][  0]LogConfig: Setting CVar [[s.UseBackgroundLevelStreaming:1]]
[2021.06.08-11.39.17:443][  0]LogConfig: Setting CVar [[s.PriorityAsyncLoadingExtraTime:15.0]]
[2021.06.08-11.39.17:443][  0]LogConfig: Setting CVar [[s.LevelStreamingActorsUpdateTimeLimit:5.0]]
[2021.06.08-11.39.17:443][  0]LogConfig: Setting CVar [[s.PriorityLevelStreamingActorsUpdateExtraTime:5.0]]
[2021.06.08-11.39.17:443][  0]LogConfig: Setting CVar [[s.LevelStreamingComponentsRegistrationGranularity:10]]
[2021.06.08-11.39.17:443][  0]LogConfig: Setting CVar [[s.UnregisterComponentsTimeLimit:1.0]]
[2021.06.08-11.39.17:443][  0]LogConfig: Setting CVar [[s.LevelStreamingComponentsUnregistrationGranularity:5]]
[2021.06.08-11.39.17:443][  0]LogConfig: Setting CVar [[s.FlushStreamingOnExit:1]]
[2021.06.08-11.39.17:443][  0]LogConfig: Applying CVar settings from Section [/Script/Engine.GarbageCollectionSettings] File [D:/DW/Documents/GitHub/TDMDeathmatch/TDMDeathmatch/Saved/Config/Windows/Engine.ini]
[2021.06.08-11.39.17:443][  0]LogConfig: Setting CVar [[gc.MaxObjectsNotConsideredByGC:1]]
[2021.06.08-11.39.17:443][  0]LogConfig: Setting CVar [[gc.SizeOfPermanentObjectPool:0]]
[2021.06.08-11.39.17:443][  0]LogConfig: Setting CVar [[gc.FlushStreamingOnGC:0]]
[2021.06.08-11.39.17:443][  0]LogConfig: Setting CVar [[gc.NumRetriesBeforeForcingGC:10]]
[2021.06.08-11.39.17:443][  0]LogConfig: Setting CVar [[gc.AllowParallelGC:1]]
[2021.06.08-11.39.17:444][  0]LogConfig: Setting CVar [[gc.TimeBetweenPurgingPendingKillObjects:61.1]]
[2021.06.08-11.39.17:444][  0]LogConfig: Setting CVar [[gc.MaxObjectsInEditor:25165824]]
[2021.06.08-11.39.17:444][  0]LogConfig: Setting CVar [[gc.IncrementalBeginDestroyEnabled:1]]
[2021.06.08-11.39.17:444][  0]LogConfig: Setting CVar [[gc.CreateGCClusters:1]]
[2021.06.08-11.39.17:444][  0]LogConfig: Setting CVar [[gc.MinGCClusterSize:5]]
[2021.06.08-11.39.17:444][  0]LogConfig: Setting CVar [[gc.ActorClusteringEnabled:0]]
[2021.06.08-11.39.17:444][  0]LogConfig: Setting CVar [[gc.BlueprintClusteringEnabled:0]]
[2021.06.08-11.39.17:444][  0]LogConfig: Setting CVar [[gc.UseDisregardForGCOnDedicatedServers:0]]
[2021.06.08-11.39.17:444][  0]LogConfig: Applying CVar settings from Section [/Script/Engine.NetworkSettings] File [D:/DW/Documents/GitHub/TDMDeathmatch/TDMDeathmatch/Saved/Config/Windows/Engine.ini]
[2021.06.08-11.39.17:444][  0]LogConfig: Applying CVar settings from Section [/Script/UnrealEd.CookerSettings] File [D:/DW/Documents/GitHub/TDMDeathmatch/TDMDeathmatch/Saved/Config/Windows/Engine.ini]
[2021.06.08-11.39.17:451][  0]LogConfig: Applying CVar settings from Section [ViewDistanceQuality@3] File [D:/DW/Documents/GitHub/TDMDeathmatch/TDMDeathmatch/Saved/Config/Windows/Scalability.ini]
[2021.06.08-11.39.17:451][  0]LogConfig: Setting CVar [[r.SkeletalMeshLODBias:0]]
[2021.06.08-11.39.17:451][  0]LogConfig: Setting CVar [[r.ViewDistanceScale:1.0]]
[2021.06.08-11.39.17:451][  0]LogConfig: Applying CVar settings from Section [AntiAliasingQuality@3] File [D:/DW/Documents/GitHub/TDMDeathmatch/TDMDeathmatch/Saved/Config/Windows/Scalability.ini]
[2021.06.08-11.39.17:451][  0]LogConfig: Setting CVar [[r.PostProcessAAQuality:4]]
[2021.06.08-11.39.17:451][  0]LogConfig: Applying CVar settings from Section [ShadowQuality@3] File [D:/DW/Documents/GitHub/TDMDeathmatch/TDMDeathmatch/Saved/Config/Windows/Scalability.ini]
[2021.06.08-11.39.17:451][  0]LogConfig: Setting CVar [[r.LightFunctionQuality:1]]
[2021.06.08-11.39.17:451][  0]LogConfig: Setting CVar [[r.ShadowQuality:5]]
[2021.06.08-11.39.17:451][  0]LogConfig: Setting CVar [[r.Shadow.CSM.MaxCascades:10]]
[2021.06.08-11.39.17:451][  0]LogConfig: Setting CVar [[r.Shadow.MaxResolution:2048]]
[2021.06.08-11.39.17:451][  0]LogConfig: Setting CVar [[r.Shadow.MaxCSMResolution:2048]]
[2021.06.08-11.39.17:451][  0]LogConfig: Setting CVar [[r.Shadow.RadiusThreshold:0.01]]
[2021.06.08-11.39.17:451][  0]LogConfig: Setting CVar [[r.Shadow.DistanceScale:1.0]]
[2021.06.08-11.39.17:451][  0]LogConfig: Setting CVar [[r.Shadow.CSM.TransitionScale:1.0]]
[2021.06.08-11.39.17:451][  0]LogConfig: Setting CVar [[r.Shadow.PreShadowResolutionFactor:1.0]]
[2021.06.08-11.39.17:451][  0]LogConfig: Setting CVar [[r.DistanceFieldShadowing:1]]
[2021.06.08-11.39.17:451][  0]LogConfig: Setting CVar [[r.DistanceFieldAO:1]]
[2021.06.08-11.39.17:451][  0]LogConfig: Setting CVar [[r.AOQuality:2]]
[2021.06.08-11.39.17:451][  0]LogConfig: Setting CVar [[r.VolumetricFog:1]]
[2021.06.08-11.39.17:451][  0]LogConfig: Setting CVar [[r.VolumetricFog.GridPixelSize:8]]
[2021.06.08-11.39.17:451][  0]LogConfig: Setting CVar [[r.VolumetricFog.GridSizeZ:128]]
[2021.06.08-11.39.17:451][  0]LogConfig: Setting CVar [[r.VolumetricFog.HistoryMissSupersampleCount:4]]
[2021.06.08-11.39.17:451][  0]LogConfig: Setting CVar [[r.LightMaxDrawDistanceScale:1]]
[2021.06.08-11.39.17:452][  0]LogConfig: Setting CVar [[r.CapsuleShadows:1]]
[2021.06.08-11.39.17:452][  0]LogConfig: Applying CVar settings from Section [PostProcessQuality@3] File [D:/DW/Documents/GitHub/TDMDeathmatch/TDMDeathmatch/Saved/Config/Windows/Scalability.ini]
[2021.06.08-11.39.17:452][  0]LogConfig: Setting CVar [[r.MotionBlurQuality:4]]
[2021.06.08-11.39.17:452][  0]LogConfig: Setting CVar [[r.AmbientOcclusionMipLevelFactor:0.4]]
[2021.06.08-11.39.17:452][  0]LogConfig: Setting CVar [[r.AmbientOcclusionMaxQuality:100]]
[2021.06.08-11.39.17:452][  0]LogConfig: Setting CVar [[r.AmbientOcclusionLevels:-1]]
[2021.06.08-11.39.17:452][  0]LogConfig: Setting CVar [[r.AmbientOcclusionRadiusScale:1.0]]
[2021.06.08-11.39.17:452][  0]LogConfig: Setting CVar [[r.DepthOfFieldQuality:2]]
[2021.06.08-11.39.17:452][  0]LogConfig: Setting CVar [[r.RenderTargetPoolMin:400]]
[2021.06.08-11.39.17:452][  0]LogConfig: Setting CVar [[r.LensFlareQuality:2]]
[2021.06.08-11.39.17:452][  0]LogConfig: Setting CVar [[r.SceneColorFringeQuality:1]]
[2021.06.08-11.39.17:452][  0]LogConfig: Setting CVar [[r.EyeAdaptationQuality:2]]
[2021.06.08-11.39.17:452][  0]LogConfig: Setting CVar [[r.BloomQuality:5]]
[2021.06.08-11.39.17:452][  0]LogConfig: Setting CVar [[r.FastBlurThreshold:100]]
[2021.06.08-11.39.17:452][  0]LogConfig: Setting CVar [[r.Upscale.Quality:3]]
[2021.06.08-11.39.17:452][  0]LogConfig: Setting CVar [[r.Tonemapper.GrainQuantization:1]]
[2021.06.08-11.39.17:452][  0]LogConfig: Setting CVar [[r.LightShaftQuality:1]]
[2021.06.08-11.39.17:452][  0]LogConfig: Setting CVar [[r.Filter.SizeScale:1]]
[2021.06.08-11.39.17:452][  0]LogConfig: Setting CVar [[r.Tonemapper.Quality:5]]
[2021.06.08-11.39.17:452][  0]LogConfig: Setting CVar [[r.DOF.Gather.AccumulatorQuality:1        ; higher gathering accumulator quality]]
[2021.06.08-11.39.17:452][  0]LogConfig: Setting CVar [[r.DOF.Gather.PostfilterMethod:1          ; Median3x3 postfilering method]]
[2021.06.08-11.39.17:452][  0]LogConfig: Setting CVar [[r.DOF.Gather.EnableBokehSettings:0       ; no bokeh simulation when gathering]]
[2021.06.08-11.39.17:452][  0]LogConfig: Setting CVar [[r.DOF.Gather.RingCount:4                 ; medium number of samples when gathering]]
[2021.06.08-11.39.17:452][  0]LogConfig: Setting CVar [[r.DOF.Scatter.ForegroundCompositing:1    ; additive foreground scattering]]
[2021.06.08-11.39.17:452][  0]LogConfig: Setting CVar [[r.DOF.Scatter.BackgroundCompositing:2    ; additive background scattering]]
[2021.06.08-11.39.17:452][  0]LogConfig: Setting CVar [[r.DOF.Scatter.EnableBokehSettings:1      ; bokeh simulation when scattering]]
[2021.06.08-11.39.17:452][  0]LogConfig: Setting CVar [[r.DOF.Scatter.MaxSpriteRatio:0.1         ; only a maximum of 10% of scattered bokeh]]
[2021.06.08-11.39.17:452][  0]LogConfig: Setting CVar [[r.DOF.Recombine.Quality:1                ; cheap slight out of focus]]
[2021.06.08-11.39.17:452][  0]LogConfig: Setting CVar [[r.DOF.Recombine.EnableBokehSettings:0    ; no bokeh simulation on slight out of focus]]
[2021.06.08-11.39.17:452][  0]LogConfig: Setting CVar [[r.DOF.TemporalAAQuality:1                ; more stable temporal accumulation]]
[2021.06.08-11.39.17:452][  0]LogConfig: Setting CVar [[r.DOF.Kernel.MaxForegroundRadius:0.025]]
[2021.06.08-11.39.17:452][  0]LogConfig: Setting CVar [[r.DOF.Kernel.MaxBackgroundRadius:0.025]]
[2021.06.08-11.39.17:452][  0]LogConfig: Applying CVar settings from Section [TextureQuality@3] File [D:/DW/Documents/GitHub/TDMDeathmatch/TDMDeathmatch/Saved/Config/Windows/Scalability.ini]
[2021.06.08-11.39.17:452][  0]LogConfig: Setting CVar [[r.Streaming.MipBias:0]]
[2021.06.08-11.39.17:452][  0]LogConfig: Setting CVar [[r.Streaming.AmortizeCPUToGPUCopy:0]]
[2021.06.08-11.39.17:452][  0]LogConfig: Setting CVar [[r.Streaming.MaxNumTexturesToStreamPerFrame:0]]
[2021.06.08-11.39.17:452][  0]LogConfig: Setting CVar [[r.Streaming.Boost:1]]
[2021.06.08-11.39.17:452][  0]LogConfig: Setting CVar [[r.MaxAnisotropy:8]]
[2021.06.08-11.39.17:452][  0]LogConfig: Setting CVar [[r.VT.MaxAnisotropy:8]]
[2021.06.08-11.39.17:452][  0]LogConfig: Setting CVar [[r.Streaming.LimitPoolSizeToVRAM:0]]
[2021.06.08-11.39.17:452][  0]LogConfig: Setting CVar [[r.Streaming.PoolSize:1000]]
[2021.06.08-11.39.17:452][  0]LogConfig: Setting CVar [[r.Streaming.MaxEffectiveScreenSize:0]]
[2021.06.08-11.39.17:452][  0]LogConfig: Applying CVar settings from Section [EffectsQuality@3] File [D:/DW/Documents/GitHub/TDMDeathmatch/TDMDeathmatch/Saved/Config/Windows/Scalability.ini]
[2021.06.08-11.39.17:452][  0]LogConfig: Setting CVar [[r.TranslucencyLightingVolumeDim:64]]
[2021.06.08-11.39.17:452][  0]LogConfig: Setting CVar [[r.RefractionQuality:2]]
[2021.06.08-11.39.17:452][  0]LogConfig: Setting CVar [[r.SSR.Quality:3]]
[2021.06.08-11.39.17:452][  0]LogConfig: Setting CVar [[r.SSR.HalfResSceneColor:0]]
[2021.06.08-11.39.17:452][  0]LogConfig: Setting CVar [[r.SceneColorFormat:4]]
[2021.06.08-11.39.17:452][  0]LogConfig: Setting CVar [[r.DetailMode:2]]
[2021.06.08-11.39.17:452][  0]LogConfig: Setting CVar [[r.TranslucencyVolumeBlur:1]]
[2021.06.08-11.39.17:452][  0]LogConfig: Setting CVar [[r.MaterialQualityLevel:1 ; High quality]]
[2021.06.08-11.39.17:452][  0]LogConfig: Setting CVar [[r.SSS.Scale:1]]
[2021.06.08-11.39.17:452][  0]LogConfig: Setting CVar [[r.SSS.SampleSet:2]]
[2021.06.08-11.39.17:452][  0]LogConfig: Setting CVar [[r.SSS.Quality:1]]
[2021.06.08-11.39.17:452][  0]LogConfig: Setting CVar [[r.SSS.HalfRes:0]]
[2021.06.08-11.39.17:452][  0]LogConfig: Setting CVar [[r.SSGI.Quality:3]]
[2021.06.08-11.39.17:452][  0]LogConfig: Setting CVar [[r.EmitterSpawnRateScale:1.0]]
[2021.06.08-11.39.17:452][  0]LogConfig: Setting CVar [[r.ParticleLightQuality:2]]
[2021.06.08-11.39.17:452][  0]LogConfig: Setting CVar [[r.SkyAtmosphere.AerialPerspectiveLUT.FastApplyOnOpaque:1 ; Always have FastSkyLUT 1 in this case to avoid wrong sky]]
[2021.06.08-11.39.17:453][  0]LogConfig: Setting CVar [[r.SkyAtmosphere.AerialPerspectiveLUT.SampleCountPerSlice:1]]
[2021.06.08-11.39.17:453][  0]LogConfig: Setting CVar [[r.SkyAtmosphere.AerialPerspectiveLUT.DepthResolution:16.0]]
[2021.06.08-11.39.17:453][  0]LogConfig: Setting CVar [[r.SkyAtmosphere.FastSkyLUT:1]]
[2021.06.08-11.39.17:453][  0]LogConfig: Setting CVar [[r.SkyAtmosphere.FastSkyLUT.SampleCountMin:4.0]]
[2021.06.08-11.39.17:453][  0]LogConfig: Setting CVar [[r.SkyAtmosphere.FastSkyLUT.SampleCountMax:32.0]]
[2021.06.08-11.39.17:453][  0]LogConfig: Setting CVar [[r.SkyAtmosphere.SampleCountMin:4.0]]
[2021.06.08-11.39.17:453][  0]LogConfig: Setting CVar [[r.SkyAtmosphere.SampleCountMax:32.0]]
[2021.06.08-11.39.17:453][  0]LogConfig: Setting CVar [[r.SkyAtmosphere.TransmittanceLUT.UseSmallFormat:0]]
[2021.06.08-11.39.17:453][  0]LogConfig: Setting CVar [[r.SkyAtmosphere.TransmittanceLUT.SampleCount:10.0]]
[2021.06.08-11.39.17:453][  0]LogConfig: Setting CVar [[r.SkyAtmosphere.MultiScatteringLUT.SampleCount:15.0]]
[2021.06.08-11.39.17:453][  0]LogConfig: Applying CVar settings from Section [FoliageQuality@3] File [D:/DW/Documents/GitHub/TDMDeathmatch/TDMDeathmatch/Saved/Config/Windows/Scalability.ini]
[2021.06.08-11.39.17:453][  0]LogConfig: Setting CVar [[foliage.DensityScale:1.0]]
[2021.06.08-11.39.17:453][  0]LogConfig: Setting CVar [[grass.DensityScale:1.0]]
[2021.06.08-11.39.17:453][  0]LogConfig: Applying CVar settings from Section [ShadingQuality@3] File [D:/DW/Documents/GitHub/TDMDeathmatch/TDMDeathmatch/Saved/Config/Windows/Scalability.ini]
[2021.06.08-11.39.17:453][  0]LogConfig: Setting CVar [[r.HairStrands.SkyLighting.SampleCount:16]]
[2021.06.08-11.39.17:453][  0]LogConfig: Setting CVar [[r.HairStrands.SkyLighting.JitterIntegration:0]]
[2021.06.08-11.39.17:453][  0]LogConfig: Setting CVar [[r.HairStrands.SkyAO.SampleCount:16]]
[2021.06.08-11.39.17:453][  0]LogConfig: Setting CVar [[r.HairStrands.DeepShadow.SuperSampling:0]]
[2021.06.08-11.39.17:453][  0]LogConfig: Setting CVar [[r.HairStrands.VisibilityPPLL:0]]
[2021.06.08-11.39.17:453][  0]LogConfig: Setting CVar [[r.HairStrands.RasterizationScale:0.5]]
[2021.06.08-11.39.17:453][  0]LogConfig: Setting CVar [[r.HairStrands.VelocityRasterizationScale:1]]
[2021.06.08-11.39.17:454][  0]LogInit: Selected Device Profile: [Windows]
[2021.06.08-11.39.17:454][  0]LogInit: Applying CVar settings loaded from the selected device profile: [Windows]
[2021.06.08-11.39.17:455][  0]LogHAL: Display: Platform has ~ 16 GB [17059516416 / 17179869184 / 16], which maps to Larger [LargestMinGB=32, LargerMinGB=12, DefaultMinGB=8, SmallerMinGB=6, SmallestMinGB=0)
[2021.06.08-11.39.17:455][  0]LogInit: Going up to parent DeviceProfile []
[2021.06.08-11.39.17:456][  0]LogConfig: Applying CVar settings from Section [ViewDistanceQuality@2] File [D:/DW/Documents/GitHub/TDMDeathmatch/TDMDeathmatch/Saved/Config/Windows/Scalability.ini]
[2021.06.08-11.39.17:456][  0]LogConfig: Setting CVar [[r.SkeletalMeshLODBias:0]]
[2021.06.08-11.39.17:456][  0]LogConfig: Setting CVar [[r.ViewDistanceScale:0.8]]
[2021.06.08-11.39.17:456][  0]LogConfig: Applying CVar settings from Section [AntiAliasingQuality@2] File [D:/DW/Documents/GitHub/TDMDeathmatch/TDMDeathmatch/Saved/Config/Windows/Scalability.ini]
[2021.06.08-11.39.17:456][  0]LogConfig: Setting CVar [[r.PostProcessAAQuality:3]]
[2021.06.08-11.39.17:456][  0]LogConfig: Applying CVar settings from Section [ShadowQuality@2] File [D:/DW/Documents/GitHub/TDMDeathmatch/TDMDeathmatch/Saved/Config/Windows/Scalability.ini]
[2021.06.08-11.39.17:456][  0]LogConfig: Setting CVar [[r.LightFunctionQuality:1]]
[2021.06.08-11.39.17:456][  0]LogConfig: Setting CVar [[r.ShadowQuality:5]]
[2021.06.08-11.39.17:456][  0]LogConfig: Setting CVar [[r.Shadow.CSM.MaxCascades:4]]
[2021.06.08-11.39.17:456][  0]LogConfig: Setting CVar [[r.Shadow.MaxResolution:1024]]
[2021.06.08-11.39.17:456][  0]LogConfig: Setting CVar [[r.Shadow.MaxCSMResolution:2048]]
[2021.06.08-11.39.17:456][  0]LogConfig: Setting CVar [[r.Shadow.RadiusThreshold:0.04]]
[2021.06.08-11.39.17:456][  0]LogConfig: Setting CVar [[r.Shadow.DistanceScale:0.85]]
[2021.06.08-11.39.17:456][  0]LogConfig: Setting CVar [[r.Shadow.CSM.TransitionScale:0.8]]
[2021.06.08-11.39.17:456][  0]LogConfig: Setting CVar [[r.Shadow.PreShadowResolutionFactor:0.5]]
[2021.06.08-11.39.17:456][  0]LogConfig: Setting CVar [[r.DistanceFieldShadowing:1]]
[2021.06.08-11.39.17:456][  0]LogConfig: Setting CVar [[r.DistanceFieldAO:1]]
[2021.06.08-11.39.17:456][  0]LogConfig: Setting CVar [[r.AOQuality:1]]
[2021.06.08-11.39.17:456][  0]LogConfig: Setting CVar [[r.VolumetricFog:1]]
[2021.06.08-11.39.17:456][  0]LogConfig: Setting CVar [[r.VolumetricFog.GridPixelSize:16]]
[2021.06.08-11.39.17:456][  0]LogConfig: Setting CVar [[r.VolumetricFog.GridSizeZ:64]]
[2021.06.08-11.39.17:456][  0]LogConfig: Setting CVar [[r.VolumetricFog.HistoryMissSupersampleCount:4]]
[2021.06.08-11.39.17:456][  0]LogConfig: Setting CVar [[r.LightMaxDrawDistanceScale:1]]
[2021.06.08-11.39.17:456][  0]LogConfig: Setting CVar [[r.CapsuleShadows:1]]
[2021.06.08-11.39.17:456][  0]LogConfig: Applying CVar settings from Section [PostProcessQuality@2] File [D:/DW/Documents/GitHub/TDMDeathmatch/TDMDeathmatch/Saved/Config/Windows/Scalability.ini]
[2021.06.08-11.39.17:456][  0]LogConfig: Setting CVar [[r.MotionBlurQuality:3]]
[2021.06.08-11.39.17:456][  0]LogConfig: Setting CVar [[r.AmbientOcclusionMipLevelFactor:0.6]]
[2021.06.08-11.39.17:456][  0]LogConfig: Setting CVar [[r.AmbientOcclusionMaxQuality:100]]
[2021.06.08-11.39.17:456][  0]LogConfig: Setting CVar [[r.AmbientOcclusionLevels:-1]]
[2021.06.08-11.39.17:456][  0]LogConfig: Setting CVar [[r.AmbientOcclusionRadiusScale:1.5]]
[2021.06.08-11.39.17:456][  0]LogConfig: Setting CVar [[r.DepthOfFieldQuality:2]]
[2021.06.08-11.39.17:456][  0]LogConfig: Setting CVar [[r.RenderTargetPoolMin:400]]
[2021.06.08-11.39.17:456][  0]LogConfig: Setting CVar [[r.LensFlareQuality:2]]
[2021.06.08-11.39.17:456][  0]LogConfig: Setting CVar [[r.SceneColorFringeQuality:1]]
[2021.06.08-11.39.17:456][  0]LogConfig: Setting CVar [[r.EyeAdaptationQuality:2]]
[2021.06.08-11.39.17:456][  0]LogConfig: Setting CVar [[r.BloomQuality:5]]
[2021.06.08-11.39.17:456][  0]LogConfig: Setting CVar [[r.FastBlurThreshold:3]]
[2021.06.08-11.39.17:456][  0]LogConfig: Setting CVar [[r.Upscale.Quality:2]]
[2021.06.08-11.39.17:456][  0]LogConfig: Setting CVar [[r.Tonemapper.GrainQuantization:1]]
[2021.06.08-11.39.17:456][  0]LogConfig: Setting CVar [[r.LightShaftQuality:1]]
[2021.06.08-11.39.17:456][  0]LogConfig: Setting CVar [[r.Filter.SizeScale:0.8]]
[2021.06.08-11.39.17:456][  0]LogConfig: Setting CVar [[r.Tonemapper.Quality:5]]
[2021.06.08-11.39.17:456][  0]LogConfig: Setting CVar [[r.DOF.Gather.AccumulatorQuality:0        ; lower gathering accumulator quality]]
[2021.06.08-11.39.17:456][  0]LogConfig: Setting CVar [[r.DOF.Gather.PostfilterMethod:2          ; Max3x3 postfilering method]]
[2021.06.08-11.39.17:456][  0]LogConfig: Setting CVar [[r.DOF.Gather.EnableBokehSettings:0       ; no bokeh simulation when gathering]]
[2021.06.08-11.39.17:456][  0]LogConfig: Setting CVar [[r.DOF.Gather.RingCount:4                 ; medium number of samples when gathering]]
[2021.06.08-11.39.17:456][  0]LogConfig: Setting CVar [[r.DOF.Scatter.ForegroundCompositing:1    ; additive foreground scattering]]
[2021.06.08-11.39.17:456][  0]LogConfig: Setting CVar [[r.DOF.Scatter.BackgroundCompositing:1    ; no background occlusion]]
[2021.06.08-11.39.17:456][  0]LogConfig: Setting CVar [[r.DOF.Scatter.EnableBokehSettings:0      ; no bokeh simulation when scattering]]
[2021.06.08-11.39.17:456][  0]LogConfig: Setting CVar [[r.DOF.Scatter.MaxSpriteRatio:0.04        ; only a maximum of 4% of scattered bokeh]]
[2021.06.08-11.39.17:456][  0]LogConfig: Setting CVar [[r.DOF.Recombine.Quality:0                ; no slight out of focus]]
[2021.06.08-11.39.17:456][  0]LogConfig: Setting CVar [[r.DOF.TemporalAAQuality:0                ; faster temporal accumulation]]
[2021.06.08-11.39.17:456][  0]LogConfig: Setting CVar [[r.DOF.Kernel.MaxForegroundRadius:0.012   ; required because of AccumulatorQuality=0]]
[2021.06.08-11.39.17:456][  0]LogConfig: Setting CVar [[r.DOF.Kernel.MaxBackgroundRadius:0.012   ; required because of AccumulatorQuality=0]]
[2021.06.08-11.39.17:456][  0]LogConfig: Applying CVar settings from Section [TextureQuality@2] File [D:/DW/Documents/GitHub/TDMDeathmatch/TDMDeathmatch/Saved/Config/Windows/Scalability.ini]
[2021.06.08-11.39.17:456][  0]LogConfig: Setting CVar [[r.Streaming.MipBias:0]]
[2021.06.08-11.39.17:456][  0]LogConfig: Setting CVar [[r.Streaming.AmortizeCPUToGPUCopy:0]]
[2021.06.08-11.39.17:456][  0]LogConfig: Setting CVar [[r.Streaming.MaxNumTexturesToStreamPerFrame:0]]
[2021.06.08-11.39.17:456][  0]LogConfig: Setting CVar [[r.Streaming.Boost:1]]
[2021.06.08-11.39.17:456][  0]LogConfig: Setting CVar [[r.MaxAnisotropy:4]]
[2021.06.08-11.39.17:457][  0]LogConfig: Setting CVar [[r.VT.MaxAnisotropy:8]]
[2021.06.08-11.39.17:457][  0]LogConfig: Setting CVar [[r.Streaming.LimitPoolSizeToVRAM:1]]
[2021.06.08-11.39.17:457][  0]LogConfig: Setting CVar [[r.Streaming.PoolSize:800]]
[2021.06.08-11.39.17:457][  0]LogConfig: Setting CVar [[r.Streaming.MaxEffectiveScreenSize:0]]
[2021.06.08-11.39.17:457][  0]LogConfig: Applying CVar settings from Section [EffectsQuality@2] File [D:/DW/Documents/GitHub/TDMDeathmatch/TDMDeathmatch/Saved/Config/Windows/Scalability.ini]
[2021.06.08-11.39.17:457][  0]LogConfig: Setting CVar [[r.TranslucencyLightingVolumeDim:48]]
[2021.06.08-11.39.17:457][  0]LogConfig: Setting CVar [[r.RefractionQuality:2]]
[2021.06.08-11.39.17:457][  0]LogConfig: Setting CVar [[r.SSR.Quality:2]]
[2021.06.08-11.39.17:457][  0]LogConfig: Setting CVar [[r.SSR.HalfResSceneColor:1]]
[2021.06.08-11.39.17:457][  0]LogConfig: Setting CVar [[r.SceneColorFormat:3]]
[2021.06.08-11.39.17:457][  0]LogConfig: Setting CVar [[r.DetailMode:1]]
[2021.06.08-11.39.17:457][  0]LogConfig: Setting CVar [[r.TranslucencyVolumeBlur:1]]
[2021.06.08-11.39.17:457][  0]LogConfig: Setting CVar [[r.MaterialQualityLevel:1 ; High quality]]
[2021.06.08-11.39.17:457][  0]LogConfig: Setting CVar [[r.SSS.Scale:1]]
[2021.06.08-11.39.17:457][  0]LogConfig: Setting CVar [[r.SSS.SampleSet:1]]
[2021.06.08-11.39.17:457][  0]LogConfig: Setting CVar [[r.SSS.Quality:-1]]
[2021.06.08-11.39.17:457][  0]LogConfig: Setting CVar [[r.SSS.HalfRes:1]]
[2021.06.08-11.39.17:457][  0]LogConfig: Setting CVar [[r.SSGI.Quality:2]]
[2021.06.08-11.39.17:457][  0]LogConfig: Setting CVar [[r.EmitterSpawnRateScale:0.5]]
[2021.06.08-11.39.17:457][  0]LogConfig: Setting CVar [[r.ParticleLightQuality:1]]
[2021.06.08-11.39.17:457][  0]LogConfig: Setting CVar [[r.SkyAtmosphere.AerialPerspectiveLUT.FastApplyOnOpaque:1 ; Always have FastSkyLUT 1 in this case to avoid wrong sky]]
[2021.06.08-11.39.17:457][  0]LogConfig: Setting CVar [[r.SkyAtmosphere.AerialPerspectiveLUT.SampleCountPerSlice:1]]
[2021.06.08-11.39.17:457][  0]LogConfig: Setting CVar [[r.SkyAtmosphere.AerialPerspectiveLUT.DepthResolution:16.0]]
[2021.06.08-11.39.17:457][  0]LogConfig: Setting CVar [[r.SkyAtmosphere.FastSkyLUT:1]]
[2021.06.08-11.39.17:457][  0]LogConfig: Setting CVar [[r.SkyAtmosphere.FastSkyLUT.SampleCountMin:4.0]]
[2021.06.08-11.39.17:457][  0]LogConfig: Setting CVar [[r.SkyAtmosphere.FastSkyLUT.SampleCountMax:32.0]]
[2021.06.08-11.39.17:457][  0]LogConfig: Setting CVar [[r.SkyAtmosphere.SampleCountMin:4.0]]
[2021.06.08-11.39.17:457][  0]LogConfig: Setting CVar [[r.SkyAtmosphere.SampleCountMax:32.0]]
[2021.06.08-11.39.17:457][  0]LogConfig: Setting CVar [[r.SkyAtmosphere.TransmittanceLUT.UseSmallFormat:0]]
[2021.06.08-11.39.17:457][  0]LogConfig: Setting CVar [[r.SkyAtmosphere.TransmittanceLUT.SampleCount:10.0]]
[2021.06.08-11.39.17:457][  0]LogConfig: Setting CVar [[r.SkyAtmosphere.MultiScatteringLUT.SampleCount:15.0]]
[2021.06.08-11.39.17:457][  0]LogConfig: Applying CVar settings from Section [FoliageQuality@2] File [D:/DW/Documents/GitHub/TDMDeathmatch/TDMDeathmatch/Saved/Config/Windows/Scalability.ini]
[2021.06.08-11.39.17:457][  0]LogConfig: Setting CVar [[foliage.DensityScale:0.8]]
[2021.06.08-11.39.17:457][  0]LogConfig: Setting CVar [[grass.DensityScale:0.8]]
[2021.06.08-11.39.17:457][  0]LogConfig: Applying CVar settings from Section [ShadingQuality@2] File [D:/DW/Documents/GitHub/TDMDeathmatch/TDMDeathmatch/Saved/Config/Windows/Scalability.ini]
[2021.06.08-11.39.17:457][  0]LogConfig: Setting CVar [[r.HairStrands.SkyLighting.SampleCount:16]]
[2021.06.08-11.39.17:457][  0]LogConfig: Setting CVar [[r.HairStrands.SkyLighting.JitterIntegration:0]]
[2021.06.08-11.39.17:457][  0]LogConfig: Setting CVar [[r.HairStrands.SkyAO.SampleCount:16]]
[2021.06.08-11.39.17:457][  0]LogConfig: Setting CVar [[r.HairStrands.DeepShadow.SuperSampling:0]]
[2021.06.08-11.39.17:457][  0]LogConfig: Setting CVar [[r.HairStrands.VisibilityPPLL:0]]
[2021.06.08-11.39.17:457][  0]LogConfig: Setting CVar [[r.HairStrands.RasterizationScale:0.5]]
[2021.06.08-11.39.17:457][  0]LogConfig: Setting CVar [[r.HairStrands.VelocityRasterizationScale:1]]
[2021.06.08-11.39.17:458][  0]LogConfig: Applying CVar settings from Section [Startup] File [../../../Engine/Config/ConsoleVariables.ini]
[2021.06.08-11.39.17:458][  0]LogConfig: Setting CVar [[net.UseAdaptiveNetUpdateFrequency:0]]
[2021.06.08-11.39.17:458][  0]LogConfig: Setting CVar [[p.chaos.AllowCreatePhysxBodies:1]]
[2021.06.08-11.39.17:458][  0]LogConfig: Setting CVar [[fx.SkipVectorVMBackendOptimizations:1]]
[2021.06.08-11.39.17:458][  0]LogConfig: Applying CVar settings from Section [ConsoleVariables] File [D:/DW/Documents/GitHub/TDMDeathmatch/TDMDeathmatch/Saved/Config/Windows/Engine.ini]
[2021.06.08-11.39.17:461][  0]LogInit: Computer: LAPTOP-205H8F92
[2021.06.08-11.39.17:462][  0]LogInit: User: DW
[2021.06.08-11.39.17:462][  0]LogInit: CPU Page size=4096, Cores=4
[2021.06.08-11.39.17:462][  0]LogInit: High frequency timer resolution =10.000000 MHz
[2021.06.08-11.39.17:462][  0]LogMemory: Memory total: Physical=15.9GB (16GB approx)
[2021.06.08-11.39.17:462][  0]LogMemory: Platform Memory Stats for Windows
[2021.06.08-11.39.17:462][  0]LogMemory: Process Physical Memory: 115.20 MB used, 115.20 MB peak
[2021.06.08-11.39.17:462][  0]LogMemory: Process Virtual Memory: 100.79 MB used, 100.79 MB peak
[2021.06.08-11.39.17:462][  0]LogMemory: Physical Memory: 9558.66 MB used,  6710.56 MB free, 16269.22 MB total
[2021.06.08-11.39.17:462][  0]LogMemory: Virtual Memory: 5146.84 MB used,  134212584.00 MB free, 134217728.00 MB total
[2021.06.08-11.39.17:476][  0]LogWindows: WindowsPlatformFeatures enabled
[2021.06.08-11.39.17:748][  0]LogInit: Physics initialised using underlying interface: PhysX
[2021.06.08-11.39.17:751][  0]LogInit: Using OS detected language (en-GB).
[2021.06.08-11.39.17:751][  0]LogInit: Using OS detected locale (en-GB).
[2021.06.08-11.39.17:770][  0]LogTextLocalizationManager: No specific localization for 'en-GB' exists, so the 'en' localization will be used.
[2021.06.08-11.39.18:137][  0]LogInit: Setting process to per monitor DPI aware
[2021.06.08-11.39.18:259][  0]LogSlate: New Slate User Created.  User Index 0, Is Virtual User: 0
[2021.06.08-11.39.18:259][  0]LogSlate: Slate User Registered.  User Index 0, Is Virtual User: 0
[2021.06.08-11.39.18:789][  0]LogD3D11RHI: D3D11 min allowed feature level: 11_0
[2021.06.08-11.39.18:789][  0]LogD3D11RHI: D3D11 max allowed feature level: 11_0
[2021.06.08-11.39.18:789][  0]LogD3D11RHI: D3D11 adapters:
[2021.06.08-11.39.18:942][  0]LogD3D11RHI:    0. 'NVIDIA GeForce GTX 1050' (Feature Level 11_0)
[2021.06.08-11.39.18:942][  0]LogD3D11RHI:       4019/0/8134 MB DedicatedVideo/DedicatedSystem/SharedSystem, Outputs:1, VendorId:0x10de
[2021.06.08-11.39.18:988][  0]LogD3D11RHI:    1. 'Intel(R) HD Graphics 630' (Feature Level 11_0)
[2021.06.08-11.39.18:988][  0]LogD3D11RHI:       128/0/8134 MB DedicatedVideo/DedicatedSystem/SharedSystem, Outputs:0, VendorId:0x8086
[2021.06.08-11.39.18:992][  0]LogD3D11RHI:    2. 'Microsoft Basic Render Driver' (Feature Level 11_0)
[2021.06.08-11.39.18:992][  0]LogD3D11RHI:       0/0/8134 MB DedicatedVideo/DedicatedSystem/SharedSystem, Outputs:0, VendorId:0x1414
[2021.06.08-11.39.18:992][  0]LogD3D11RHI: Chosen D3D11 Adapter: 0
[2021.06.08-11.39.19:003][  0]LogD3D11RHI: Creating new Direct3DDevice
[2021.06.08-11.39.19:003][  0]LogD3D11RHI:     GPU DeviceId: 0x1c8d (for the marketing name, search the web for "GPU Device Id")
[2021.06.08-11.39.19:003][  0]LogWindows: EnumDisplayDevices:
[2021.06.08-11.39.19:003][  0]LogWindows:    0. 'Intel(R) HD Graphics 630' (P:1 D:1)
[2021.06.08-11.39.19:004][  0]LogWindows:    1. 'Intel(R) HD Graphics 630' (P:0 D:0)
[2021.06.08-11.39.19:005][  0]LogWindows:    2. 'Intel(R) HD Graphics 630' (P:0 D:0)
[2021.06.08-11.39.19:005][  0]LogWindows:    3. 'NVIDIA GeForce GTX 1050' (P:0 D:0)
[2021.06.08-11.39.19:006][  0]LogWindows: DebugString: PrimaryIsNotTheChoosenAdapter PrimaryIsNotTheChoosenAdapter PrimaryIsNotTheChoosenAdapter 
[2021.06.08-11.39.19:006][  0]LogD3D11RHI:     Adapter Name: NVIDIA GeForce GTX 1050
[2021.06.08-11.39.19:006][  0]LogD3D11RHI:   Driver Version: 461.40 (internal:27.21.14.6140, unified:461.40)
[2021.06.08-11.39.19:006][  0]LogD3D11RHI:      Driver Date: 1-22-2021
[2021.06.08-11.39.19:006][  0]LogRHI: Texture pool is 2813 MB (70% of 4019 MB)
[2021.06.08-11.39.19:132][  0]LogD3D11RHI: RHI has support for 64 bit atomics
[2021.06.08-11.39.19:134][  0]LogD3D11RHI: Async texture creation enabled
[2021.06.08-11.39.19:134][  0]LogD3D11RHI: Array index from any shader is supported
[2021.06.08-11.39.19:191][  0]LogD3D11RHI: GPU Timing Frequency: 1000.000000 (Debug: 2 1)
[2021.06.08-11.39.19:866][  0]LogTargetPlatformManager: Display: Loaded TargetPlatform 'AllDesktop'
[2021.06.08-11.39.19:899][  0]LogTargetPlatformManager: Display: Loaded TargetPlatform 'Android'
[2021.06.08-11.39.19:899][  0]LogTargetPlatformManager: Display: Loaded TargetPlatform 'Android_ASTC'
[2021.06.08-11.39.19:899][  0]LogTargetPlatformManager: Display: Loaded TargetPlatform 'Android_DXT'
[2021.06.08-11.39.19:899][  0]LogTargetPlatformManager: Display: Loaded TargetPlatform 'Android_ETC2'
[2021.06.08-11.39.19:899][  0]LogTargetPlatformManager: Display: Loaded TargetPlatform 'AndroidClient'
[2021.06.08-11.39.19:899][  0]LogTargetPlatformManager: Display: Loaded TargetPlatform 'Android_ASTCClient'
[2021.06.08-11.39.19:899][  0]LogTargetPlatformManager: Display: Loaded TargetPlatform 'Android_DXTClient'
[2021.06.08-11.39.19:899][  0]LogTargetPlatformManager: Display: Loaded TargetPlatform 'Android_ETC2Client'
[2021.06.08-11.39.19:899][  0]LogTargetPlatformManager: Display: Loaded TargetPlatform 'Android_Multi'
[2021.06.08-11.39.19:899][  0]LogTargetPlatformManager: Display: Loaded TargetPlatform 'Android_MultiClient'
[2021.06.08-11.39.19:943][  0]LogTargetPlatformManager: Display: Loaded TargetPlatform 'IOSClient'
[2021.06.08-11.39.19:943][  0]LogTargetPlatformManager: Display: Loaded TargetPlatform 'IOS'
[2021.06.08-11.39.19:961][  0]LogTargetPlatformManager: Display: Loaded TargetPlatform 'Linux'
[2021.06.08-11.39.19:977][  0]LogTargetPlatformManager: Display: Loaded TargetPlatform 'LinuxNoEditor'
[2021.06.08-11.39.19:994][  0]LogTargetPlatformManager: Display: Loaded TargetPlatform 'LinuxClient'
[2021.06.08-11.39.20:010][  0]LogTargetPlatformManager: Display: Loaded TargetPlatform 'LinuxServer'
[2021.06.08-11.39.20:031][  0]LogTargetPlatformManager: Display: Loaded TargetPlatform 'LinuxAArch64NoEditor'
[2021.06.08-11.39.20:047][  0]LogTargetPlatformManager: Display: Loaded TargetPlatform 'LinuxAArch64Client'
[2021.06.08-11.39.20:063][  0]LogTargetPlatformManager: Display: Loaded TargetPlatform 'LinuxAArch64Server'
[2021.06.08-11.39.20:101][  0]LogTargetPlatformManager: Display: Loaded TargetPlatform 'Lumin'
[2021.06.08-11.39.20:101][  0]LogTargetPlatformManager: Display: Loaded TargetPlatform 'LuminClient'
[2021.06.08-11.39.20:127][  0]LogTargetPlatformManager: Display: Loaded TargetPlatform 'TVOSClient'
[2021.06.08-11.39.20:127][  0]LogTargetPlatformManager: Display: Loaded TargetPlatform 'TVOS'
[2021.06.08-11.39.20:145][  0]LogTargetPlatformManager: Display: Loaded TargetPlatform 'WindowsNoEditor'
[2021.06.08-11.39.20:162][  0]LogTargetPlatformManager: Display: Loaded TargetPlatform 'Windows'
[2021.06.08-11.39.20:179][  0]LogTargetPlatformManager: Display: Loaded TargetPlatform 'WindowsClient'
[2021.06.08-11.39.20:193][  0]LogTargetPlatformManager: Display: Loaded TargetPlatform 'WindowsServer'
[2021.06.08-11.39.20:193][  0]LogTargetPlatformManager: Display: Building Assets For Windows
[2021.06.08-11.39.20:244][  0]LogAudioDebug: Display: Lib vorbis DLL was dynamically loaded.
[2021.06.08-11.39.20:463][  0]LogShaderCompilers: Guid format shader working directory is -23 characters bigger than the processId version (../../../../../../DW/Documents/GitHub/TDMDeathmatch/TDMDeathmatch/Intermediate/Shaders/WorkingDirectory/23400/).
[2021.06.08-11.39.20:463][  0]LogShaderCompilers: Cleaned the shader compiler working directory 'C:/Users/DW/AppData/Local/Temp/UnrealShaderWorkingDir/448F7E9041015A842F98F094DC248124/'.
[2021.06.08-11.39.20:465][  0]LogXGEController: Cleaning working directory: C:/Users/DW/AppData/Local/Temp/UnrealXGEWorkingDir/
[2021.06.08-11.39.20:466][  0]LogShaderCompilers: Display: Using XGE Shader Compiler (Interception Interface).
[2021.06.08-11.39.21:590][  0]LogDerivedDataCache: Display: Max Cache Size: 512 MB
[2021.06.08-11.39.22:355][  0]LogDerivedDataCache: Loaded boot cache 0.76s 78MB C:/Users/DW/AppData/Local/UnrealEngine/4.25/DerivedDataCache/Boot.ddc.
[2021.06.08-11.39.22:355][  0]LogDerivedDataCache: Display: Loaded Boot cache: C:/Users/DW/AppData/Local/UnrealEngine/4.25/DerivedDataCache/Boot.ddc
[2021.06.08-11.39.22:355][  0]LogDerivedDataCache: FDerivedDataBackendGraph:  Pak pak cache file ../../../../../../DW/Documents/GitHub/TDMDeathmatch/TDMDeathmatch/DerivedDataCache/DDC.ddp not found, will not use a pak cache.
[2021.06.08-11.39.22:355][  0]LogDerivedDataCache: Unable to find inner node Pak for hierarchical cache Hierarchy.
[2021.06.08-11.39.22:355][  0]LogDerivedDataCache: FDerivedDataBackendGraph:  CompressedPak pak cache file ../../../../../../DW/Documents/GitHub/TDMDeathmatch/TDMDeathmatch/DerivedDataCache/Compressed.ddp not found, will not use a pak cache.
[2021.06.08-11.39.22:355][  0]LogDerivedDataCache: Unable to find inner node CompressedPak for hierarchical cache Hierarchy.
[2021.06.08-11.39.22:371][  0]LogDerivedDataCache: Display: Pak cache opened for reading ../../../Engine/DerivedDataCache/Compressed.ddp.
[2021.06.08-11.39.22:371][  0]LogDerivedDataCache: FDerivedDataBackendGraph:  EnterprisePak pak cache file ../../../Enterprise/DerivedDataCache/Compressed.ddp not found, will not use a pak cache.
[2021.06.08-11.39.22:371][  0]LogDerivedDataCache: Unable to find inner node EnterprisePak for hierarchical cache Hierarchy.
[2021.06.08-11.39.22:374][  0]LogDerivedDataCache: Using Local data cache path C:/Users/DW/AppData/Local/UnrealEngine/Common/DerivedDataCache: Writable
[2021.06.08-11.39.22:374][  0]LogDerivedDataCache: Shared data cache path not found in *engine.ini, will not use an Shared cache.
[2021.06.08-11.39.22:374][  0]LogDerivedDataCache: Unable to find inner node Shared for hierarchical cache Hierarchy.
[2021.06.08-11.39.22:452][  0]LogSlate: Using FreeType 2.10.0
[2021.06.08-11.39.22:457][  0]LogSlate: SlateFontServices - WITH_FREETYPE: 1, WITH_HARFBUZZ: 1
[2021.06.08-11.39.22:521][  0]LogAssetRegistry: FAssetRegistry took 0.0072 seconds to start up
[2021.06.08-11.39.22:973][  0]LogInit: Selected Device Profile: [Windows]
[2021.06.08-11.39.23:308][  0]LogMeshReduction: Using QuadricMeshReduction for automatic static mesh reduction
[2021.06.08-11.39.23:308][  0]LogMeshReduction: Using SimplygonMeshReduction for automatic skeletal mesh reduction
[2021.06.08-11.39.23:308][  0]LogMeshReduction: Using ProxyLODMeshReduction for automatic mesh merging
[2021.06.08-11.39.23:308][  0]LogMeshReduction: No distributed automatic mesh merging module available
[2021.06.08-11.39.23:309][  0]LogMeshMerging: No distributed automatic mesh merging module available
[2021.06.08-11.39.23:362][  0]LogNetVersion: TDMDeathmatch 1.0.0, NetCL: 13144385, EngineNetVer: 14, GameNetVer: 0 (Checksum: 193990812)
[2021.06.08-11.39.24:411][  0]LogAISub: UAISubsystem::UAISubsystem AISubsystem (0000019739C7F600), frame # 0
[2021.06.08-11.39.24:411][  0]LogAISub: UAISubsystem::UAISubsystem AIPerceptionSystem (0000019739C81E40), frame # 0
[2021.06.08-11.39.24:418][  0]LogAISub: UAISubsystem::UAISubsystem EnvQueryManager (0000019739CC5C00), frame # 0
[2021.06.08-11.39.24:524][  0]LogPackageLocalizationCache: Processed 18 localized package path(s) for 1 prioritized culture(s) in 0.071967 seconds
[2021.06.08-11.39.24:531][  0]LogUObjectArray: 15756 objects as part of root set at end of initial load.
[2021.06.08-11.39.24:531][  0]LogUObjectAllocator: 3925280 out of 0 bytes used by permanent object pool.
[2021.06.08-11.39.24:531][  0]LogUObjectArray: CloseDisregardForGC: 0/0 objects in disregard for GC pool
[2021.06.08-11.39.25:812][  0]LogTcpMessaging: Initializing TcpMessaging bridge
[2021.06.08-11.39.26:187][  0]SourceControl: Source control is disabled
[2021.06.08-11.39.26:187][  0]SourceControl: Source control is disabled
[2021.06.08-11.39.26:213][  0]SourceControl: Source control is disabled
[2021.06.08-11.39.26:249][  0]SourceControl: Source control is disabled
[2021.06.08-11.39.26:279][  0]SourceControl: Source control is disabled
[2021.06.08-11.39.27:079][  0]LogAndroidPermission: UAndroidPermissionCallbackProxy::GetInstance
[2021.06.08-11.39.27:136][  0]LogAudioCaptureCore: Display: No Audio Capture implementations found. Audio input will be silent.
[2021.06.08-11.39.27:136][  0]LogAudioCaptureCore: Display: No Audio Capture implementations found. Audio input will be silent.
[2021.06.08-11.39.27:439][  0]LogEngine: Initializing Engine...
[2021.06.08-11.39.27:440][  0]LogMagicLeap: Warning: VR disabled because ZI is not enabled.  To enable, in the editor, Edit -> Project Settings -> Plugins -> Magic Leap Plugin -> Enable Zero Iteration
[2021.06.08-11.39.27:445][  0]LogStats: UGameplayTagsManager::InitializeManager -  0.002 s
[2021.06.08-11.39.27:632][  0]LogInit: Initializing FReadOnlyCVARCache
[2021.06.08-11.39.27:689][  0]LogAIModule: Creating AISystem for world Untitled
[2021.06.08-11.39.27:689][  0]LogAISub: UAISubsystem::UAISubsystem EnvQueryManager (0000019740692800), frame # 0
[2021.06.08-11.39.27:690][  0]LogAISub: UAISubsystem::UAISubsystem AIPerceptionSystem (00000197406C2FC0), frame # 0
[2021.06.08-11.39.27:706][  0]LogAudioMixer: Display: Audio Mixer Platform Settings:
[2021.06.08-11.39.27:706][  0]LogAudioMixer: Display: 	Sample Rate:						  48000
[2021.06.08-11.39.27:706][  0]LogAudioMixer: Display: 	Callback Buffer Frame Size Requested: 1024
[2021.06.08-11.39.27:706][  0]LogAudioMixer: Display: 	Callback Buffer Frame Size To Use:	  1024
[2021.06.08-11.39.27:706][  0]LogAudioMixer: Display: 	Number of buffers to queue:			  2
[2021.06.08-11.39.27:706][  0]LogAudioMixer: Display: 	Max Channels (voices):				  32
[2021.06.08-11.39.27:706][  0]LogAudioMixer: Display: 	Number of Async Source Workers:		  0
[2021.06.08-11.39.27:706][  0]LogAudio: Display: AudioDevice MaxSources: 32
[2021.06.08-11.39.27:708][  0]LogAudio: Display: Using built-in audio occlusion.
[2021.06.08-11.39.27:708][  0]LogAudioMixer: Display: Initializing audio mixer.
[2021.06.08-11.39.27:768][  0]LogAudioMixer: Display: 0: FrontLeft
[2021.06.08-11.39.27:768][  0]LogAudioMixer: Display: 1: FrontRight
[2021.06.08-11.39.27:859][  0]LogAudioMixer: Display: Using Audio Device Headphones (Deric’s AirPods Stereo)
[2021.06.08-11.39.27:863][  0]LogAudioMixer: Display: Initializing Sound Submixes...
[2021.06.08-11.39.27:867][  0]LogAudioMixer: Display: Creating Master Submix 'MasterSubmixDefault'
[2021.06.08-11.39.27:867][  0]LogAudioMixer: Display: Creating Master Submix 'MasterReverbSubmixDefault'
[2021.06.08-11.39.27:870][  0]LogAudioMixer: Display: Creating Master Submix 'MasterEQSubmixDefault'
[2021.06.08-11.39.27:871][  0]LogInit: FAudioDevice initialized.
[2021.06.08-11.39.27:873][  0]LogNetVersion: Set ProjectVersion to 1.0.0.0. Version Checksum will be recalculated on next use.
[2021.06.08-11.39.28:059][  0]LogDerivedDataCache: Saved boot cache 0.19s 78MB C:/Users/DW/AppData/Local/UnrealEngine/4.25/DerivedDataCache/Boot.ddc.
[2021.06.08-11.39.28:064][  0]LogInit: Texture streaming: Enabled
[2021.06.08-11.39.28:106][  0]LogEngineSessionManager: EngineSessionManager initialized
[2021.06.08-11.39.28:106][  0]LogEditorSessionSummary: Verbose: Initializing EditorSessionSummaryWriter for editor session tracking
[2021.06.08-11.39.28:122][  0]LogEditorSessionSummary: EditorSessionSummaryWriter initialized
[2021.06.08-11.39.28:633][  0]LogInit: Transaction tracking system initialized
[2021.06.08-11.39.28:714][  0]BlueprintLog: New page: Editor Load
[2021.06.08-11.39.29:016][  0]LocalizationService: Localization service is disabled
[2021.06.08-11.39.29:477][  0]LogCook: Display: Max memory allowance for cook 16384mb min free memory 0mb
[2021.06.08-11.39.29:477][  0]LogCook: Display: Mobile HDR setting 1
[2021.06.08-11.39.29:727][  0]LogFileCache: Scanning file cache for directory 'D:/DW/Documents/GitHub/TDMDeathmatch/TDMDeathmatch/Content/' took 0.01s
[2021.06.08-11.39.29:970][  0]SourceControl: Source control is disabled
[2021.06.08-11.39.29:970][  0]LogUnrealEdMisc: Loading editor; pre map load, took 16.683
[2021.06.08-11.39.29:971][  0]Cmd: MAP LOAD FILE="../../../../../../DW/Documents/GitHub/TDMDeathmatch/TDMDeathmatch/Content/Levels/Rusty.umap" TEMPLATE=0 SHOWPROGRESS=1 FEATURELEVEL=3
[2021.06.08-11.39.29:973][  0]LightingResults: New page: Lighting Build
[2021.06.08-11.39.29:979][  0]LogWorld: UWorld::CleanupWorld for Untitled, bSessionEnded=true, bCleanupResources=true
[2021.06.08-11.39.29:980][  0]LogSlate: InvalidateAllWidgets triggered.  All widgets were invalidated
[2021.06.08-11.39.29:981][  0]MapCheck: New page: Map Check
[2021.06.08-11.39.29:981][  0]LightingResults: New page: Lighting Build
[2021.06.08-11.39.29:998][  0]LogAISub: UAISubsystem::~UAISubsystem EnvQueryManager (0000019740692800), frame # 0
[2021.06.08-11.39.29:998][  0]LogAISub: UAISubsystem::~UAISubsystem AIPerceptionSystem (00000197406C2FC0), frame # 0
[2021.06.08-11.39.30:000][  0]LogUObjectHash: Compacting FUObjectHashTables data took   1.49ms
[2021.06.08-11.39.31:676][  0]LogAIModule: Creating AISystem for world Rusty
[2021.06.08-11.39.31:676][  0]LogAISub: UAISubsystem::UAISubsystem EnvQueryManager (0000019730A01C00), frame # 0
[2021.06.08-11.39.31:676][  0]LogAISub: UAISubsystem::UAISubsystem AIPerceptionSystem (0000019730856480), frame # 0
[2021.06.08-11.39.31:776][  0]LogEditorServer: Finished looking for orphan Actors (0.000 secs)
[2021.06.08-11.39.31:840][  0]LogUObjectHash: Compacting FUObjectHashTables data took   1.65ms
[2021.06.08-11.39.31:842][  0]Cmd: MAP CHECKDEP NOCLEARLOG
[2021.06.08-11.39.31:844][  0]MapCheck: Map check complete: 0 Error(s), 0 Warning(s), took 1.556ms to complete.
[2021.06.08-11.39.31:844][  0]LogFileHelpers: Loading map 'Rusty' took 1.874
[2021.06.08-11.39.32:014][  0]LogUnrealEdMisc: Total Editor Startup Time, took 18.727
[2021.06.08-11.39.32:700][  0]LogSlate: Updating window title bar state: overlay mode, drag disabled, window buttons hidden, title bar hidden
[2021.06.08-11.39.32:712][  0]LogSlate: Updating window title bar state: overlay mode, drag disabled, window buttons hidden, title bar hidden
[2021.06.08-11.39.32:724][  0]LogSlate: Updating window title bar state: overlay mode, drag disabled, window buttons hidden, title bar hidden
[2021.06.08-11.39.32:733][  0]LogSlate: Updating window title bar state: overlay mode, drag disabled, window buttons hidden, title bar hidden
[2021.06.08-11.39.32:767][  0]LogCollectionManager: Loaded 0 collections in 0.001256 seconds
[2021.06.08-11.39.32:863][  0]LogFileCache: Scanning file cache for directory 'D:/DW/Documents/GitHub/TDMDeathmatch/TDMDeathmatch/Saved/Collections/' took 0.00s
[2021.06.08-11.39.32:863][  0]LogFileCache: Scanning file cache for directory 'D:/DW/Documents/GitHub/TDMDeathmatch/TDMDeathmatch/Content/Developers/DW/Collections/' took 0.00s
[2021.06.08-11.39.32:863][  0]LogFileCache: Scanning file cache for directory 'D:/DW/Documents/GitHub/TDMDeathmatch/TDMDeathmatch/Content/Collections/' took 0.00s
[2021.06.08-11.39.32:863][  0]LogContentBrowser: Native class hierarchy populated in 0.0182 seconds. Added 3423 classes and 813 folders.
[2021.06.08-11.39.32:884][  0]LogContentBrowser: Native class hierarchy updated for 'WidgetCarousel' in 0.0010 seconds. Added 0 classes and 0 folders.
[2021.06.08-11.39.33:178][  0]LogContentBrowser: Native class hierarchy updated for 'AddContentDialog' in 0.0010 seconds. Added 0 classes and 0 folders.
[2021.06.08-11.39.33:687][  0]LogSlate: Took 0.001809 seconds to synchronously load lazily loaded font '../../../Engine/Content/Slate/Fonts/Roboto-Regular.ttf' (155K)
[2021.06.08-11.39.33:693][  0]LogSlate: Took 0.001380 seconds to synchronously load lazily loaded font '../../../Engine/Content/Slate/Fonts/Roboto-Bold.ttf' (160K)
[2021.06.08-11.39.33:709][  0]LogSlate: Took 0.001551 seconds to synchronously load lazily loaded font '../../../Engine/Content/Editor/Slate/Fonts/FontAwesome.ttf' (139K)
[2021.06.08-11.39.33:844][  0]LogRenderer: Reallocating scene render targets to support 1228x652 Format 9 NumSamples 1 (Frame:1).
[2021.06.08-11.39.34:027][  0]LogSlate: Took 0.001096 seconds to synchronously load lazily loaded font '../../../Engine/Content/Slate/Fonts/Roboto-Light.ttf' (167K)
[2021.06.08-11.39.34:132][  0]LogContentBrowser: Native class hierarchy updated for 'HierarchicalLODOutliner' in 0.0011 seconds. Added 0 classes and 0 folders.
[2021.06.08-11.39.34:132][  0]LogLoad: (Engine Initialization) Total time: 20.84 seconds
[2021.06.08-11.39.34:132][  0]LogLoad: (Engine Initialization) Total Blueprint compile time: 0.00 seconds
[2021.06.08-11.39.34:322][  0]LogAssetRegistry: Asset discovery search completed in 11.8022 seconds
[2021.06.08-11.39.34:328][  0]LogCollectionManager: Fixed up redirectors for 0 collections in 0.000001 seconds (updated 0 objects)
[2021.06.08-11.39.34:344][  0]LogContentStreaming: Texture pool size now 800 MB
[2021.06.08-11.39.35:494][ 40]LogSlate: Took 0.000299 seconds to synchronously load lazily loaded font '../../../Engine/Content/Slate/Fonts/Roboto-Light.ttf' (167K)
[2021.06.08-11.39.40:365][155]LogTemp: Repeating last play command: New Editor Window (PIE)
[2021.06.08-11.39.40:411][155]LogPlayLevel: PlayLevel: No blueprints needed recompiling
[2021.06.08-11.39.40:419][155]PIE: New page: PIE session: Rusty (8 Jun 2021, 13:39:40)
[2021.06.08-11.39.40:430][155]LogOnline: OSS: Creating online subsystem instance for: NULL
[2021.06.08-11.39.40:433][155]LogOnline: OSS: TryLoadSubsystemAndSetDefault: Loaded subsystem for module [NULL]
[2021.06.08-11.39.40:435][155]LogPlayLevel: Creating play world package: /Game/Levels/UEDPIE_0_Rusty
[2021.06.08-11.39.40:463][155]LogPlayLevel: PIE: StaticDuplicateObject took: (0.028675s)
[2021.06.08-11.39.40:466][155]LogAIModule: Creating AISystem for world Rusty
[2021.06.08-11.39.40:466][155]LogAISub: UAISubsystem::UAISubsystem EnvQueryManager (0000019768513E00), frame # 155
[2021.06.08-11.39.40:466][155]LogAISub: UAISubsystem::UAISubsystem AIPerceptionSystem (0000019730165080), frame # 155
[2021.06.08-11.39.40:467][155]LogPlayLevel: PIE: World Init took: (0.002508s)
[2021.06.08-11.39.40:467][155]LogPlayLevel: PIE: Created PIE world by copying editor world from /Game/Levels/Rusty.Rusty to /Game/Levels/UEDPIE_0_Rusty.Rusty (0.032247s)
[2021.06.08-11.39.40:483][155]LogUObjectHash: Compacting FUObjectHashTables data took   0.69ms
[2021.06.08-11.39.40:489][155]LogAudioMixer: Display: Audio Mixer Platform Settings:
[2021.06.08-11.39.40:489][155]LogAudioMixer: Display: 	Sample Rate:						  48000
[2021.06.08-11.39.40:489][155]LogAudioMixer: Display: 	Callback Buffer Frame Size Requested: 1024
[2021.06.08-11.39.40:489][155]LogAudioMixer: Display: 	Callback Buffer Frame Size To Use:	  1024
[2021.06.08-11.39.40:489][155]LogAudioMixer: Display: 	Number of buffers to queue:			  2
[2021.06.08-11.39.40:489][155]LogAudioMixer: Display: 	Max Channels (voices):				  32
[2021.06.08-11.39.40:489][155]LogAudioMixer: Display: 	Number of Async Source Workers:		  0
[2021.06.08-11.39.40:489][155]LogAudio: Display: AudioDevice MaxSources: 32
[2021.06.08-11.39.40:490][155]LogAudio: Display: Using built-in audio occlusion.
[2021.06.08-11.39.40:490][155]LogAudioMixer: Display: Initializing audio mixer.
[2021.06.08-11.39.40:499][155]LogAudioMixer: Display: 0: FrontLeft
[2021.06.08-11.39.40:499][155]LogAudioMixer: Display: 1: FrontRight
[2021.06.08-11.39.40:541][155]LogAudioMixer: Display: Using Audio Device Headphones (Deric’s AirPods Stereo)
[2021.06.08-11.39.40:541][155]LogAudioMixer: Display: Initializing Sound Submixes...
[2021.06.08-11.39.40:541][155]LogAudioMixer: Display: Creating Master Submix 'MasterSubmixDefault'
[2021.06.08-11.39.40:541][155]LogAudioMixer: Display: Creating Master Submix 'MasterReverbSubmixDefault'
[2021.06.08-11.39.40:542][155]LogAudioMixer: Display: Creating Master Submix 'MasterEQSubmixDefault'
[2021.06.08-11.39.40:556][155]LogInit: FAudioDevice initialized.
[2021.06.08-11.39.40:622][155]LogSlate: Updating window title bar state: overlay mode, drag disabled, window buttons hidden, title bar hidden
[2021.06.08-11.39.40:624][155]LogLoad: Game class is 'BP_TDMGameModeBase_C'
[2021.06.08-11.39.40:640][155]LogWorld: Bringing World /Game/Levels/UEDPIE_0_Rusty.Rusty up for play (max tick rate 60) at 2021.06.08-12.39.40
[2021.06.08-11.39.40:642][155]LogWorld: Bringing up level for play took: 0.003030
[2021.06.08-11.39.40:643][155]LogOnline: OSS: Creating online subsystem instance for: :Context_2
[2021.06.08-11.39.40:663][155]LogContentBrowser: Native class hierarchy updated for 'MovieSceneCapture' in 0.0013 seconds. Added 20 classes and 0 folders.
[2021.06.08-11.39.40:666][155]LogTemp: Warning: POST LOGIN
[2021.06.08-11.39.40:672][155]LogNet: ReplicationDriverClass is null! Not using ReplicationDriver.
[2021.06.08-11.39.40:672][155]LogNetCore: DDoS detection status: detection enabled: 0 analytics enabled: 0
[2021.06.08-11.39.40:673][155]LogInit: WinSock: Socket queue. Rx: 131072 (config 131072) Tx: 131072 (config 131072)
[2021.06.08-11.39.40:673][155]LogNet: Created socket for bind address: 0.0.0.0 on port 17777
[2021.06.08-11.39.40:674][155]PacketHandlerLog: Loaded PacketHandler component: Engine.EngineHandlerComponentFactory (StatelessConnectHandlerComponent)
[2021.06.08-11.39.40:675][155]LogNet: GameNetDriver IpNetDriver_0 IpNetDriver listening on port 17777
[2021.06.08-11.39.40:679][155]LogTemp: Warning: BEGIN PLAY
[2021.06.08-11.39.40:680][155]LogTemp: Warning: POST LOGIN
[2021.06.08-11.39.40:817][155]LogTemp: Warning: Setting Team to ALPHA
[2021.06.08-11.39.40:827][155]PIE: Server logged in
[2021.06.08-11.39.40:830][155]PIE: Play in editor total start time 0.431 seconds.
[2021.06.08-11.39.40:831][155]LogAudioMixer: Display: Audio Mixer Platform Settings:
[2021.06.08-11.39.40:832][155]LogAudioMixer: Display: 	Sample Rate:						  48000
[2021.06.08-11.39.40:832][155]LogAudioMixer: Display: 	Callback Buffer Frame Size Requested: 1024
[2021.06.08-11.39.40:832][155]LogAudioMixer: Display: 	Callback Buffer Frame Size To Use:	  1024
[2021.06.08-11.39.40:832][155]LogAudioMixer: Display: 	Number of buffers to queue:			  2
[2021.06.08-11.39.40:832][155]LogAudioMixer: Display: 	Max Channels (voices):				  32
[2021.06.08-11.39.40:832][155]LogAudioMixer: Display: 	Number of Async Source Workers:		  0
[2021.06.08-11.39.40:832][155]LogAudio: Display: AudioDevice MaxSources: 32
[2021.06.08-11.39.40:833][155]LogAudio: Display: Using built-in audio occlusion.
[2021.06.08-11.39.40:833][155]LogAudioMixer: Display: Initializing audio mixer.
[2021.06.08-11.39.40:840][155]LogAudioMixer: Display: 0: FrontLeft
[2021.06.08-11.39.40:840][155]LogAudioMixer: Display: 1: FrontRight
[2021.06.08-11.39.40:871][155]LogAudioMixer: Display: Using Audio Device Headphones (Deric’s AirPods Stereo)
[2021.06.08-11.39.40:872][155]LogAudioMixer: Display: Initializing Sound Submixes...
[2021.06.08-11.39.40:872][155]LogAudioMixer: Display: Creating Master Submix 'MasterSubmixDefault'
[2021.06.08-11.39.40:872][155]LogAudioMixer: Display: Creating Master Submix 'MasterReverbSubmixDefault'
[2021.06.08-11.39.40:872][155]LogAudioMixer: Display: Creating Master Submix 'MasterEQSubmixDefault'
[2021.06.08-11.39.40:890][155]LogInit: FAudioDevice initialized.
[2021.06.08-11.39.40:952][155]LogSlate: Updating window title bar state: overlay mode, drag disabled, window buttons hidden, title bar hidden
[2021.06.08-11.39.40:953][155]LogNet: Browse: 127.0.0.1:17777/Game/Levels/Rusty
[2021.06.08-11.39.40:954][155]LogInit: WinSock: Socket queue. Rx: 32768 (config 32768) Tx: 32768 (config 32768)
[2021.06.08-11.39.40:954][155]LogNet: Created socket for bind address: 0.0.0.0 on port 0
[2021.06.08-11.39.40:955][155]PacketHandlerLog: Loaded PacketHandler component: Engine.EngineHandlerComponentFactory (StatelessConnectHandlerComponent)
[2021.06.08-11.39.40:956][155]LogNet: Game client on port 17777, rate 10000
[2021.06.08-11.39.40:959][155]PIE: Client logged in
[2021.06.08-11.39.40:962][155]PIE: Play in editor total start time 0.563 seconds.
[2021.06.08-11.39.41:042][155]LogRenderer: Reallocating scene render targets to support 1228x1024 Format 10 NumSamples 1 (Frame:1).
[2021.06.08-11.39.41:973][207]LogNet: NotifyAcceptingConnection accepted from: 127.0.0.1:52099
[2021.06.08-11.39.41:975][207]LogHandshake: SendConnectChallenge. Timestamp: 1.625713, Cookie: 250016216003175082164070072206014170085094118082112231186104
[2021.06.08-11.39.41:978][207]LogHandshake: SendChallengeResponse. Timestamp: 1.625713, Cookie: 250016216003175082164070072206014170085094118082112231186104
[2021.06.08-11.39.41:990][208]LogNet: NotifyAcceptingConnection accepted from: 127.0.0.1:52099
[2021.06.08-11.39.41:991][208]LogHandshake: SendChallengeAck. InCookie: 250016216003175082164070072206014170085094118082112231186104
[2021.06.08-11.39.41:991][208]LogNet: Server accepting post-challenge connection from: 127.0.0.1:52099
[2021.06.08-11.39.41:991][208]PacketHandlerLog: Loaded PacketHandler component: Engine.EngineHandlerComponentFactory (StatelessConnectHandlerComponent)
[2021.06.08-11.39.41:992][208]LogNet: NotifyAcceptedConnection: Name: Rusty, TimeStamp: 06/08/21 12:39:41, [UNetConnection] RemoteAddr: 127.0.0.1:52099, Name: IpConnection_1, Driver: GameNetDriver IpNetDriver_0, IsServer: YES, PC: NULL, Owner: NULL, UniqueId: INVALID
[2021.06.08-11.39.41:992][208]LogNet: AddClientConnection: Added client connection: [UNetConnection] RemoteAddr: 127.0.0.1:52099, Name: IpConnection_1, Driver: GameNetDriver IpNetDriver_0, IsServer: YES, PC: NULL, Owner: NULL, UniqueId: INVALID
[2021.06.08-11.39.41:996][208]LogNetVersion: TDMDeathmatch 1.0.0.0, NetCL: 13144385, EngineNetVer: 14, GameNetVer: 0 (Checksum: 1684260929)
[2021.06.08-11.39.41:996][208]LogNet: UPendingNetGame::SendInitialJoin: Sending hello. [UNetConnection] RemoteAddr: 127.0.0.1:17777, Name: IpConnection_0, Driver: PendingNetDriver IpNetDriver_1, IsServer: NO, PC: NULL, Owner: NULL, UniqueId: INVALID
[2021.06.08-11.39.42:008][209]LogNet: NotifyAcceptingChannel Control 0 server World /Game/Levels/UEDPIE_0_Rusty.Rusty: Accepted
[2021.06.08-11.39.42:009][209]LogNet: Remote platform little endian=1
[2021.06.08-11.39.42:009][209]LogNet: This platform little endian=1
[2021.06.08-11.39.42:011][209]LogOnline: OSS: Creating online subsystem instance for: :Context_3
[2021.06.08-11.39.42:025][210]LogNet: Login request: ?Name=LAPTOP-205H8F92-7DED943A4D06F38E23CE64B40A8D4E43 userId: NULL:LAPTOP-205H8F92-7DED943A4D06F38E23CE64B40A8D4E43 platform: NULL
[2021.06.08-11.39.42:029][210]LogNet: Welcomed by server (Level: /Game/Levels/UEDPIE_0_Rusty, Game: /Game/BlueprintClasses/game/GameMode/BP_TDMGameModeBase.BP_TDMGameModeBase_C)
[2021.06.08-11.39.42:030][210]LogLoad: LoadMap: 127.0.0.1:17777/Game/Levels/UEDPIE_0_Rusty?game=/Game/BlueprintClasses/game/GameMode/BP_TDMGameModeBase.BP_TDMGameModeBase_C
[2021.06.08-11.39.42:030][210]LogWorld: BeginTearingDown for /Temp/Untitled_1
[2021.06.08-11.39.42:030][210]LogWorld: UWorld::CleanupWorld for Untitled, bSessionEnded=true, bCleanupResources=true
[2021.06.08-11.39.42:030][210]LogSlate: InvalidateAllWidgets triggered.  All widgets were invalidated
[2021.06.08-11.39.42:046][210]LogUObjectHash: Compacting FUObjectHashTables data took   0.75ms
[2021.06.08-11.39.42:076][210]LogAIModule: Creating AISystem for world Rusty
[2021.06.08-11.39.42:076][210]LogAISub: UAISubsystem::UAISubsystem EnvQueryManager (0000019768021E00), frame # 210
[2021.06.08-11.39.42:076][210]LogAISub: UAISubsystem::UAISubsystem AIPerceptionSystem (000001973000DD00), frame # 210
[2021.06.08-11.39.42:079][210]LogWorld: Bringing World /Game/Levels/UEDPIE_1_Rusty.Rusty up for play (max tick rate 60) at 2021.06.08-12.39.42
[2021.06.08-11.39.42:079][210]LogWorld: Bringing up level for play took: 0.001405
[2021.06.08-11.39.42:085][210]LogLoad: Took 0.054889 seconds to LoadMap(/Game/Levels/UEDPIE_0_Rusty)
[2021.06.08-11.39.42:086][210]LogNavigation: Warning: NavData RegistrationFailed_DataPendingKill.
[2021.06.08-11.39.42:093][211]LogNet: Client netspeed is 10000
[2021.06.08-11.39.42:093][211]LogNet: Join request: /Game/Levels/Rusty?Name=LAPTOP-205H8F92-7DED943A4D06F38E23CE64B40A8D4E43?SplitscreenCount=1
[2021.06.08-11.39.42:093][211]LogTemp: Warning: Setting Team to BRAVO
[2021.06.08-11.39.42:094][211]LogOnlineSession: Warning: OSS: No game present to join for session (GameSession)
[2021.06.08-11.39.42:104][211]LogTemp: Warning: POST LOGIN
[2021.06.08-11.39.42:106][211]LogNet: Join succeeded: LAPTOP-205H8F92-7DED
[2021.06.08-11.39.42:345][220]LogOnlineSession: Warning: OSS: No game present to join for session (GameSession)
[2021.06.08-11.39.42:367][221]LogOnlineSession: Warning: OSS: No game present to join for session (GameSession)
[2021.06.08-11.39.42:906][246]LogSlate: WidgetSwitcher ('None') active index changed to 2
[2021.06.08-11.39.44:243][292]LogSlate: WidgetSwitcher ('None') active index changed to 2
[2021.06.08-11.39.47:036][417]LogTemp: Warning: FIRING PROJECTILE
[2021.06.08-11.39.47:173][421]LogTemp: Warning: FIRING PROJECTILE
[2021.06.08-11.39.47:314][427]LogTemp: Warning: FIRING PROJECTILE
[2021.06.08-11.39.47:468][434]LogTemp: Warning: FIRING PROJECTILE
[2021.06.08-11.39.47:820][450]LogTemp: Warning: FIRING PROJECTILE
[2021.06.08-11.39.47:862][452]LogTemp: Warning: TESTING TO ADD SCORE
[2021.06.08-11.39.47:862][452]LogTemp: Warning: ADDING A DEATH
[2021.06.08-11.39.50:118][546]LogSlate: Updating window title bar state: overlay mode, drag disabled, window buttons hidden, title bar hidden
[2021.06.08-11.39.50:118][546]LogWorld: BeginTearingDown for /Game/Levels/UEDPIE_1_Rusty
[2021.06.08-11.39.50:118][546]LogSlate: Window 'TDMDeathmatch Preview [NetMode: Client 2] (64-bit/Windows) ' being destroyed
[2021.06.08-11.39.50:129][546]LogWorld: UWorld::CleanupWorld for Rusty, bSessionEnded=true, bCleanupResources=true
[2021.06.08-11.39.50:132][546]LogSlate: InvalidateAllWidgets triggered.  All widgets were invalidated
[2021.06.08-11.39.50:143][546]LogNet: World NetDriver shutdown IpNetDriver_1 [GameNetDriver]
[2021.06.08-11.39.50:143][546]LogNet: DestroyNamedNetDriver IpNetDriver_1 [GameNetDriver]
[2021.06.08-11.39.50:144][546]LogNet: UNetConnection::Close: [UNetConnection] RemoteAddr: 127.0.0.1:17777, Name: IpConnection_0, Driver: GameNetDriver IpNetDriver_1, IsServer: NO, PC: BP_TDMPlayerController_C_0, Owner: BP_TDMPlayerController_C_0, UniqueId: NULL:LAPTOP-205H8F92-7DED943A4D06F38E23CE64B40A8D4E43, Channels: 18, Time: 2021.06.08-11.39.50
[2021.06.08-11.39.50:144][546]LogNet: UChannel::Close: Sending CloseBunch. ChIndex == 0. Name: [UChannel] ChIndex: 0, Closing: 0 [UNetConnection] RemoteAddr: 127.0.0.1:17777, Name: IpConnection_0, Driver: GameNetDriver IpNetDriver_1, IsServer: NO, PC: BP_TDMPlayerController_C_0, Owner: BP_TDMPlayerController_C_0, UniqueId: NULL:LAPTOP-205H8F92-7DED943A4D06F38E23CE64B40A8D4E43
[2021.06.08-11.39.50:144][546]LogExit: GameNetDriver IpNetDriver_1 shut down
[2021.06.08-11.39.50:146][546]LogWorld: BeginTearingDown for /Game/Levels/UEDPIE_0_Rusty
[2021.06.08-11.39.50:147][546]LogOnlineSession: Warning: OSS: No game present to leave for session (GameSession)
[2021.06.08-11.39.50:147][546]LogSlate: Updating window title bar state: overlay mode, drag disabled, window buttons hidden, title bar hidden
[2021.06.08-11.39.50:147][546]LogSlate: Window 'TDMDeathmatch Preview [NetMode: Server] (64-bit/Windows) ' being destroyed
[2021.06.08-11.39.50:153][546]LogWorld: UWorld::CleanupWorld for Rusty, bSessionEnded=true, bCleanupResources=true
[2021.06.08-11.39.50:154][546]LogSlate: InvalidateAllWidgets triggered.  All widgets were invalidated
[2021.06.08-11.39.50:166][546]LogNet: World NetDriver shutdown IpNetDriver_0 [GameNetDriver]
[2021.06.08-11.39.50:166][546]LogNet: DestroyNamedNetDriver IpNetDriver_0 [GameNetDriver]
[2021.06.08-11.39.50:166][546]LogNet: UNetConnection::Cleanup: Closing open connection. [UNetConnection] RemoteAddr: 127.0.0.1:52099, Name: IpConnection_1, Driver: GameNetDriver IpNetDriver_0, IsServer: YES, PC: BP_TDMPlayerController_C_1, Owner: BP_TDMPlayerController_C_1, UniqueId: NULL:LAPTOP-205H8F92-7DED943A4D06F38E23CE64B40A8D4E43
[2021.06.08-11.39.50:166][546]LogNet: UNetConnection::Close: [UNetConnection] RemoteAddr: 127.0.0.1:52099, Name: IpConnection_1, Driver: GameNetDriver IpNetDriver_0, IsServer: YES, PC: BP_TDMPlayerController_C_1, Owner: BP_TDMPlayerController_C_1, UniqueId: NULL:LAPTOP-205H8F92-7DED943A4D06F38E23CE64B40A8D4E43, Channels: 18, Time: 2021.06.08-11.39.50
[2021.06.08-11.39.50:166][546]LogNet: UChannel::Close: Sending CloseBunch. ChIndex == 0. Name: [UChannel] ChIndex: 0, Closing: 0 [UNetConnection] RemoteAddr: 127.0.0.1:52099, Name: IpConnection_1, Driver: GameNetDriver IpNetDriver_0, IsServer: YES, PC: BP_TDMPlayerController_C_1, Owner: BP_TDMPlayerController_C_1, UniqueId: NULL:LAPTOP-205H8F92-7DED943A4D06F38E23CE64B40A8D4E43
[2021.06.08-11.39.50:167][546]LogExit: GameNetDriver IpNetDriver_0 shut down
[2021.06.08-11.39.50:168][546]LogPlayLevel: Display: Shutting down PIE online subsystems
[2021.06.08-11.39.50:173][546]LogSlate: InvalidateAllWidgets triggered.  All widgets were invalidated
[2021.06.08-11.39.50:273][546]LogAISub: UAISubsystem::~UAISubsystem AIPerceptionSystem (000001973000DD00), frame # 546
[2021.06.08-11.39.50:273][546]LogAISub: UAISubsystem::~UAISubsystem EnvQueryManager (0000019768021E00), frame # 546
[2021.06.08-11.39.50:276][546]LogAISub: UAISubsystem::~UAISubsystem AIPerceptionSystem (0000019730165080), frame # 546
[2021.06.08-11.39.50:276][546]LogAISub: UAISubsystem::~UAISubsystem EnvQueryManager (0000019768513E00), frame # 546
[2021.06.08-11.39.50:277][546]LogUObjectHash: Compacting FUObjectHashTables data took   0.81ms
[2021.06.08-11.39.50:315][547]LogPlayLevel: Display: Destroying online subsystem :Context_3
[2021.06.08-11.39.50:315][547]LogPlayLevel: Display: Destroying online subsystem :Context_2
[2021.06.08-11.39.51:355][605]LogTemp: Repeating last play command: New Editor Window (PIE)
[2021.06.08-11.39.51:377][605]LogPlayLevel: PlayLevel: No blueprints needed recompiling
[2021.06.08-11.39.51:377][605]PIE: New page: PIE session: Rusty (8 Jun 2021, 13:39:51)
[2021.06.08-11.39.51:378][605]LogPlayLevel: Creating play world package: /Game/Levels/UEDPIE_0_Rusty
[2021.06.08-11.39.51:402][605]LogPlayLevel: PIE: StaticDuplicateObject took: (0.024338s)
[2021.06.08-11.39.51:404][605]LogAIModule: Creating AISystem for world Rusty
[2021.06.08-11.39.51:404][605]LogAISub: UAISubsystem::UAISubsystem EnvQueryManager (0000019768512600), frame # 605
[2021.06.08-11.39.51:404][605]LogAISub: UAISubsystem::UAISubsystem AIPerceptionSystem (0000019730164400), frame # 605
[2021.06.08-11.39.51:405][605]LogPlayLevel: PIE: World Init took: (0.002524s)
[2021.06.08-11.39.51:405][605]LogPlayLevel: PIE: Created PIE world by copying editor world from /Game/Levels/Rusty.Rusty to /Game/Levels/UEDPIE_0_Rusty.Rusty (0.027065s)
[2021.06.08-11.39.51:421][605]LogUObjectHash: Compacting FUObjectHashTables data took   1.44ms
[2021.06.08-11.39.51:423][605]LogAudioMixer: Display: Audio Mixer Platform Settings:
[2021.06.08-11.39.51:423][605]LogAudioMixer: Display: 	Sample Rate:						  48000
[2021.06.08-11.39.51:423][605]LogAudioMixer: Display: 	Callback Buffer Frame Size Requested: 1024
[2021.06.08-11.39.51:423][605]LogAudioMixer: Display: 	Callback Buffer Frame Size To Use:	  1024
[2021.06.08-11.39.51:423][605]LogAudioMixer: Display: 	Number of buffers to queue:			  2
[2021.06.08-11.39.51:424][605]LogAudioMixer: Display: 	Max Channels (voices):				  32
[2021.06.08-11.39.51:424][605]LogAudioMixer: Display: 	Number of Async Source Workers:		  0
[2021.06.08-11.39.51:424][605]LogAudio: Display: AudioDevice MaxSources: 32
[2021.06.08-11.39.51:425][605]LogAudio: Display: Using built-in audio occlusion.
[2021.06.08-11.39.51:425][605]LogAudioMixer: Display: Initializing audio mixer.
[2021.06.08-11.39.51:432][605]LogAudioMixer: Display: 0: FrontLeft
[2021.06.08-11.39.51:433][605]LogAudioMixer: Display: 1: FrontRight
[2021.06.08-11.39.51:460][605]LogAudioMixer: Display: Using Audio Device Headphones (Deric’s AirPods Stereo)
[2021.06.08-11.39.51:460][605]LogAudioMixer: Display: Initializing Sound Submixes...
[2021.06.08-11.39.51:460][605]LogAudioMixer: Display: Creating Master Submix 'MasterSubmixDefault'
[2021.06.08-11.39.51:460][605]LogAudioMixer: Display: Creating Master Submix 'MasterReverbSubmixDefault'
[2021.06.08-11.39.51:460][605]LogAudioMixer: Display: Creating Master Submix 'MasterEQSubmixDefault'
[2021.06.08-11.39.51:475][605]LogInit: FAudioDevice initialized.
[2021.06.08-11.39.51:526][605]LogSlate: Updating window title bar state: overlay mode, drag disabled, window buttons hidden, title bar hidden
[2021.06.08-11.39.51:527][605]LogLoad: Game class is 'BP_TDMGameModeBase_C'
[2021.06.08-11.39.51:528][605]LogWorld: Bringing World /Game/Levels/UEDPIE_0_Rusty.Rusty up for play (max tick rate 60) at 2021.06.08-12.39.51
[2021.06.08-11.39.51:530][605]LogWorld: Bringing up level for play took: 0.001801
[2021.06.08-11.39.51:530][605]LogOnline: OSS: Creating online subsystem instance for: :Context_4
[2021.06.08-11.39.51:533][605]LogTemp: Warning: POST LOGIN
[2021.06.08-11.39.51:533][605]LogNet: ReplicationDriverClass is null! Not using ReplicationDriver.
[2021.06.08-11.39.51:533][605]LogNetCore: DDoS detection status: detection enabled: 0 analytics enabled: 0
[2021.06.08-11.39.51:533][605]LogInit: WinSock: Socket queue. Rx: 131072 (config 131072) Tx: 131072 (config 131072)
[2021.06.08-11.39.51:533][605]LogNet: Created socket for bind address: 0.0.0.0 on port 17777
[2021.06.08-11.39.51:534][605]PacketHandlerLog: Loaded PacketHandler component: Engine.EngineHandlerComponentFactory (StatelessConnectHandlerComponent)
[2021.06.08-11.39.51:534][605]LogNet: GameNetDriver IpNetDriver_2 IpNetDriver listening on port 17777
[2021.06.08-11.39.51:534][605]LogTemp: Warning: BEGIN PLAY
[2021.06.08-11.39.51:534][605]LogTemp: Warning: POST LOGIN
[2021.06.08-11.39.51:540][605]LogTemp: Warning: Setting Team to ALPHA
[2021.06.08-11.39.51:541][605]PIE: Server logged in
[2021.06.08-11.39.51:543][605]PIE: Play in editor total start time 0.17 seconds.
[2021.06.08-11.39.51:544][605]LogAudioMixer: Display: Audio Mixer Platform Settings:
[2021.06.08-11.39.51:544][605]LogAudioMixer: Display: 	Sample Rate:						  48000
[2021.06.08-11.39.51:544][605]LogAudioMixer: Display: 	Callback Buffer Frame Size Requested: 1024
[2021.06.08-11.39.51:544][605]LogAudioMixer: Display: 	Callback Buffer Frame Size To Use:	  1024
[2021.06.08-11.39.51:544][605]LogAudioMixer: Display: 	Number of buffers to queue:			  2
[2021.06.08-11.39.51:544][605]LogAudioMixer: Display: 	Max Channels (voices):				  32
[2021.06.08-11.39.51:544][605]LogAudioMixer: Display: 	Number of Async Source Workers:		  0
[2021.06.08-11.39.51:544][605]LogAudio: Display: AudioDevice MaxSources: 32
[2021.06.08-11.39.51:544][605]LogAudio: Display: Using built-in audio occlusion.
[2021.06.08-11.39.51:544][605]LogAudioMixer: Display: Initializing audio mixer.
[2021.06.08-11.39.51:552][605]LogAudioMixer: Display: 0: FrontLeft
[2021.06.08-11.39.51:552][605]LogAudioMixer: Display: 1: FrontRight
[2021.06.08-11.39.51:577][605]LogAudioMixer: Display: Using Audio Device Headphones (Deric’s AirPods Stereo)
[2021.06.08-11.39.51:577][605]LogAudioMixer: Display: Initializing Sound Submixes...
[2021.06.08-11.39.51:577][605]LogAudioMixer: Display: Creating Master Submix 'MasterSubmixDefault'
[2021.06.08-11.39.51:577][605]LogAudioMixer: Display: Creating Master Submix 'MasterReverbSubmixDefault'
[2021.06.08-11.39.51:578][605]LogAudioMixer: Display: Creating Master Submix 'MasterEQSubmixDefault'
[2021.06.08-11.39.51:595][605]LogInit: FAudioDevice initialized.
[2021.06.08-11.39.51:659][605]LogSlate: Updating window title bar state: overlay mode, drag disabled, window buttons hidden, title bar hidden
[2021.06.08-11.39.51:659][605]LogNet: Browse: 127.0.0.1:17777/Game/Levels/Rusty
[2021.06.08-11.39.51:659][605]LogInit: WinSock: Socket queue. Rx: 32768 (config 32768) Tx: 32768 (config 32768)
[2021.06.08-11.39.51:659][605]LogNet: Created socket for bind address: 0.0.0.0 on port 0
[2021.06.08-11.39.51:660][605]PacketHandlerLog: Loaded PacketHandler component: Engine.EngineHandlerComponentFactory (StatelessConnectHandlerComponent)
[2021.06.08-11.39.51:660][605]LogNet: Game client on port 17777, rate 10000
[2021.06.08-11.39.51:662][605]PIE: Client logged in
[2021.06.08-11.39.51:664][605]PIE: Play in editor total start time 0.291 seconds.
[2021.06.08-11.39.52:683][658]LogNet: NotifyAcceptingConnection accepted from: 127.0.0.1:51630
[2021.06.08-11.39.52:683][658]LogHandshake: SendConnectChallenge. Timestamp: 1.345486, Cookie: 131196102114065064207074006231012004013082045219251075120254
[2021.06.08-11.39.52:685][658]LogHandshake: SendChallengeResponse. Timestamp: 1.345486, Cookie: 131196102114065064207074006231012004013082045219251075120254
[2021.06.08-11.39.52:701][659]LogNet: NotifyAcceptingConnection accepted from: 127.0.0.1:51630
[2021.06.08-11.39.52:701][659]LogHandshake: SendChallengeAck. InCookie: 131196102114065064207074006231012004013082045219251075120254
[2021.06.08-11.39.52:701][659]LogNet: Server accepting post-challenge connection from: 127.0.0.1:51630
[2021.06.08-11.39.52:701][659]PacketHandlerLog: Loaded PacketHandler component: Engine.EngineHandlerComponentFactory (StatelessConnectHandlerComponent)
[2021.06.08-11.39.52:701][659]LogNet: NotifyAcceptedConnection: Name: Rusty, TimeStamp: 06/08/21 12:39:52, [UNetConnection] RemoteAddr: 127.0.0.1:51630, Name: IpConnection_3, Driver: GameNetDriver IpNetDriver_2, IsServer: YES, PC: NULL, Owner: NULL, UniqueId: INVALID
[2021.06.08-11.39.52:701][659]LogNet: AddClientConnection: Added client connection: [UNetConnection] RemoteAddr: 127.0.0.1:51630, Name: IpConnection_3, Driver: GameNetDriver IpNetDriver_2, IsServer: YES, PC: NULL, Owner: NULL, UniqueId: INVALID
[2021.06.08-11.39.52:703][659]LogNet: UPendingNetGame::SendInitialJoin: Sending hello. [UNetConnection] RemoteAddr: 127.0.0.1:17777, Name: IpConnection_2, Driver: PendingNetDriver IpNetDriver_3, IsServer: NO, PC: NULL, Owner: NULL, UniqueId: INVALID
[2021.06.08-11.39.52:717][660]LogNet: NotifyAcceptingChannel Control 0 server World /Game/Levels/UEDPIE_0_Rusty.Rusty: Accepted
[2021.06.08-11.39.52:717][660]LogNet: Remote platform little endian=1
[2021.06.08-11.39.52:717][660]LogNet: This platform little endian=1
[2021.06.08-11.39.52:720][660]LogOnline: OSS: Creating online subsystem instance for: :Context_5
[2021.06.08-11.39.52:734][661]LogNet: Login request: ?Name=LAPTOP-205H8F92-9F71AE224715FC7B6EDC93A1E696B5B5 userId: NULL:LAPTOP-205H8F92-9F71AE224715FC7B6EDC93A1E696B5B5 platform: NULL
[2021.06.08-11.39.52:736][661]LogNet: Welcomed by server (Level: /Game/Levels/UEDPIE_0_Rusty, Game: /Game/BlueprintClasses/game/GameMode/BP_TDMGameModeBase.BP_TDMGameModeBase_C)
[2021.06.08-11.39.52:736][661]LogLoad: LoadMap: 127.0.0.1:17777/Game/Levels/UEDPIE_0_Rusty?game=/Game/BlueprintClasses/game/GameMode/BP_TDMGameModeBase.BP_TDMGameModeBase_C
[2021.06.08-11.39.52:736][661]LogWorld: BeginTearingDown for /Temp/Untitled_2
[2021.06.08-11.39.52:736][661]LogWorld: UWorld::CleanupWorld for Untitled, bSessionEnded=true, bCleanupResources=true
[2021.06.08-11.39.52:736][661]LogSlate: InvalidateAllWidgets triggered.  All widgets were invalidated
[2021.06.08-11.39.52:755][661]LogUObjectHash: Compacting FUObjectHashTables data took   0.77ms
[2021.06.08-11.39.52:783][661]LogAIModule: Creating AISystem for world Rusty
[2021.06.08-11.39.52:783][661]LogAISub: UAISubsystem::UAISubsystem EnvQueryManager (0000019768023A00), frame # 661
[2021.06.08-11.39.52:783][661]LogAISub: UAISubsystem::UAISubsystem AIPerceptionSystem (000001973006BD80), frame # 661
[2021.06.08-11.39.52:785][661]LogWorld: Bringing World /Game/Levels/UEDPIE_1_Rusty.Rusty up for play (max tick rate 60) at 2021.06.08-12.39.52
[2021.06.08-11.39.52:786][661]LogWorld: Bringing up level for play took: 0.001221
[2021.06.08-11.39.52:786][661]LogLoad: Took 0.049560 seconds to LoadMap(/Game/Levels/UEDPIE_0_Rusty)
[2021.06.08-11.39.52:786][661]LogNavigation: Warning: NavData RegistrationFailed_DataPendingKill.
[2021.06.08-11.39.52:794][662]LogNet: Client netspeed is 10000
[2021.06.08-11.39.52:794][662]LogNet: Join request: /Game/Levels/Rusty?Name=LAPTOP-205H8F92-9F71AE224715FC7B6EDC93A1E696B5B5?SplitscreenCount=1
[2021.06.08-11.39.52:794][662]LogTemp: Warning: Setting Team to BRAVO
[2021.06.08-11.39.52:795][662]LogOnlineSession: Warning: OSS: No game present to join for session (GameSession)
[2021.06.08-11.39.52:795][662]LogTemp: Warning: POST LOGIN
[2021.06.08-11.39.52:797][662]LogNet: Join succeeded: LAPTOP-205H8F92-9F71
[2021.06.08-11.39.52:991][671]LogOnlineSession: Warning: OSS: No game present to join for session (GameSession)
[2021.06.08-11.39.53:012][672]LogOnlineSession: Warning: OSS: No game present to join for session (GameSession)
[2021.06.08-11.39.53:740][705]LogSlate: WidgetSwitcher ('None') active index changed to 2
[2021.06.08-11.39.54:816][741]LogSlate: WidgetSwitcher ('None') active index changed to 2
[2021.06.08-11.39.56:420][811]LogTemp: Warning: FIRING PROJECTILE
[2021.06.08-11.39.56:816][828]LogTemp: Warning: FIRING PROJECTILE
[2021.06.08-11.39.56:975][835]LogTemp: Warning: FIRING PROJECTILE
[2021.06.08-11.39.57:162][843]LogTemp: Warning: FIRING PROJECTILE
[2021.06.08-11.39.57:332][850]LogTemp: Warning: FIRING PROJECTILE
[2021.06.08-11.39.57:353][851]LogTemp: Warning: TESTING TO ADD SCORE
[2021.06.08-11.39.57:353][851]LogTemp: Warning: ADDING A DEATH
[2021.06.08-11.39.57:359][851]LogSlate: WidgetSwitcher ('None') active index changed to 0
[2021.06.08-11.39.59:646][936]LogSlate: WidgetSwitcher ('None') active index changed to 2
[2021.06.08-11.40.02:170][ 45]LogSlate: WidgetSwitcher ('None') active index changed to 1
[2021.06.08-11.40.02:245][ 48]LogSlate: WidgetSwitcher ('None') active index changed to 2
[2021.06.08-11.40.02:923][ 78]LogSlate: WidgetSwitcher ('None') active index changed to 0
[2021.06.08-11.40.04:953][167]LogSlate: WidgetSwitcher ('None') active index changed to 2
[2021.06.08-11.40.07:384][272]LogTemp: Warning: FIRING PROJECTILE
[2021.06.08-11.40.07:564][280]LogTemp: Warning: FIRING PROJECTILE
[2021.06.08-11.40.07:790][290]LogTemp: Warning: FIRING PROJECTILE
[2021.06.08-11.40.07:972][298]LogTemp: Warning: FIRING PROJECTILE
[2021.06.08-11.40.08:198][308]LogTemp: Warning: FIRING PROJECTILE
[2021.06.08-11.40.08:259][310]LogTemp: Warning: TESTING TO ADD SCORE
[2021.06.08-11.40.08:259][310]LogTemp: Warning: ADDING A DEATH
[2021.06.08-11.40.09:913][369]LogSlate: WidgetSwitcher ('None') active index changed to 0
[2021.06.08-11.40.12:025][461]LogSlate: WidgetSwitcher ('None') active index changed to 2
[2021.06.08-11.40.20:055][807]LogTemp: Warning: FIRING PROJECTILE
[2021.06.08-11.40.22:608][914]LogTemp: Warning: Hit Actor BP_TDMCharacterBase_C_2
[2021.06.08-11.40.22:610][914]LogTemp: Warning: Hit Actor BP_TDMCharacterBase_C_2
[2021.06.08-11.40.22:972][930]LogTemp: Warning: Hit Actor BP_TDMCharacterBase_C_2
[2021.06.08-11.40.22:975][930]LogTemp: Warning: Hit Actor BP_TDMCharacterBase_C_2
[2021.06.08-11.40.25:527][ 26]LogSlate: Window 'TDMDeathmatch Preview [NetMode: Client 2] (64-bit/Windows) ' being destroyed
[2021.06.08-11.40.25:563][ 26]LogWorld: BeginTearingDown for /Game/Levels/UEDPIE_1_Rusty
[2021.06.08-11.40.25:599][ 26]LogWorld: UWorld::CleanupWorld for Rusty, bSessionEnded=true, bCleanupResources=true
[2021.06.08-11.40.25:600][ 26]LogSlate: InvalidateAllWidgets triggered.  All widgets were invalidated
[2021.06.08-11.40.25:608][ 26]LogNet: World NetDriver shutdown IpNetDriver_3 [GameNetDriver]
[2021.06.08-11.40.25:609][ 26]LogNet: DestroyNamedNetDriver IpNetDriver_3 [GameNetDriver]
[2021.06.08-11.40.25:609][ 26]LogNet: UNetConnection::Close: [UNetConnection] RemoteAddr: 127.0.0.1:17777, Name: IpConnection_2, Driver: GameNetDriver IpNetDriver_3, IsServer: NO, PC: BP_TDMPlayerController_C_0, Owner: BP_TDMPlayerController_C_0, UniqueId: NULL:LAPTOP-205H8F92-9F71AE224715FC7B6EDC93A1E696B5B5, Channels: 17, Time: 2021.06.08-11.40.25
[2021.06.08-11.40.25:609][ 26]LogNet: UChannel::Close: Sending CloseBunch. ChIndex == 0. Name: [UChannel] ChIndex: 0, Closing: 0 [UNetConnection] RemoteAddr: 127.0.0.1:17777, Name: IpConnection_2, Driver: GameNetDriver IpNetDriver_3, IsServer: NO, PC: BP_TDMPlayerController_C_0, Owner: BP_TDMPlayerController_C_0, UniqueId: NULL:LAPTOP-205H8F92-9F71AE224715FC7B6EDC93A1E696B5B5
[2021.06.08-11.40.25:609][ 26]LogExit: GameNetDriver IpNetDriver_3 shut down
[2021.06.08-11.40.25:610][ 26]LogWorld: BeginTearingDown for /Game/Levels/UEDPIE_0_Rusty
[2021.06.08-11.40.25:610][ 26]LogOnlineSession: Warning: OSS: No game present to leave for session (GameSession)
[2021.06.08-11.40.25:611][ 26]LogSlate: Updating window title bar state: overlay mode, drag disabled, window buttons hidden, title bar hidden
[2021.06.08-11.40.25:611][ 26]LogSlate: Window 'TDMDeathmatch Preview [NetMode: Server] (64-bit/Windows) ' being destroyed
[2021.06.08-11.40.25:649][ 26]LogWorld: UWorld::CleanupWorld for Rusty, bSessionEnded=true, bCleanupResources=true
[2021.06.08-11.40.25:650][ 26]LogSlate: InvalidateAllWidgets triggered.  All widgets were invalidated
[2021.06.08-11.40.25:658][ 26]LogNet: World NetDriver shutdown IpNetDriver_2 [GameNetDriver]
[2021.06.08-11.40.25:658][ 26]LogNet: DestroyNamedNetDriver IpNetDriver_2 [GameNetDriver]
[2021.06.08-11.40.25:659][ 26]LogNet: UNetConnection::Cleanup: Closing open connection. [UNetConnection] RemoteAddr: 127.0.0.1:51630, Name: IpConnection_3, Driver: GameNetDriver IpNetDriver_2, IsServer: YES, PC: BP_TDMPlayerController_C_1, Owner: BP_TDMPlayerController_C_1, UniqueId: NULL:LAPTOP-205H8F92-9F71AE224715FC7B6EDC93A1E696B5B5
[2021.06.08-11.40.25:659][ 26]LogNet: UNetConnection::Close: [UNetConnection] RemoteAddr: 127.0.0.1:51630, Name: IpConnection_3, Driver: GameNetDriver IpNetDriver_2, IsServer: YES, PC: BP_TDMPlayerController_C_1, Owner: BP_TDMPlayerController_C_1, UniqueId: NULL:LAPTOP-205H8F92-9F71AE224715FC7B6EDC93A1E696B5B5, Channels: 17, Time: 2021.06.08-11.40.25
[2021.06.08-11.40.25:659][ 26]LogNet: UChannel::Close: Sending CloseBunch. ChIndex == 0. Name: [UChannel] ChIndex: 0, Closing: 0 [UNetConnection] RemoteAddr: 127.0.0.1:51630, Name: IpConnection_3, Driver: GameNetDriver IpNetDriver_2, IsServer: YES, PC: BP_TDMPlayerController_C_1, Owner: BP_TDMPlayerController_C_1, UniqueId: NULL:LAPTOP-205H8F92-9F71AE224715FC7B6EDC93A1E696B5B5
[2021.06.08-11.40.25:659][ 26]LogExit: GameNetDriver IpNetDriver_2 shut down
[2021.06.08-11.40.25:660][ 26]LogPlayLevel: Display: Shutting down PIE online subsystems
[2021.06.08-11.40.25:662][ 26]LogSlate: InvalidateAllWidgets triggered.  All widgets were invalidated
[2021.06.08-11.40.25:732][ 26]LogAISub: UAISubsystem::~UAISubsystem AIPerceptionSystem (000001973006BD80), frame # 2026
[2021.06.08-11.40.25:732][ 26]LogAISub: UAISubsystem::~UAISubsystem EnvQueryManager (0000019768023A00), frame # 2026
[2021.06.08-11.40.25:733][ 26]LogAISub: UAISubsystem::~UAISubsystem AIPerceptionSystem (0000019730164400), frame # 2026
[2021.06.08-11.40.25:733][ 26]LogAISub: UAISubsystem::~UAISubsystem EnvQueryManager (0000019768512600), frame # 2026
[2021.06.08-11.40.25:734][ 26]LogUObjectHash: Compacting FUObjectHashTables data took   1.08ms
[2021.06.08-11.40.25:769][ 27]LogPlayLevel: Display: Destroying online subsystem :Context_5
[2021.06.08-11.40.25:769][ 27]LogPlayLevel: Display: Destroying online subsystem :Context_4
