Log file open, 04/19/21 15:56:52
LogInit: Display: Running engine for game: TDMDeathmatch
LogPlatformFile: Not using cached read wrapper
LogTaskGraph: Started task graph with 5 named threads and 23 total threads with 3 sets of task threads.
LogStats: Stats thread started at 0.236837
LogD3D11RHI: Loaded GFSDK_Aftermath_Lib.x64.dll
LogICUInternationalization: ICU TimeZone Detection - Raw Offset: +0:00, Platform Override: ''
LogPluginManager: Mounting plugin Paper2D
LogPluginManager: Mounting plugin AISupport
LogPluginManager: Mounting plugin LightPropagationVolume
LogPluginManager: Mounting plugin CameraShakePreviewer
LogPluginManager: Mounting plugin ActorLayerUtilities
LogPluginManager: Mounting plugin AnimationSharing
LogPluginManager: Mounting plugin CLionSourceCodeAccess
LogPluginManager: Mounting plugin CodeLiteSourceCodeAccess
LogPluginManager: Mounting plugin GitSourceControl
LogPluginManager: Mounting plugin KDevelopSourceCodeAccess
LogPluginManager: Mounting plugin NullSourceCodeAccess
LogPluginManager: Mounting plugin PerforceSourceControl
LogPluginManager: Mounting plugin PlasticSourceControl
LogPluginManager: Mounting plugin RiderSourceCodeAccess
LogPluginManager: Mounting plugin SubversionSourceControl
LogPluginManager: Mounting plugin UObjectPlugin
LogPluginManager: Mounting plugin VisualStudioCodeSourceCodeAccess
LogPluginManager: Mounting plugin VisualStudioSourceCodeAccess
LogPluginManager: Mounting plugin XCodeSourceCodeAccess
LogPluginManager: Mounting plugin AssetManagerEditor
LogPluginManager: Mounting plugin CryptoKeys
LogPluginManager: Mounting plugin CurveEditorTools
LogPluginManager: Mounting plugin DataValidation
LogPluginManager: Mounting plugin EditorScriptingUtilities
LogPluginManager: Mounting plugin FacialAnimation
LogPluginManager: Mounting plugin GameplayTagsEditor
LogPluginManager: Mounting plugin GeometryMode
LogPluginManager: Mounting plugin MacGraphicsSwitching
LogPluginManager: Mounting plugin MaterialAnalyzer
LogPluginManager: Mounting plugin MobileLauncherProfileWizard
LogPluginManager: Mounting plugin PluginBrowser
LogPluginManager: Mounting plugin SpeedTreeImporter
LogPluginManager: Mounting plugin DatasmithContent
LogPluginManager: Mounting plugin VariantManagerContent
LogPluginManager: Mounting plugin AlembicImporter
LogPluginManager: Mounting plugin AutomationUtils
LogPluginManager: Mounting plugin BackChannel
LogPluginManager: Mounting plugin ChaosCloth
LogPluginManager: Mounting plugin ChaosClothEditor
LogPluginManager: Mounting plugin ChaosEditor
LogPluginManager: Mounting plugin ChaosNiagara
LogPluginManager: Mounting plugin ChaosSolverPlugin
LogPluginManager: Mounting plugin CharacterAI
LogPluginManager: Mounting plugin GeometryCache
LogPluginManager: Mounting plugin GeometryCollectionPlugin
LogPluginManager: Mounting plugin GeometryProcessing
LogPluginManager: Mounting plugin PlanarCut
LogPluginManager: Mounting plugin PlatformCrypto
LogPluginManager: Mounting plugin ProxyLODPlugin
LogPluginManager: Mounting plugin SkeletalReduction
LogPluginManager: Mounting plugin Niagara
LogPluginManager: Mounting plugin MagicLeap
LogPluginManager: Mounting plugin MagicLeapLightEstimation
LogPluginManager: Mounting plugin MagicLeapMedia
LogPluginManager: Mounting plugin MagicLeapPassableWorld
LogPluginManager: Mounting plugin MLSDK
LogPluginManager: Mounting plugin AndroidMedia
LogPluginManager: Mounting plugin AvfMedia
LogPluginManager: Mounting plugin ImgMedia
LogPluginManager: Mounting plugin MediaCompositing
LogPluginManager: Mounting plugin MediaPlayerEditor
LogPluginManager: Mounting plugin WebMMedia
LogPluginManager: Mounting plugin WmfMedia
LogPluginManager: Mounting plugin MeshPainting
LogPluginManager: Mounting plugin TcpMessaging
LogPluginManager: Mounting plugin UdpMessaging
LogPluginManager: Mounting plugin ActorSequence
LogPluginManager: Mounting plugin LevelSequenceEditor
LogPluginManager: Mounting plugin MatineeToLevelSequence
LogPluginManager: Mounting plugin MovieRenderPipeline
LogPluginManager: Mounting plugin TemplateSequence
LogPluginManager: Mounting plugin NetcodeUnitTest
LogPluginManager: Mounting plugin NUTUnrealEngine4
LogPluginManager: Mounting plugin OnlineSubsystemGooglePlay
LogPluginManager: Mounting plugin OnlineSubsystemIOS
LogPluginManager: Mounting plugin OnlineSubsystem
LogPluginManager: Mounting plugin OnlineSubsystemNull
LogPluginManager: Mounting plugin OnlineSubsystemUtils
LogPluginManager: Mounting plugin LauncherChunkInstaller
LogPluginManager: Mounting plugin AndroidDeviceProfileSelector
LogPluginManager: Mounting plugin AndroidMoviePlayer
LogPluginManager: Mounting plugin AndroidPermission
LogPluginManager: Mounting plugin AppleImageUtils
LogPluginManager: Mounting plugin AppleMoviePlayer
LogPluginManager: Mounting plugin ArchVisCharacter
LogPluginManager: Mounting plugin AssetTags
LogPluginManager: Mounting plugin AudioCapture
LogPluginManager: Mounting plugin CableComponent
LogPluginManager: Mounting plugin CustomMeshComponent
LogPluginManager: Mounting plugin EditableMesh
LogPluginManager: Mounting plugin ExampleDeviceProfileSelector
LogPluginManager: Mounting plugin GoogleCloudMessaging
LogPluginManager: Mounting plugin GooglePAD
LogPluginManager: Mounting plugin IOSDeviceProfileSelector
LogPluginManager: Mounting plugin LinuxDeviceProfileSelector
LogPluginManager: Mounting plugin LocationServicesBPLibrary
LogPluginManager: Mounting plugin MobilePatchingUtils
LogPluginManager: Mounting plugin PhysXVehicles
LogPluginManager: Mounting plugin PostSplashScreen
LogPluginManager: Mounting plugin ProceduralMeshComponent
LogPluginManager: Mounting plugin RuntimePhysXCooking
LogPluginManager: Mounting plugin SignificanceManager
LogPluginManager: Mounting plugin SoundFields
LogPluginManager: Mounting plugin Synthesis
LogPluginManager: Mounting plugin WebMMoviePlayer
LogPluginManager: Mounting plugin WindowsMoviePlayer
LogPluginManager: Mounting plugin ScreenshotTools
LogInit: Using libcurl 7.55.1-DEV
LogInit:  - built for x86_64-pc-win32
LogInit:  - supports SSL with OpenSSL/1.1.1
LogInit:  - supports HTTP deflate (compression) using libz 1.2.8
LogInit:  - other features:
LogInit:      CURL_VERSION_SSL
LogInit:      CURL_VERSION_LIBZ
LogInit:      CURL_VERSION_IPV6
LogInit:      CURL_VERSION_ASYNCHDNS
LogInit:      CURL_VERSION_LARGEFILE
LogInit:      CURL_VERSION_IDN
LogInit:  CurlRequestOptions (configurable via config and command line):
LogInit:  - bVerifyPeer = true  - Libcurl will verify peer certificate
LogInit:  - bUseHttpProxy = false  - Libcurl will NOT use HTTP proxy
LogInit:  - bDontReuseConnections = false  - Libcurl will reuse connections
LogInit:  - MaxHostConnections = 16  - Libcurl will limit the number of connections to a host
LogInit:  - LocalHostAddr = Default
LogInit:  - BufferSize = 65536
LogOnline: OSS: Creating online subsystem instance for: NULL
LogInit: WinSock: version 1.1 (2.2), MaxSocks=32767, MaxUdp=65467
LogOnline: OSS: TryLoadSubsystemAndSetDefault: Loaded subsystem for module [NULL]
LogInit: Build: ++UE4+Release-4.25-CL-14469661
LogInit: Engine Version: 4.25.4-14469661+++UE4+Release-4.25
LogInit: Compatible Engine Version: 4.25.0-13144385+++UE4+Release-4.25
LogInit: Net CL: 13144385
LogInit: OS: Windows 10 (Release 2009) (), CPU: Intel(R) Core(TM) i7-7700HQ CPU @ 2.80GHz, GPU: Intel(R) HD Graphics 630
LogInit: Compiled (64-bit): Oct 11 2020 08:10:49
LogInit: Compiled with Visual C++: 19.24.28315.00
LogInit: Build Configuration: Development
LogInit: Branch Name: ++UE4+Release-4.25
LogInit: Command Line: FirstPersonExampleMap?listen -log -ResX=1280 -ResY=720 -WINDOWED -game
LogInit: Base Directory: D:/Program Files/Epic Games/UE_4.25/Engine/Binaries/Win64/
LogInit: Allocator: TBB
LogInit: Installed Engine Build: 1
LogDevObjectVersion: Number of dev versions registered: 26
LogDevObjectVersion:   Dev-Blueprints (B0D832E4-1F89-4F0D-ACCF-7EB736FD4AA2): 10
LogDevObjectVersion:   Dev-Build (E1C64328-A22C-4D53-A36C-8E866417BD8C): 0
LogDevObjectVersion:   Dev-Core (375EC13C-06E4-48FB-B500-84F0262A717E): 4
LogDevObjectVersion:   Dev-Editor (E4B068ED-F494-42E9-A231-DA0B2E46BB41): 38
LogDevObjectVersion:   Dev-Framework (CFFC743F-43B0-4480-9391-14DF171D2073): 37
LogDevObjectVersion:   Dev-Mobile (B02B49B5-BB20-44E9-A304-32B752E40360): 2
LogDevObjectVersion:   Dev-Networking (A4E4105C-59A1-49B5-A7C5-40C4547EDFEE): 0
LogDevObjectVersion:   Dev-Online (39C831C9-5AE6-47DC-9A44-9C173E1C8E7C): 0
LogDevObjectVersion:   Dev-Physics (78F01B33-EBEA-4F98-B9B4-84EACCB95AA2): 4
LogDevObjectVersion:   Dev-Platform (6631380F-2D4D-43E0-8009-CF276956A95A): 0
LogDevObjectVersion:   Dev-Rendering (12F88B9F-8875-4AFC-A67C-D90C383ABD29): 43
LogDevObjectVersion:   Dev-Sequencer (7B5AE74C-D270-4C10-A958-57980B212A5A): 12
LogDevObjectVersion:   Dev-VR (D7296918-1DD6-4BDD-9DE2-64A83CC13884): 3
LogDevObjectVersion:   Dev-LoadTimes (C2A15278-BFE7-4AFE-6C17-90FF531DF755): 1
LogDevObjectVersion:   Private-Geometry (6EACA3D4-40EC-4CC1-B786-8BED09428FC5): 3
LogDevObjectVersion:   Dev-AnimPhys (29E575DD-E0A3-4627-9D10-D276232CDCEA): 17
LogDevObjectVersion:   Dev-Anim (AF43A65D-7FD3-4947-9873-3E8ED9C1BB05): 7
LogDevObjectVersion:   Dev-ReflectionCapture (6B266CEC-1EC7-4B8F-A30B-E4D90942FC07): 1
LogDevObjectVersion:   Dev-Automation (0DF73D61-A23F-47EA-B727-89E90C41499A): 1
LogDevObjectVersion:   FortniteMain (601D1886-AC64-4F84-AA16-D3DE0DEAC7D6): 31
LogDevObjectVersion:   Dev-Enterprise (9DFFBCD6-494F-0158-E221-12823C92A888): 10
LogDevObjectVersion:   Dev-Niagara (F2AED0AC-9AFE-416F-8664-AA7FFA26D6FC): 1
LogDevObjectVersion:   Dev-Destruction (174F1F0B-B4C6-45A5-B13F-2EE8D0FB917D): 10
LogDevObjectVersion:   Dev-Physics-Ext (35F94A83-E258-406C-A318-09F59610247C): 37
LogDevObjectVersion:   Dev-PhysicsMaterial-Chaos (B68FC16E-8B1B-42E2-B453-215C058844FE): 1
LogDevObjectVersion:   Dev-CineCamera (B2E18506-4273-CFC2-A54E-F4BB758BBA07): 1
LogInit: Presizing for max 25165824 objects, including 0 objects not considered by GC, pre-allocating 0 bytes for permanent pool.
LogConfig: Applying CVar settings from Section [/Script/Engine.StreamingSettings] File [D:/DW/Documents/GitHub/TDMDeathmatch/TDMDeathmatch/Saved/Config/Windows/Engine.ini]
LogConfig: Setting CVar [[s.MinBulkDataSizeForAsyncLoading:131072]]
LogConfig: Setting CVar [[s.AsyncLoadingThreadEnabled:0]]
LogConfig: Setting CVar [[s.EventDrivenLoaderEnabled:1]]
LogConfig: Setting CVar [[s.WarnIfTimeLimitExceeded:0]]
LogConfig: Setting CVar [[s.TimeLimitExceededMultiplier:1.5]]
LogConfig: Setting CVar [[s.TimeLimitExceededMinTime:0.005]]
LogConfig: Setting CVar [[s.UseBackgroundLevelStreaming:1]]
LogConfig: Setting CVar [[s.PriorityAsyncLoadingExtraTime:15.0]]
LogConfig: Setting CVar [[s.LevelStreamingActorsUpdateTimeLimit:5.0]]
LogConfig: Setting CVar [[s.PriorityLevelStreamingActorsUpdateExtraTime:5.0]]
LogConfig: Setting CVar [[s.LevelStreamingComponentsRegistrationGranularity:10]]
LogConfig: Setting CVar [[s.UnregisterComponentsTimeLimit:1.0]]
LogConfig: Setting CVar [[s.LevelStreamingComponentsUnregistrationGranularity:5]]
LogConfig: Setting CVar [[s.FlushStreamingOnExit:1]]
LogInit: Object subsystem initialized
LogConfig: Setting CVar [[con.DebugEarlyDefault:1]]
LogConfig: Setting CVar [[r.setres:1280x720]]
[2021.04.19-14.56.52:645][  0]LogConfig: Setting CVar [[con.DebugEarlyDefault:1]]
[2021.04.19-14.56.52:645][  0]LogConfig: Setting CVar [[r.setres:1280x720]]
[2021.04.19-14.56.52:645][  0]LogConfig: Applying CVar settings from Section [/Script/Engine.RendererSettings] File [D:/DW/Documents/GitHub/TDMDeathmatch/TDMDeathmatch/Saved/Config/Windows/Engine.ini]
[2021.04.19-14.56.52:646][  0]LogConfig: Setting CVar [[r.GPUCrashDebugging:0]]
[2021.04.19-14.56.52:646][  0]LogConfig: Applying CVar settings from Section [/Script/Engine.RendererOverrideSettings] File [D:/DW/Documents/GitHub/TDMDeathmatch/TDMDeathmatch/Saved/Config/Windows/Engine.ini]
[2021.04.19-14.56.52:647][  0]LogConfig: Applying CVar settings from Section [/Script/Engine.StreamingSettings] File [D:/DW/Documents/GitHub/TDMDeathmatch/TDMDeathmatch/Saved/Config/Windows/Engine.ini]
[2021.04.19-14.56.52:647][  0]LogConfig: Setting CVar [[s.MinBulkDataSizeForAsyncLoading:131072]]
[2021.04.19-14.56.52:648][  0]LogConfig: Setting CVar [[s.AsyncLoadingThreadEnabled:0]]
[2021.04.19-14.56.52:648][  0]LogConfig: Setting CVar [[s.EventDrivenLoaderEnabled:1]]
[2021.04.19-14.56.52:649][  0]LogConfig: Setting CVar [[s.WarnIfTimeLimitExceeded:0]]
[2021.04.19-14.56.52:650][  0]LogConfig: Setting CVar [[s.TimeLimitExceededMultiplier:1.5]]
[2021.04.19-14.56.52:651][  0]LogConfig: Setting CVar [[s.TimeLimitExceededMinTime:0.005]]
[2021.04.19-14.56.52:651][  0]LogConfig: Setting CVar [[s.UseBackgroundLevelStreaming:1]]
[2021.04.19-14.56.52:652][  0]LogConfig: Setting CVar [[s.PriorityAsyncLoadingExtraTime:15.0]]
[2021.04.19-14.56.52:652][  0]LogConfig: Setting CVar [[s.LevelStreamingActorsUpdateTimeLimit:5.0]]
[2021.04.19-14.56.52:652][  0]LogConfig: Setting CVar [[s.PriorityLevelStreamingActorsUpdateExtraTime:5.0]]
[2021.04.19-14.56.52:653][  0]LogConfig: Setting CVar [[s.LevelStreamingComponentsRegistrationGranularity:10]]
[2021.04.19-14.56.52:653][  0]LogConfig: Setting CVar [[s.UnregisterComponentsTimeLimit:1.0]]
[2021.04.19-14.56.52:654][  0]LogConfig: Setting CVar [[s.LevelStreamingComponentsUnregistrationGranularity:5]]
[2021.04.19-14.56.52:654][  0]LogConfig: Setting CVar [[s.FlushStreamingOnExit:1]]
[2021.04.19-14.56.52:655][  0]LogConfig: Applying CVar settings from Section [/Script/Engine.GarbageCollectionSettings] File [D:/DW/Documents/GitHub/TDMDeathmatch/TDMDeathmatch/Saved/Config/Windows/Engine.ini]
[2021.04.19-14.56.52:657][  0]LogConfig: Setting CVar [[gc.MaxObjectsNotConsideredByGC:1]]
[2021.04.19-14.56.52:657][  0]LogConfig: Setting CVar [[gc.SizeOfPermanentObjectPool:0]]
[2021.04.19-14.56.52:658][  0]LogConfig: Setting CVar [[gc.FlushStreamingOnGC:0]]
[2021.04.19-14.56.52:658][  0]LogConfig: Setting CVar [[gc.NumRetriesBeforeForcingGC:10]]
[2021.04.19-14.56.52:658][  0]LogConfig: Setting CVar [[gc.AllowParallelGC:1]]
[2021.04.19-14.56.52:659][  0]LogConfig: Setting CVar [[gc.TimeBetweenPurgingPendingKillObjects:61.1]]
[2021.04.19-14.56.52:659][  0]LogConfig: Setting CVar [[gc.MaxObjectsInEditor:25165824]]
[2021.04.19-14.56.52:659][  0]LogConfig: Setting CVar [[gc.IncrementalBeginDestroyEnabled:1]]
[2021.04.19-14.56.52:660][  0]LogConfig: Setting CVar [[gc.CreateGCClusters:1]]
[2021.04.19-14.56.52:660][  0]LogConfig: Setting CVar [[gc.MinGCClusterSize:5]]
[2021.04.19-14.56.52:660][  0]LogConfig: Setting CVar [[gc.ActorClusteringEnabled:0]]
[2021.04.19-14.56.52:661][  0]LogConfig: Setting CVar [[gc.BlueprintClusteringEnabled:0]]
[2021.04.19-14.56.52:661][  0]LogConfig: Setting CVar [[gc.UseDisregardForGCOnDedicatedServers:0]]
[2021.04.19-14.56.52:662][  0]LogConfig: Applying CVar settings from Section [/Script/Engine.NetworkSettings] File [D:/DW/Documents/GitHub/TDMDeathmatch/TDMDeathmatch/Saved/Config/Windows/Engine.ini]
[2021.04.19-14.56.52:662][  0]LogConfig: Applying CVar settings from Section [/Script/UnrealEd.CookerSettings] File [D:/DW/Documents/GitHub/TDMDeathmatch/TDMDeathmatch/Saved/Config/Windows/Engine.ini]
[2021.04.19-14.56.52:665][  0]LogConfig: Applying CVar settings from Section [ViewDistanceQuality@3] File [D:/DW/Documents/GitHub/TDMDeathmatch/TDMDeathmatch/Saved/Config/Windows/Scalability.ini]
[2021.04.19-14.56.52:666][  0]LogConfig: Setting CVar [[r.SkeletalMeshLODBias:0]]
[2021.04.19-14.56.52:666][  0]LogConfig: Setting CVar [[r.ViewDistanceScale:1.0]]
[2021.04.19-14.56.52:667][  0]LogConfig: Applying CVar settings from Section [AntiAliasingQuality@3] File [D:/DW/Documents/GitHub/TDMDeathmatch/TDMDeathmatch/Saved/Config/Windows/Scalability.ini]
[2021.04.19-14.56.52:667][  0]LogConfig: Setting CVar [[r.PostProcessAAQuality:4]]
[2021.04.19-14.56.52:668][  0]LogConfig: Applying CVar settings from Section [ShadowQuality@3] File [D:/DW/Documents/GitHub/TDMDeathmatch/TDMDeathmatch/Saved/Config/Windows/Scalability.ini]
[2021.04.19-14.56.52:668][  0]LogConfig: Setting CVar [[r.LightFunctionQuality:1]]
[2021.04.19-14.56.52:668][  0]LogConfig: Setting CVar [[r.ShadowQuality:5]]
[2021.04.19-14.56.52:669][  0]LogConfig: Setting CVar [[r.Shadow.CSM.MaxCascades:10]]
[2021.04.19-14.56.52:669][  0]LogConfig: Setting CVar [[r.Shadow.MaxResolution:2048]]
[2021.04.19-14.56.52:669][  0]LogConfig: Setting CVar [[r.Shadow.MaxCSMResolution:2048]]
[2021.04.19-14.56.52:670][  0]LogConfig: Setting CVar [[r.Shadow.RadiusThreshold:0.01]]
[2021.04.19-14.56.52:672][  0]LogConfig: Setting CVar [[r.Shadow.DistanceScale:1.0]]
[2021.04.19-14.56.52:673][  0]LogConfig: Setting CVar [[r.Shadow.CSM.TransitionScale:1.0]]
[2021.04.19-14.56.52:673][  0]LogConfig: Setting CVar [[r.Shadow.PreShadowResolutionFactor:1.0]]
[2021.04.19-14.56.52:674][  0]LogConfig: Setting CVar [[r.DistanceFieldShadowing:1]]
[2021.04.19-14.56.52:674][  0]LogConfig: Setting CVar [[r.DistanceFieldAO:1]]
[2021.04.19-14.56.52:674][  0]LogConfig: Setting CVar [[r.AOQuality:2]]
[2021.04.19-14.56.52:675][  0]LogConfig: Setting CVar [[r.VolumetricFog:1]]
[2021.04.19-14.56.52:675][  0]LogConfig: Setting CVar [[r.VolumetricFog.GridPixelSize:8]]
[2021.04.19-14.56.52:675][  0]LogConfig: Setting CVar [[r.VolumetricFog.GridSizeZ:128]]
[2021.04.19-14.56.52:676][  0]LogConfig: Setting CVar [[r.VolumetricFog.HistoryMissSupersampleCount:4]]
[2021.04.19-14.56.52:676][  0]LogConfig: Setting CVar [[r.LightMaxDrawDistanceScale:1]]
[2021.04.19-14.56.52:676][  0]LogConfig: Setting CVar [[r.CapsuleShadows:1]]
[2021.04.19-14.56.52:677][  0]LogConfig: Applying CVar settings from Section [PostProcessQuality@3] File [D:/DW/Documents/GitHub/TDMDeathmatch/TDMDeathmatch/Saved/Config/Windows/Scalability.ini]
[2021.04.19-14.56.52:677][  0]LogConfig: Setting CVar [[r.MotionBlurQuality:4]]
[2021.04.19-14.56.52:678][  0]LogConfig: Setting CVar [[r.AmbientOcclusionMipLevelFactor:0.4]]
[2021.04.19-14.56.52:678][  0]LogConfig: Setting CVar [[r.AmbientOcclusionMaxQuality:100]]
[2021.04.19-14.56.52:678][  0]LogConfig: Setting CVar [[r.AmbientOcclusionLevels:-1]]
[2021.04.19-14.56.52:679][  0]LogConfig: Setting CVar [[r.AmbientOcclusionRadiusScale:1.0]]
[2021.04.19-14.56.52:679][  0]LogConfig: Setting CVar [[r.DepthOfFieldQuality:2]]
[2021.04.19-14.56.52:679][  0]LogConfig: Setting CVar [[r.RenderTargetPoolMin:400]]
[2021.04.19-14.56.52:680][  0]LogConfig: Setting CVar [[r.LensFlareQuality:2]]
[2021.04.19-14.56.52:680][  0]LogConfig: Setting CVar [[r.SceneColorFringeQuality:1]]
[2021.04.19-14.56.52:681][  0]LogConfig: Setting CVar [[r.EyeAdaptationQuality:2]]
[2021.04.19-14.56.52:682][  0]LogConfig: Setting CVar [[r.BloomQuality:5]]
[2021.04.19-14.56.52:683][  0]LogConfig: Setting CVar [[r.FastBlurThreshold:100]]
[2021.04.19-14.56.52:683][  0]LogConfig: Setting CVar [[r.Upscale.Quality:3]]
[2021.04.19-14.56.52:683][  0]LogConfig: Setting CVar [[r.Tonemapper.GrainQuantization:1]]
[2021.04.19-14.56.52:685][  0]LogConfig: Setting CVar [[r.LightShaftQuality:1]]
[2021.04.19-14.56.52:688][  0]LogConfig: Setting CVar [[r.Filter.SizeScale:1]]
[2021.04.19-14.56.52:688][  0]LogConfig: Setting CVar [[r.Tonemapper.Quality:5]]
[2021.04.19-14.56.52:688][  0]LogConfig: Setting CVar [[r.DOF.Gather.AccumulatorQuality:1        ; higher gathering accumulator quality]]
[2021.04.19-14.56.52:689][  0]LogConfig: Setting CVar [[r.DOF.Gather.PostfilterMethod:1          ; Median3x3 postfilering method]]
[2021.04.19-14.56.52:689][  0]LogConfig: Setting CVar [[r.DOF.Gather.EnableBokehSettings:0       ; no bokeh simulation when gathering]]
[2021.04.19-14.56.52:689][  0]LogConfig: Setting CVar [[r.DOF.Gather.RingCount:4                 ; medium number of samples when gathering]]
[2021.04.19-14.56.52:690][  0]LogConfig: Setting CVar [[r.DOF.Scatter.ForegroundCompositing:1    ; additive foreground scattering]]
[2021.04.19-14.56.52:690][  0]LogConfig: Setting CVar [[r.DOF.Scatter.BackgroundCompositing:2    ; additive background scattering]]
[2021.04.19-14.56.52:690][  0]LogConfig: Setting CVar [[r.DOF.Scatter.EnableBokehSettings:1      ; bokeh simulation when scattering]]
[2021.04.19-14.56.52:691][  0]LogConfig: Setting CVar [[r.DOF.Scatter.MaxSpriteRatio:0.1         ; only a maximum of 10% of scattered bokeh]]
[2021.04.19-14.56.52:691][  0]LogConfig: Setting CVar [[r.DOF.Recombine.Quality:1                ; cheap slight out of focus]]
[2021.04.19-14.56.52:691][  0]LogConfig: Setting CVar [[r.DOF.Recombine.EnableBokehSettings:0    ; no bokeh simulation on slight out of focus]]
[2021.04.19-14.56.52:692][  0]LogConfig: Setting CVar [[r.DOF.TemporalAAQuality:1                ; more stable temporal accumulation]]
[2021.04.19-14.56.52:692][  0]LogConfig: Setting CVar [[r.DOF.Kernel.MaxForegroundRadius:0.025]]
[2021.04.19-14.56.52:693][  0]LogConfig: Setting CVar [[r.DOF.Kernel.MaxBackgroundRadius:0.025]]
[2021.04.19-14.56.52:693][  0]LogConfig: Applying CVar settings from Section [TextureQuality@3] File [D:/DW/Documents/GitHub/TDMDeathmatch/TDMDeathmatch/Saved/Config/Windows/Scalability.ini]
[2021.04.19-14.56.52:693][  0]LogConfig: Setting CVar [[r.Streaming.MipBias:0]]
[2021.04.19-14.56.52:694][  0]LogConfig: Setting CVar [[r.Streaming.AmortizeCPUToGPUCopy:0]]
[2021.04.19-14.56.52:694][  0]LogConfig: Setting CVar [[r.Streaming.MaxNumTexturesToStreamPerFrame:0]]
[2021.04.19-14.56.52:694][  0]LogConfig: Setting CVar [[r.Streaming.Boost:1]]
[2021.04.19-14.56.52:695][  0]LogConfig: Setting CVar [[r.MaxAnisotropy:8]]
[2021.04.19-14.56.52:695][  0]LogConfig: Setting CVar [[r.VT.MaxAnisotropy:8]]
[2021.04.19-14.56.52:695][  0]LogConfig: Setting CVar [[r.Streaming.LimitPoolSizeToVRAM:0]]
[2021.04.19-14.56.52:696][  0]LogConfig: Setting CVar [[r.Streaming.PoolSize:1000]]
[2021.04.19-14.56.52:696][  0]LogConfig: Setting CVar [[r.Streaming.MaxEffectiveScreenSize:0]]
[2021.04.19-14.56.52:696][  0]LogConfig: Applying CVar settings from Section [EffectsQuality@3] File [D:/DW/Documents/GitHub/TDMDeathmatch/TDMDeathmatch/Saved/Config/Windows/Scalability.ini]
[2021.04.19-14.56.52:697][  0]LogConfig: Setting CVar [[r.TranslucencyLightingVolumeDim:64]]
[2021.04.19-14.56.52:697][  0]LogConfig: Setting CVar [[r.RefractionQuality:2]]
[2021.04.19-14.56.52:698][  0]LogConfig: Setting CVar [[r.SSR.Quality:3]]
[2021.04.19-14.56.52:699][  0]LogConfig: Setting CVar [[r.SSR.HalfResSceneColor:0]]
[2021.04.19-14.56.52:700][  0]LogConfig: Setting CVar [[r.SceneColorFormat:4]]
[2021.04.19-14.56.52:702][  0]LogConfig: Setting CVar [[r.DetailMode:2]]
[2021.04.19-14.56.52:703][  0]LogConfig: Setting CVar [[r.TranslucencyVolumeBlur:1]]
[2021.04.19-14.56.52:703][  0]LogConfig: Setting CVar [[r.MaterialQualityLevel:1 ; High quality]]
[2021.04.19-14.56.52:703][  0]LogConfig: Setting CVar [[r.SSS.Scale:1]]
[2021.04.19-14.56.52:704][  0]LogConfig: Setting CVar [[r.SSS.SampleSet:2]]
[2021.04.19-14.56.52:704][  0]LogConfig: Setting CVar [[r.SSS.Quality:1]]
[2021.04.19-14.56.52:705][  0]LogConfig: Setting CVar [[r.SSS.HalfRes:0]]
[2021.04.19-14.56.52:705][  0]LogConfig: Setting CVar [[r.SSGI.Quality:3]]
[2021.04.19-14.56.52:705][  0]LogConfig: Setting CVar [[r.EmitterSpawnRateScale:1.0]]
[2021.04.19-14.56.52:706][  0]LogConfig: Setting CVar [[r.ParticleLightQuality:2]]
[2021.04.19-14.56.52:706][  0]LogConfig: Setting CVar [[r.SkyAtmosphere.AerialPerspectiveLUT.FastApplyOnOpaque:1 ; Always have FastSkyLUT 1 in this case to avoid wrong sky]]
[2021.04.19-14.56.52:706][  0]LogConfig: Setting CVar [[r.SkyAtmosphere.AerialPerspectiveLUT.SampleCountPerSlice:1]]
[2021.04.19-14.56.52:707][  0]LogConfig: Setting CVar [[r.SkyAtmosphere.AerialPerspectiveLUT.DepthResolution:16.0]]
[2021.04.19-14.56.52:707][  0]LogConfig: Setting CVar [[r.SkyAtmosphere.FastSkyLUT:1]]
[2021.04.19-14.56.52:707][  0]LogConfig: Setting CVar [[r.SkyAtmosphere.FastSkyLUT.SampleCountMin:4.0]]
[2021.04.19-14.56.52:708][  0]LogConfig: Setting CVar [[r.SkyAtmosphere.FastSkyLUT.SampleCountMax:32.0]]
[2021.04.19-14.56.52:708][  0]LogConfig: Setting CVar [[r.SkyAtmosphere.SampleCountMin:4.0]]
[2021.04.19-14.56.52:708][  0]LogConfig: Setting CVar [[r.SkyAtmosphere.SampleCountMax:32.0]]
[2021.04.19-14.56.52:709][  0]LogConfig: Setting CVar [[r.SkyAtmosphere.TransmittanceLUT.UseSmallFormat:0]]
[2021.04.19-14.56.52:709][  0]LogConfig: Setting CVar [[r.SkyAtmosphere.TransmittanceLUT.SampleCount:10.0]]
[2021.04.19-14.56.52:710][  0]LogConfig: Setting CVar [[r.SkyAtmosphere.MultiScatteringLUT.SampleCount:15.0]]
[2021.04.19-14.56.52:710][  0]LogConfig: Applying CVar settings from Section [FoliageQuality@3] File [D:/DW/Documents/GitHub/TDMDeathmatch/TDMDeathmatch/Saved/Config/Windows/Scalability.ini]
[2021.04.19-14.56.52:710][  0]LogConfig: Setting CVar [[foliage.DensityScale:1.0]]
[2021.04.19-14.56.52:711][  0]LogConfig: Setting CVar [[grass.DensityScale:1.0]]
[2021.04.19-14.56.52:711][  0]LogConfig: Applying CVar settings from Section [ShadingQuality@3] File [D:/DW/Documents/GitHub/TDMDeathmatch/TDMDeathmatch/Saved/Config/Windows/Scalability.ini]
[2021.04.19-14.56.52:711][  0]LogConfig: Setting CVar [[r.HairStrands.SkyLighting.SampleCount:16]]
[2021.04.19-14.56.52:712][  0]LogConfig: Setting CVar [[r.HairStrands.SkyLighting.JitterIntegration:0]]
[2021.04.19-14.56.52:712][  0]LogConfig: Setting CVar [[r.HairStrands.SkyAO.SampleCount:16]]
[2021.04.19-14.56.52:712][  0]LogConfig: Setting CVar [[r.HairStrands.DeepShadow.SuperSampling:0]]
[2021.04.19-14.56.52:713][  0]LogConfig: Setting CVar [[r.HairStrands.VisibilityPPLL:0]]
[2021.04.19-14.56.52:713][  0]LogConfig: Setting CVar [[r.HairStrands.RasterizationScale:0.5]]
[2021.04.19-14.56.52:714][  0]LogConfig: Setting CVar [[r.HairStrands.VelocityRasterizationScale:1]]
[2021.04.19-14.56.52:715][  0]LogInit: Selected Device Profile: [Windows]
[2021.04.19-14.56.52:715][  0]LogInit: Applying CVar settings loaded from the selected device profile: [Windows]
[2021.04.19-14.56.52:716][  0]LogHAL: Display: Platform has ~ 16 GB [17059516416 / 17179869184 / 16], which maps to Larger [LargestMinGB=32, LargerMinGB=12, DefaultMinGB=8, SmallerMinGB=6, SmallestMinGB=0)
[2021.04.19-14.56.52:719][  0]LogInit: Going up to parent DeviceProfile []
[2021.04.19-14.56.52:719][  0]LogConfig: Applying CVar settings from Section [ViewDistanceQuality@3] File [D:/DW/Documents/GitHub/TDMDeathmatch/TDMDeathmatch/Saved/Config/Windows/Scalability.ini]
[2021.04.19-14.56.52:720][  0]LogConfig: Setting CVar [[r.SkeletalMeshLODBias:0]]
[2021.04.19-14.56.52:720][  0]LogConfig: Setting CVar [[r.ViewDistanceScale:1.0]]
[2021.04.19-14.56.52:720][  0]LogConfig: Applying CVar settings from Section [AntiAliasingQuality@3] File [D:/DW/Documents/GitHub/TDMDeathmatch/TDMDeathmatch/Saved/Config/Windows/Scalability.ini]
[2021.04.19-14.56.52:721][  0]LogConfig: Setting CVar [[r.PostProcessAAQuality:4]]
[2021.04.19-14.56.52:721][  0]LogConfig: Applying CVar settings from Section [ShadowQuality@3] File [D:/DW/Documents/GitHub/TDMDeathmatch/TDMDeathmatch/Saved/Config/Windows/Scalability.ini]
[2021.04.19-14.56.52:721][  0]LogConfig: Setting CVar [[r.LightFunctionQuality:1]]
[2021.04.19-14.56.52:722][  0]LogConfig: Setting CVar [[r.ShadowQuality:5]]
[2021.04.19-14.56.52:722][  0]LogConfig: Setting CVar [[r.Shadow.CSM.MaxCascades:10]]
[2021.04.19-14.56.52:722][  0]LogConfig: Setting CVar [[r.Shadow.MaxResolution:2048]]
[2021.04.19-14.56.52:723][  0]LogConfig: Setting CVar [[r.Shadow.MaxCSMResolution:2048]]
[2021.04.19-14.56.52:723][  0]LogConfig: Setting CVar [[r.Shadow.RadiusThreshold:0.01]]
[2021.04.19-14.56.52:724][  0]LogConfig: Setting CVar [[r.Shadow.DistanceScale:1.0]]
[2021.04.19-14.56.52:724][  0]LogConfig: Setting CVar [[r.Shadow.CSM.TransitionScale:1.0]]
[2021.04.19-14.56.52:724][  0]LogConfig: Setting CVar [[r.Shadow.PreShadowResolutionFactor:1.0]]
[2021.04.19-14.56.52:725][  0]LogConfig: Setting CVar [[r.DistanceFieldShadowing:1]]
[2021.04.19-14.56.52:725][  0]LogConfig: Setting CVar [[r.DistanceFieldAO:1]]
[2021.04.19-14.56.52:725][  0]LogConfig: Setting CVar [[r.AOQuality:2]]
[2021.04.19-14.56.52:726][  0]LogConfig: Setting CVar [[r.VolumetricFog:1]]
[2021.04.19-14.56.52:726][  0]LogConfig: Setting CVar [[r.VolumetricFog.GridPixelSize:8]]
[2021.04.19-14.56.52:726][  0]LogConfig: Setting CVar [[r.VolumetricFog.GridSizeZ:128]]
[2021.04.19-14.56.52:727][  0]LogConfig: Setting CVar [[r.VolumetricFog.HistoryMissSupersampleCount:4]]
[2021.04.19-14.56.52:727][  0]LogConfig: Setting CVar [[r.LightMaxDrawDistanceScale:1]]
[2021.04.19-14.56.52:727][  0]LogConfig: Setting CVar [[r.CapsuleShadows:1]]
[2021.04.19-14.56.52:728][  0]LogConfig: Applying CVar settings from Section [PostProcessQuality@3] File [D:/DW/Documents/GitHub/TDMDeathmatch/TDMDeathmatch/Saved/Config/Windows/Scalability.ini]
[2021.04.19-14.56.52:728][  0]LogConfig: Setting CVar [[r.MotionBlurQuality:4]]
[2021.04.19-14.56.52:728][  0]LogConfig: Setting CVar [[r.AmbientOcclusionMipLevelFactor:0.4]]
[2021.04.19-14.56.52:729][  0]LogConfig: Setting CVar [[r.AmbientOcclusionMaxQuality:100]]
[2021.04.19-14.56.52:730][  0]LogConfig: Setting CVar [[r.AmbientOcclusionLevels:-1]]
[2021.04.19-14.56.52:730][  0]LogConfig: Setting CVar [[r.AmbientOcclusionRadiusScale:1.0]]
[2021.04.19-14.56.52:730][  0]LogConfig: Setting CVar [[r.DepthOfFieldQuality:2]]
[2021.04.19-14.56.52:731][  0]LogConfig: Setting CVar [[r.RenderTargetPoolMin:400]]
[2021.04.19-14.56.52:732][  0]LogConfig: Setting CVar [[r.LensFlareQuality:2]]
[2021.04.19-14.56.52:735][  0]LogConfig: Setting CVar [[r.SceneColorFringeQuality:1]]
[2021.04.19-14.56.52:736][  0]LogConfig: Setting CVar [[r.EyeAdaptationQuality:2]]
[2021.04.19-14.56.52:736][  0]LogConfig: Setting CVar [[r.BloomQuality:5]]
[2021.04.19-14.56.52:736][  0]LogConfig: Setting CVar [[r.FastBlurThreshold:100]]
[2021.04.19-14.56.52:737][  0]LogConfig: Setting CVar [[r.Upscale.Quality:3]]
[2021.04.19-14.56.52:737][  0]LogConfig: Setting CVar [[r.Tonemapper.GrainQuantization:1]]
[2021.04.19-14.56.52:738][  0]LogConfig: Setting CVar [[r.LightShaftQuality:1]]
[2021.04.19-14.56.52:738][  0]LogConfig: Setting CVar [[r.Filter.SizeScale:1]]
[2021.04.19-14.56.52:738][  0]LogConfig: Setting CVar [[r.Tonemapper.Quality:5]]
[2021.04.19-14.56.52:739][  0]LogConfig: Setting CVar [[r.DOF.Gather.AccumulatorQuality:1        ; higher gathering accumulator quality]]
[2021.04.19-14.56.52:739][  0]LogConfig: Setting CVar [[r.DOF.Gather.PostfilterMethod:1          ; Median3x3 postfilering method]]
[2021.04.19-14.56.52:739][  0]LogConfig: Setting CVar [[r.DOF.Gather.EnableBokehSettings:0       ; no bokeh simulation when gathering]]
[2021.04.19-14.56.52:740][  0]LogConfig: Setting CVar [[r.DOF.Gather.RingCount:4                 ; medium number of samples when gathering]]
[2021.04.19-14.56.52:740][  0]LogConfig: Setting CVar [[r.DOF.Scatter.ForegroundCompositing:1    ; additive foreground scattering]]
[2021.04.19-14.56.52:741][  0]LogConfig: Setting CVar [[r.DOF.Scatter.BackgroundCompositing:2    ; additive background scattering]]
[2021.04.19-14.56.52:741][  0]LogConfig: Setting CVar [[r.DOF.Scatter.EnableBokehSettings:1      ; bokeh simulation when scattering]]
[2021.04.19-14.56.52:741][  0]LogConfig: Setting CVar [[r.DOF.Scatter.MaxSpriteRatio:0.1         ; only a maximum of 10% of scattered bokeh]]
[2021.04.19-14.56.52:742][  0]LogConfig: Setting CVar [[r.DOF.Recombine.Quality:1                ; cheap slight out of focus]]
[2021.04.19-14.56.52:742][  0]LogConfig: Setting CVar [[r.DOF.Recombine.EnableBokehSettings:0    ; no bokeh simulation on slight out of focus]]
[2021.04.19-14.56.52:742][  0]LogConfig: Setting CVar [[r.DOF.TemporalAAQuality:1                ; more stable temporal accumulation]]
[2021.04.19-14.56.52:743][  0]LogConfig: Setting CVar [[r.DOF.Kernel.MaxForegroundRadius:0.025]]
[2021.04.19-14.56.52:743][  0]LogConfig: Setting CVar [[r.DOF.Kernel.MaxBackgroundRadius:0.025]]
[2021.04.19-14.56.52:743][  0]LogConfig: Applying CVar settings from Section [TextureQuality@3] File [D:/DW/Documents/GitHub/TDMDeathmatch/TDMDeathmatch/Saved/Config/Windows/Scalability.ini]
[2021.04.19-14.56.52:744][  0]LogConfig: Setting CVar [[r.Streaming.MipBias:0]]
[2021.04.19-14.56.52:745][  0]LogConfig: Setting CVar [[r.Streaming.AmortizeCPUToGPUCopy:0]]
[2021.04.19-14.56.52:745][  0]LogConfig: Setting CVar [[r.Streaming.MaxNumTexturesToStreamPerFrame:0]]
[2021.04.19-14.56.52:745][  0]LogConfig: Setting CVar [[r.Streaming.Boost:1]]
[2021.04.19-14.56.52:746][  0]LogConfig: Setting CVar [[r.MaxAnisotropy:8]]
[2021.04.19-14.56.52:746][  0]LogConfig: Setting CVar [[r.VT.MaxAnisotropy:8]]
[2021.04.19-14.56.52:746][  0]LogConfig: Setting CVar [[r.Streaming.LimitPoolSizeToVRAM:0]]
[2021.04.19-14.56.52:747][  0]LogConfig: Setting CVar [[r.Streaming.PoolSize:1000]]
[2021.04.19-14.56.52:750][  0]LogConfig: Setting CVar [[r.Streaming.MaxEffectiveScreenSize:0]]
[2021.04.19-14.56.52:751][  0]LogConfig: Applying CVar settings from Section [EffectsQuality@3] File [D:/DW/Documents/GitHub/TDMDeathmatch/TDMDeathmatch/Saved/Config/Windows/Scalability.ini]
[2021.04.19-14.56.52:751][  0]LogConfig: Setting CVar [[r.TranslucencyLightingVolumeDim:64]]
[2021.04.19-14.56.52:752][  0]LogConfig: Setting CVar [[r.RefractionQuality:2]]
[2021.04.19-14.56.52:752][  0]LogConfig: Setting CVar [[r.SSR.Quality:3]]
[2021.04.19-14.56.52:752][  0]LogConfig: Setting CVar [[r.SSR.HalfResSceneColor:0]]
[2021.04.19-14.56.52:753][  0]LogConfig: Setting CVar [[r.SceneColorFormat:4]]
[2021.04.19-14.56.52:753][  0]LogConfig: Setting CVar [[r.DetailMode:2]]
[2021.04.19-14.56.52:753][  0]LogConfig: Setting CVar [[r.TranslucencyVolumeBlur:1]]
[2021.04.19-14.56.52:754][  0]LogConfig: Setting CVar [[r.MaterialQualityLevel:1 ; High quality]]
[2021.04.19-14.56.52:754][  0]LogConfig: Setting CVar [[r.SSS.Scale:1]]
[2021.04.19-14.56.52:754][  0]LogConfig: Setting CVar [[r.SSS.SampleSet:2]]
[2021.04.19-14.56.52:755][  0]LogConfig: Setting CVar [[r.SSS.Quality:1]]
[2021.04.19-14.56.52:755][  0]LogConfig: Setting CVar [[r.SSS.HalfRes:0]]
[2021.04.19-14.56.52:756][  0]LogConfig: Setting CVar [[r.SSGI.Quality:3]]
[2021.04.19-14.56.52:756][  0]LogConfig: Setting CVar [[r.EmitterSpawnRateScale:1.0]]
[2021.04.19-14.56.52:756][  0]LogConfig: Setting CVar [[r.ParticleLightQuality:2]]
[2021.04.19-14.56.52:757][  0]LogConfig: Setting CVar [[r.SkyAtmosphere.AerialPerspectiveLUT.FastApplyOnOpaque:1 ; Always have FastSkyLUT 1 in this case to avoid wrong sky]]
[2021.04.19-14.56.52:757][  0]LogConfig: Setting CVar [[r.SkyAtmosphere.AerialPerspectiveLUT.SampleCountPerSlice:1]]
[2021.04.19-14.56.52:757][  0]LogConfig: Setting CVar [[r.SkyAtmosphere.AerialPerspectiveLUT.DepthResolution:16.0]]
[2021.04.19-14.56.52:758][  0]LogConfig: Setting CVar [[r.SkyAtmosphere.FastSkyLUT:1]]
[2021.04.19-14.56.52:758][  0]LogConfig: Setting CVar [[r.SkyAtmosphere.FastSkyLUT.SampleCountMin:4.0]]
[2021.04.19-14.56.52:758][  0]LogConfig: Setting CVar [[r.SkyAtmosphere.FastSkyLUT.SampleCountMax:32.0]]
[2021.04.19-14.56.52:759][  0]LogConfig: Setting CVar [[r.SkyAtmosphere.SampleCountMin:4.0]]
[2021.04.19-14.56.52:760][  0]LogConfig: Setting CVar [[r.SkyAtmosphere.SampleCountMax:32.0]]
[2021.04.19-14.56.52:760][  0]LogConfig: Setting CVar [[r.SkyAtmosphere.TransmittanceLUT.UseSmallFormat:0]]
[2021.04.19-14.56.52:760][  0]LogConfig: Setting CVar [[r.SkyAtmosphere.TransmittanceLUT.SampleCount:10.0]]
[2021.04.19-14.56.52:761][  0]LogConfig: Setting CVar [[r.SkyAtmosphere.MultiScatteringLUT.SampleCount:15.0]]
[2021.04.19-14.56.52:761][  0]LogConfig: Applying CVar settings from Section [FoliageQuality@3] File [D:/DW/Documents/GitHub/TDMDeathmatch/TDMDeathmatch/Saved/Config/Windows/Scalability.ini]
[2021.04.19-14.56.52:761][  0]LogConfig: Setting CVar [[foliage.DensityScale:1.0]]
[2021.04.19-14.56.52:762][  0]LogConfig: Setting CVar [[grass.DensityScale:1.0]]
[2021.04.19-14.56.52:766][  0]LogConfig: Applying CVar settings from Section [ShadingQuality@3] File [D:/DW/Documents/GitHub/TDMDeathmatch/TDMDeathmatch/Saved/Config/Windows/Scalability.ini]
[2021.04.19-14.56.52:766][  0]LogConfig: Setting CVar [[r.HairStrands.SkyLighting.SampleCount:16]]
[2021.04.19-14.56.52:766][  0]LogConfig: Setting CVar [[r.HairStrands.SkyLighting.JitterIntegration:0]]
[2021.04.19-14.56.52:767][  0]LogConfig: Setting CVar [[r.HairStrands.SkyAO.SampleCount:16]]
[2021.04.19-14.56.52:767][  0]LogConfig: Setting CVar [[r.HairStrands.DeepShadow.SuperSampling:0]]
[2021.04.19-14.56.52:768][  0]LogConfig: Setting CVar [[r.HairStrands.VisibilityPPLL:0]]
[2021.04.19-14.56.52:768][  0]LogConfig: Setting CVar [[r.HairStrands.RasterizationScale:0.5]]
[2021.04.19-14.56.52:768][  0]LogConfig: Setting CVar [[r.HairStrands.VelocityRasterizationScale:1]]
[2021.04.19-14.56.52:769][  0]LogConfig: Applying CVar settings from Section [Startup] File [../../../Engine/Config/ConsoleVariables.ini]
[2021.04.19-14.56.52:769][  0]LogConfig: Setting CVar [[net.UseAdaptiveNetUpdateFrequency:0]]
[2021.04.19-14.56.52:769][  0]LogConfig: Setting CVar [[p.chaos.AllowCreatePhysxBodies:1]]
[2021.04.19-14.56.52:770][  0]LogConfig: Setting CVar [[fx.SkipVectorVMBackendOptimizations:1]]
[2021.04.19-14.56.52:770][  0]LogConfig: Applying CVar settings from Section [ConsoleVariables] File [D:/DW/Documents/GitHub/TDMDeathmatch/TDMDeathmatch/Saved/Config/Windows/Engine.ini]
[2021.04.19-14.56.52:771][  0]LogInit: Computer: LAPTOP-205H8F92
[2021.04.19-14.56.52:771][  0]LogInit: User: DW
[2021.04.19-14.56.52:771][  0]LogInit: CPU Page size=4096, Cores=4
[2021.04.19-14.56.52:772][  0]LogInit: High frequency timer resolution =10.000000 MHz
[2021.04.19-14.56.52:772][  0]LogMemory: Memory total: Physical=15.9GB (16GB approx)
[2021.04.19-14.56.52:772][  0]LogMemory: Platform Memory Stats for Windows
[2021.04.19-14.56.52:773][  0]LogMemory: Process Physical Memory: 115.24 MB used, 115.24 MB peak
[2021.04.19-14.56.52:773][  0]LogMemory: Process Virtual Memory: 98.05 MB used, 98.05 MB peak
[2021.04.19-14.56.52:774][  0]LogMemory: Physical Memory: 6920.67 MB used,  9348.55 MB free, 16269.22 MB total
[2021.04.19-14.56.52:775][  0]LogMemory: Virtual Memory: 5143.91 MB used,  134212584.00 MB free, 134217728.00 MB total
[2021.04.19-14.56.52:785][  0]LogWindows: WindowsPlatformFeatures enabled
[2021.04.19-14.56.52:900][  0]LogInit: Physics initialised using underlying interface: PhysX
[2021.04.19-14.56.52:901][  0]LogInit: Using OS detected language (en-GB).
[2021.04.19-14.56.52:902][  0]LogInit: Using OS detected locale (en-GB).
[2021.04.19-14.56.52:904][  0]LogTextLocalizationManager: No specific localization for 'en-GB' exists, so the 'en' localization will be used.
[2021.04.19-14.56.53:141][  0]LogSlate: New Slate User Created.  User Index 0, Is Virtual User: 0
[2021.04.19-14.56.53:141][  0]LogSlate: Slate User Registered.  User Index 0, Is Virtual User: 0
[2021.04.19-14.56.53:203][  0]LogD3D11RHI: D3D11 min allowed feature level: 11_0
[2021.04.19-14.56.53:203][  0]LogD3D11RHI: D3D11 max allowed feature level: 11_0
[2021.04.19-14.56.53:204][  0]LogD3D11RHI: D3D11 adapters:
[2021.04.19-14.56.53:350][  0]LogD3D11RHI:    0. 'NVIDIA GeForce GTX 1050' (Feature Level 11_0)
[2021.04.19-14.56.53:350][  0]LogD3D11RHI:       4019/0/8134 MB DedicatedVideo/DedicatedSystem/SharedSystem, Outputs:1, VendorId:0x10de
[2021.04.19-14.56.53:401][  0]LogD3D11RHI:    1. 'Intel(R) HD Graphics 630' (Feature Level 11_0)
[2021.04.19-14.56.53:402][  0]LogD3D11RHI:       128/0/8134 MB DedicatedVideo/DedicatedSystem/SharedSystem, Outputs:0, VendorId:0x8086
[2021.04.19-14.56.53:406][  0]LogD3D11RHI:    2. 'Microsoft Basic Render Driver' (Feature Level 11_0)
[2021.04.19-14.56.53:406][  0]LogD3D11RHI:       0/0/8134 MB DedicatedVideo/DedicatedSystem/SharedSystem, Outputs:0, VendorId:0x1414
[2021.04.19-14.56.53:407][  0]LogD3D11RHI: Chosen D3D11 Adapter: 0
[2021.04.19-14.56.53:416][  0]LogD3D11RHI: Creating new Direct3DDevice
[2021.04.19-14.56.53:417][  0]LogD3D11RHI:     GPU DeviceId: 0x1c8d (for the marketing name, search the web for "GPU Device Id")
[2021.04.19-14.56.53:417][  0]LogWindows: EnumDisplayDevices:
[2021.04.19-14.56.53:418][  0]LogWindows:    0. 'Intel(R) HD Graphics 630' (P:1 D:1)
[2021.04.19-14.56.53:419][  0]LogWindows:    1. 'Intel(R) HD Graphics 630' (P:0 D:0)
[2021.04.19-14.56.53:420][  0]LogWindows:    2. 'Intel(R) HD Graphics 630' (P:0 D:0)
[2021.04.19-14.56.53:420][  0]LogWindows:    3. 'NVIDIA GeForce GTX 1050' (P:0 D:0)
[2021.04.19-14.56.53:421][  0]LogWindows: DebugString: PrimaryIsNotTheChoosenAdapter PrimaryIsNotTheChoosenAdapter PrimaryIsNotTheChoosenAdapter 
[2021.04.19-14.56.53:421][  0]LogD3D11RHI:     Adapter Name: NVIDIA GeForce GTX 1050
[2021.04.19-14.56.53:421][  0]LogD3D11RHI:   Driver Version: 461.40 (internal:27.21.14.6140, unified:461.40)
[2021.04.19-14.56.53:422][  0]LogD3D11RHI:      Driver Date: 1-22-2021
[2021.04.19-14.56.53:422][  0]LogRHI: Texture pool is 2813 MB (70% of 4019 MB)
[2021.04.19-14.56.53:531][  0]LogD3D11RHI: RHI has support for 64 bit atomics
[2021.04.19-14.56.53:532][  0]LogD3D11RHI: Async texture creation enabled
[2021.04.19-14.56.53:533][  0]LogD3D11RHI: Array index from any shader is supported
[2021.04.19-14.56.53:577][  0]LogD3D11RHI: GPU Timing Frequency: 1000.000000 (Debug: 2 1)
[2021.04.19-14.56.54:013][  0]LogTargetPlatformManager: Display: Loaded TargetPlatform 'WindowsNoEditor'
[2021.04.19-14.56.54:020][  0]LogTargetPlatformManager: Display: Loaded TargetPlatform 'Windows'
[2021.04.19-14.56.54:035][  0]LogTargetPlatformManager: Display: Loaded TargetPlatform 'WindowsClient'
[2021.04.19-14.56.54:048][  0]LogTargetPlatformManager: Display: Loaded TargetPlatform 'WindowsServer'
[2021.04.19-14.56.54:049][  0]LogTargetPlatformManager: Display: Building Assets For Windows
[2021.04.19-14.56.54:069][  0]LogAudioDebug: Display: Lib vorbis DLL was dynamically loaded.
[2021.04.19-14.56.54:181][  0]LogShaderCompilers: Guid format shader working directory is -22 characters bigger than the processId version (../../../../../../DW/Documents/GitHub/TDMDeathmatch/TDMDeathmatch/Intermediate/Shaders/WorkingDirectory/8260/).
[2021.04.19-14.56.54:182][  0]LogShaderCompilers: Cleaned the shader compiler working directory 'C:/Users/DW/AppData/Local/Temp/UnrealShaderWorkingDir/E521E4BD4B71422D53DB38AD7D46342D/'.
[2021.04.19-14.56.54:184][  0]LogShaderCompilers: Display: Using XGE Shader Compiler (Interception Interface).
[2021.04.19-14.56.55:217][  0]LogDerivedDataCache: Display: Max Cache Size: 512 MB
[2021.04.19-14.56.55:279][  0]LogDerivedDataCache: Loaded boot cache 0.06s 74MB C:/Users/DW/AppData/Local/UnrealEngine/4.25/DerivedDataCache/Boot.ddc.
[2021.04.19-14.56.55:279][  0]LogDerivedDataCache: Display: Loaded Boot cache: C:/Users/DW/AppData/Local/UnrealEngine/4.25/DerivedDataCache/Boot.ddc
[2021.04.19-14.56.55:281][  0]LogDerivedDataCache: FDerivedDataBackendGraph:  Pak pak cache file ../../../../../../DW/Documents/GitHub/TDMDeathmatch/TDMDeathmatch/DerivedDataCache/DDC.ddp not found, will not use a pak cache.
[2021.04.19-14.56.55:281][  0]LogDerivedDataCache: Unable to find inner node Pak for hierarchical cache Hierarchy.
[2021.04.19-14.56.55:282][  0]LogDerivedDataCache: FDerivedDataBackendGraph:  CompressedPak pak cache file ../../../../../../DW/Documents/GitHub/TDMDeathmatch/TDMDeathmatch/DerivedDataCache/Compressed.ddp not found, will not use a pak cache.
[2021.04.19-14.56.55:283][  0]LogDerivedDataCache: Unable to find inner node CompressedPak for hierarchical cache Hierarchy.
[2021.04.19-14.56.55:296][  0]LogDerivedDataCache: Display: Pak cache opened for reading ../../../Engine/DerivedDataCache/Compressed.ddp.
[2021.04.19-14.56.55:297][  0]LogDerivedDataCache: FDerivedDataBackendGraph:  EnterprisePak pak cache file ../../../Enterprise/DerivedDataCache/Compressed.ddp not found, will not use a pak cache.
[2021.04.19-14.56.55:297][  0]LogDerivedDataCache: Unable to find inner node EnterprisePak for hierarchical cache Hierarchy.
[2021.04.19-14.56.55:300][  0]LogDerivedDataCache: Using Local data cache path C:/Users/DW/AppData/Local/UnrealEngine/Common/DerivedDataCache: Writable
[2021.04.19-14.56.55:301][  0]LogDerivedDataCache: Shared data cache path not found in *engine.ini, will not use an Shared cache.
[2021.04.19-14.56.55:302][  0]LogDerivedDataCache: Unable to find inner node Shared for hierarchical cache Hierarchy.
[2021.04.19-14.56.55:355][  0]LogSlate: Using FreeType 2.10.0
[2021.04.19-14.56.55:356][  0]LogSlate: SlateFontServices - WITH_FREETYPE: 1, WITH_HARFBUZZ: 1
[2021.04.19-14.56.55:520][  0]LogInit: Using OS detected language (en-GB).
[2021.04.19-14.56.55:520][  0]LogInit: Using OS detected locale (en-GB).
[2021.04.19-14.56.55:521][  0]LogTextLocalizationManager: No localization for 'en-GB' exists, so 'en' will be used for the language.
[2021.04.19-14.56.55:522][  0]LogTextLocalizationManager: No localization for 'en-GB' exists, so 'en' will be used for the locale.
[2021.04.19-14.56.55:523][  0]LogSlate: FontCache flush requested. Reason: Culture for localization was changed
[2021.04.19-14.56.55:523][  0]LogSlate: FontCache flush requested. Reason: Culture for localization was changed
[2021.04.19-14.56.55:525][  0]LogTextLocalizationManager: Compacting localization data took   0.00ms
[2021.04.19-14.56.55:529][  0]LogAssetRegistry: FAssetRegistry took 0.0023 seconds to start up
[2021.04.19-14.56.55:812][  0]LogPackageLocalizationCache: Processed 17 localized package path(s) for 1 prioritized culture(s) in 0.040875 seconds
[2021.04.19-14.56.55:873][  0]LogInit: Selected Device Profile: [Windows]
[2021.04.19-14.56.56:027][  0]LogMeshReduction: Using QuadricMeshReduction for automatic static mesh reduction
[2021.04.19-14.56.56:028][  0]LogMeshReduction: Using SimplygonMeshReduction for automatic skeletal mesh reduction
[2021.04.19-14.56.56:029][  0]LogMeshReduction: Using ProxyLODMeshReduction for automatic mesh merging
[2021.04.19-14.56.56:029][  0]LogMeshReduction: No distributed automatic mesh merging module available
[2021.04.19-14.56.56:030][  0]LogMeshMerging: No distributed automatic mesh merging module available
[2021.04.19-14.56.56:054][  0]LogNetVersion: TDMDeathmatch 1.0.0, NetCL: 13144385, EngineNetVer: 14, GameNetVer: 0 (Checksum: 193990812)
[2021.04.19-14.56.56:375][  0]LogAISub: UAISubsystem::UAISubsystem AISubsystem (000002719FE4D800), frame # 0
[2021.04.19-14.56.56:376][  0]LogAISub: UAISubsystem::UAISubsystem AIPerceptionSystem (000002719FD9EAC0), frame # 0
[2021.04.19-14.56.56:379][  0]LogAISub: UAISubsystem::UAISubsystem EnvQueryManager (000002719FDF5A00), frame # 0
[2021.04.19-14.56.56:514][  0]LogCollectionManager: Loaded 0 collections in 0.001283 seconds
[2021.04.19-14.56.56:520][  0]LogFileCache: Scanning file cache for directory 'D:/DW/Documents/GitHub/TDMDeathmatch/TDMDeathmatch/Saved/Collections/' took 0.00s
[2021.04.19-14.56.56:520][  0]LogFileCache: Scanning file cache for directory 'D:/DW/Documents/GitHub/TDMDeathmatch/TDMDeathmatch/Content/Developers/DW/Collections/' took 0.00s
[2021.04.19-14.56.56:520][  0]LogFileCache: Scanning file cache for directory 'D:/DW/Documents/GitHub/TDMDeathmatch/TDMDeathmatch/Content/Collections/' took 0.00s
[2021.04.19-14.56.56:520][  0]LogCollectionManager: Fixed up redirectors for 0 collections in 0.000004 seconds (updated 0 objects)
[2021.04.19-14.56.56:645][  0]LogMoviePlayer: Initializing movie player
[2021.04.19-14.56.56:965][  0]SourceControl: Source control is disabled
[2021.04.19-14.56.56:969][  0]SourceControl: Source control is disabled
[2021.04.19-14.56.56:981][  0]SourceControl: Source control is disabled
[2021.04.19-14.56.57:204][  0]LogAndroidPermission: UAndroidPermissionCallbackProxy::GetInstance
[2021.04.19-14.56.57:238][  0]LogAudioCaptureCore: Display: No Audio Capture implementations found. Audio input will be silent.
[2021.04.19-14.56.57:238][  0]LogAudioCaptureCore: Display: No Audio Capture implementations found. Audio input will be silent.
[2021.04.19-14.56.57:305][  0]LogUObjectArray: 18640 objects as part of root set at end of initial load.
[2021.04.19-14.56.57:306][  0]LogUObjectAllocator: 4913696 out of 0 bytes used by permanent object pool.
[2021.04.19-14.56.57:307][  0]LogUObjectArray: CloseDisregardForGC: 0/0 objects in disregard for GC pool
[2021.04.19-14.56.57:365][  0]LogEngine: Initializing Engine...
[2021.04.19-14.56.57:366][  0]LogMagicLeap: Warning: VR disabled because ZI is not enabled.  To enable, in the editor, Edit -> Project Settings -> Plugins -> Magic Leap Plugin -> Enable Zero Iteration
[2021.04.19-14.56.57:369][  0]LogStats: UGameplayTagsManager::InitializeManager -  0.000 s
[2021.04.19-14.56.57:476][  0]LogInit: Initializing FReadOnlyCVARCache
[2021.04.19-14.56.57:484][  0]LogAudioMixer: Display: Audio Mixer Platform Settings:
[2021.04.19-14.56.57:484][  0]LogAudioMixer: Display: 	Sample Rate:						  48000
[2021.04.19-14.56.57:484][  0]LogAudioMixer: Display: 	Callback Buffer Frame Size Requested: 1024
[2021.04.19-14.56.57:485][  0]LogAudioMixer: Display: 	Callback Buffer Frame Size To Use:	  1024
[2021.04.19-14.56.57:486][  0]LogAudioMixer: Display: 	Number of buffers to queue:			  2
[2021.04.19-14.56.57:486][  0]LogAudioMixer: Display: 	Max Channels (voices):				  32
[2021.04.19-14.56.57:487][  0]LogAudioMixer: Display: 	Number of Async Source Workers:		  0
[2021.04.19-14.56.57:487][  0]LogAudio: Display: AudioDevice MaxSources: 32
[2021.04.19-14.56.57:489][  0]LogAudio: Display: Using built-in audio occlusion.
[2021.04.19-14.56.57:489][  0]LogAudioMixer: Display: Initializing audio mixer.
[2021.04.19-14.56.57:516][  0]LogAudioMixer: Display: 0: FrontLeft
[2021.04.19-14.56.57:516][  0]LogAudioMixer: Display: 1: FrontRight
[2021.04.19-14.56.57:598][  0]LogAudioMixer: Display: Using Audio Device Speaker/Headphone (Realtek High Definition Audio)
[2021.04.19-14.56.57:604][  0]LogAudioMixer: Display: Initializing Sound Submixes...
[2021.04.19-14.56.57:606][  0]LogAudioMixer: Display: Creating Master Submix 'MasterSubmixDefault'
[2021.04.19-14.56.57:606][  0]LogAudioMixer: Display: Creating Master Submix 'MasterReverbSubmixDefault'
[2021.04.19-14.56.57:608][  0]LogAudioMixer: Display: Creating Master Submix 'MasterEQSubmixDefault'
[2021.04.19-14.56.57:609][  0]LogInit: FAudioDevice initialized.
[2021.04.19-14.56.57:611][  0]LogNetVersion: Set ProjectVersion to 1.0.0.0. Version Checksum will be recalculated on next use.
[2021.04.19-14.56.57:814][  0]LogDerivedDataCache: Saved boot cache 0.20s 74MB C:/Users/DW/AppData/Local/UnrealEngine/4.25/DerivedDataCache/Boot.ddc.
[2021.04.19-14.56.57:815][  0]LogInit: Texture streaming: Enabled
[2021.04.19-14.56.57:896][  0]LogSlate: Updating window title bar state: overlay mode, drag disabled, window buttons hidden, title bar hidden
[2021.04.19-14.56.57:898][  0]LogInit: Display: Game Engine Initialized.
[2021.04.19-14.56.57:899][  0]LogNiagaraEditor: Warning: GEditor isn't valid! Particle reset commands will not work for Niagara components!
[2021.04.19-14.56.57:951][  0]LogInit: Display: Starting Game.
[2021.04.19-14.56.58:108][  0]LogPackageName: SearchForPackageOnDisk took   0.156s to resolve FirstPersonExampleMap.umap.
[2021.04.19-14.56.58:108][  0]LogNet: Browse: /Game/Levels/FirstPersonExampleMap?Name=Player?listen
[2021.04.19-14.56.58:111][  0]LogLoad: LoadMap: /Game/Levels/FirstPersonExampleMap?Name=Player?listen
[2021.04.19-14.56.58:111][  0]LogWorld: BeginTearingDown for /Temp/Untitled_0
[2021.04.19-14.56.58:114][  0]LogWorld: UWorld::CleanupWorld for Untitled, bSessionEnded=true, bCleanupResources=true
[2021.04.19-14.56.58:114][  0]LogSlate: InvalidateAllWidgets triggered.  All widgets were invalidated
[2021.04.19-14.56.58:127][  0]LogUObjectHash: Compacting FUObjectHashTables data took   0.82ms
[2021.04.19-14.56.58:448][  0]LogAIModule: Creating AISystem for world FirstPersonExampleMap
[2021.04.19-14.56.58:449][  0]LogAISub: UAISubsystem::UAISubsystem EnvQueryManager (0000027193380A00), frame # 0
[2021.04.19-14.56.58:450][  0]LogAISub: UAISubsystem::UAISubsystem AIPerceptionSystem (00000271A564F240), frame # 0
[2021.04.19-14.56.58:450][  0]LogLoad: Game class is 'BP_TDMGameModeBase_C'
[2021.04.19-14.56.58:451][  0]LogNet: ReplicationDriverClass is null! Not using ReplicationDriver.
[2021.04.19-14.56.58:451][  0]LogNetCore: DDoS detection status: detection enabled: 0 analytics enabled: 0
[2021.04.19-14.56.58:453][  0]LogInit: WinSock: Socket queue. Rx: 131072 (config 131072) Tx: 131072 (config 131072)
[2021.04.19-14.56.58:453][  0]LogNet: Created socket for bind address: 0.0.0.0 on port 7777
[2021.04.19-14.56.58:454][  0]PacketHandlerLog: Loaded PacketHandler component: Engine.EngineHandlerComponentFactory (StatelessConnectHandlerComponent)
[2021.04.19-14.56.58:454][  0]LogNet: GameNetDriver IpNetDriver_0 IpNetDriver listening on port 7777
[2021.04.19-14.56.58:459][  0]LogWorld: Bringing World /Game/Levels/FirstPersonExampleMap.FirstPersonExampleMap up for play (max tick rate 0) at 2021.04.19-15.56.58
[2021.04.19-14.56.58:460][  0]LogWorld: Bringing up level for play took: 0.004138
[2021.04.19-14.56.58:462][  0]LogOnlineSession: Warning: OSS: No game present to join for session (GameSession)
[2021.04.19-14.56.58:467][  0]LogGameMode: FindPlayerStart: PATHS NOT DEFINED or NO PLAYERSTART with positive rating
[2021.04.19-14.56.58:468][  0]LogTemp: Warning: POST LOGIN
[2021.04.19-14.56.58:470][  0]LogTemp: Warning: BEGIN PLAY
[2021.04.19-14.56.58:472][  0]LogTemp: Warning: POST LOGIN
[2021.04.19-14.56.58:475][  0]LogTemp: Warning: Setting Team to ALPHA
[2021.04.19-14.56.58:477][  0]LogLoad: Took 0.366692 seconds to LoadMap(/Game/Levels/FirstPersonExampleMap)
[2021.04.19-14.56.58:523][  0]LogRenderer: Reallocating scene render targets to support 1280x720 Format 10 NumSamples 1 (Frame:1).
[2021.04.19-14.56.58:523][  0]LogLoad: (Engine Initialization) Total time: 8.06 seconds
[2021.04.19-14.56.58:525][  0]LogLoad: (Engine Initialization) Total Blueprint compile time: 0.00 seconds
[2021.04.19-14.56.58:534][  0]LogContentStreaming: Texture pool size now 1000 MB
[2021.04.19-14.56.58:538][  0]LogSlate: InvalidateAllWidgets triggered.  All widgets were invalidated
[2021.04.19-14.56.58:599][  0]LogRenderer: Reallocating scene render targets to support 128x128 Format 10 NumSamples 1 (Frame:1).
[2021.04.19-14.56.58:631][  0]LogRenderer: Reallocating scene render targets to support 1280x720 Format 10 NumSamples 1 (Frame:2).
[2021.04.19-14.56.59:035][ 45]LogPlayerController: Error: InputMode:UIOnly - Attempting to focus Non-Focusable widget SObjectWidget [Widget.cpp(799)]!
[2021.04.19-14.56.59:047][ 46]LogRenderer: Reallocating scene render targets to support 1280x1024 Format 10 NumSamples 1 (Frame:47).
[2021.04.19-14.57.02:329][394]LogPlayerController: Error: InputMode:UIOnly - Attempting to focus Non-Focusable widget SObjectWidget [Widget.cpp(799)]!
[2021.04.19-14.57.04:256][600]LogScript: Warning: Script Msg: Attempted to access index -1 from array 'Optics' of length 1 in '/Game/UI/Menu/WBP_Menu.WBP_Menu_C'!
[2021.04.19-14.57.04:258][600]LogScript: Warning: Script Msg: Attempted to access index -1 from array 'Muzzle' of length 1 in '/Game/UI/Menu/WBP_Menu.WBP_Menu_C'!
[2021.04.19-14.57.05:083][678]LogScript: Warning: Script Msg: Attempted to access index -1 from array 'Optics' of length 2 in '/Game/UI/Menu/WBP_Menu.WBP_Menu_C'!
[2021.04.19-14.57.05:086][678]LogScript: Warning: Script Msg: Attempted to access index -1 from array 'Muzzle' of length 1 in '/Game/UI/Menu/WBP_Menu.WBP_Menu_C'!
[2021.04.19-14.57.10:127][100]LogSlate: Window 'TDMDeathmatch (64-bit Development PCD3D_SM5) ' being destroyed
[2021.04.19-14.57.10:129][100]LogWindowsTextInputMethodSystem: Display: IME system now deactivated.
[2021.04.19-14.57.10:141][100]LogWindowsTextInputMethodSystem: Display: IME system now deactivated.
[2021.04.19-14.57.10:143][100]LogOnlineSession: Warning: OSS: No game present to leave for session (GameSession)
[2021.04.19-14.57.10:144][100]LogSlate: Updating window title bar state: overlay mode, drag disabled, window buttons hidden, title bar hidden
[2021.04.19-14.57.10:144][100]LogEngine: All Windows Closed
[2021.04.19-14.57.10:146][100]LogWindows: FPlatformMisc::RequestExit(0)
[2021.04.19-14.57.10:147][100]LogCore: Engine exit requested (reason: Win RequestExit)
[2021.04.19-14.57.10:150][101]LogCore: Engine exit requested (reason: EngineExit() was called; note: exit was already requested)
[2021.04.19-14.57.10:155][101]LogAudio: Display: Shutting down audio device while 2 references to it are still alive. For more information, compile with INSTRUMENT_AUDIODEVICE_HANDLES.
[2021.04.19-14.57.10:210][101]LogInit: Display: PreExit Game.
[2021.04.19-14.57.10:261][101]LogWorld: BeginTearingDown for /Game/Levels/FirstPersonExampleMap
[2021.04.19-14.57.10:262][101]LogNet: World NetDriver shutdown IpNetDriver_0 [GameNetDriver]
[2021.04.19-14.57.10:270][101]LogNet: DestroyNamedNetDriver IpNetDriver_0 [GameNetDriver]
[2021.04.19-14.57.10:271][101]LogExit: GameNetDriver IpNetDriver_0 shut down
[2021.04.19-14.57.10:274][101]LogWorld: UWorld::CleanupWorld for FirstPersonExampleMap, bSessionEnded=true, bCleanupResources=true
[2021.04.19-14.57.10:279][101]LogSlate: InvalidateAllWidgets triggered.  All widgets were invalidated
[2021.04.19-14.57.10:389][101]LogExit: Preparing to exit.
[2021.04.19-14.57.10:389][101]LogMoviePlayer: Shutting down movie player
[2021.04.19-14.57.10:398][101]LogSlate: Updating window title bar state: overlay mode, drag disabled, window buttons hidden, title bar hidden
[2021.04.19-14.57.10:412][101]LogExit: Game engine shut down
[2021.04.19-14.57.10:414][101]LogDemo: Cleaned up 0 splitscreen connections with owner deletion
[2021.04.19-14.57.10:427][101]LogAISub: UAISubsystem::~UAISubsystem AISubsystem (000002719FE4D800), frame # 1101
[2021.04.19-14.57.10:428][101]LogAISub: UAISubsystem::~UAISubsystem AIPerceptionSystem (000002719FD9EAC0), frame # 1101
[2021.04.19-14.57.10:428][101]LogAISub: UAISubsystem::~UAISubsystem EnvQueryManager (000002719FDF5A00), frame # 1101
[2021.04.19-14.57.10:434][101]LogAISub: UAISubsystem::~UAISubsystem EnvQueryManager (0000027193380A00), frame # 1101
[2021.04.19-14.57.10:435][101]LogAISub: UAISubsystem::~UAISubsystem AIPerceptionSystem (00000271A564F240), frame # 1101
[2021.04.19-14.57.10:466][101]LogExit: Object subsystem successfully closed.
[2021.04.19-14.57.10:489][101]LogShaderCompilers: Display: Shaders left to compile 0
[2021.04.19-14.57.10:497][101]LogModuleManager: Shutting down and abandoning module SequenceRecorderSections (492)
[2021.04.19-14.57.10:498][101]LogModuleManager: Shutting down and abandoning module SequenceRecorder (490)
[2021.04.19-14.57.10:498][101]LogModuleManager: Shutting down and abandoning module AutomationController (488)
[2021.04.19-14.57.10:499][101]LogModuleManager: Shutting down and abandoning module AutomationWorker (486)
[2021.04.19-14.57.10:499][101]LogModuleManager: Shutting down and abandoning module Voice (484)
[2021.04.19-14.57.10:500][101]LogModuleManager: Shutting down and abandoning module AIModule (482)
[2021.04.19-14.57.10:501][101]LogModuleManager: Shutting down and abandoning module GameplayDebugger (481)
[2021.04.19-14.57.10:501][101]LogModuleManager: Shutting down and abandoning module AITestSuite (479)
[2021.04.19-14.57.10:502][101]LogModuleManager: Shutting down and abandoning module NavigationSystem (477)
[2021.04.19-14.57.10:502][101]LogModuleManager: Shutting down and abandoning module WmfMediaFactory (474)
[2021.04.19-14.57.10:503][101]LogModuleManager: Shutting down and abandoning module WebMMediaFactory (472)
[2021.04.19-14.57.10:503][101]LogModuleManager: Shutting down and abandoning module WebMMedia (470)
[2021.04.19-14.57.10:504][101]LogModuleManager: Shutting down and abandoning module OpenExrWrapper (468)
[2021.04.19-14.57.10:504][101]LogModuleManager: Shutting down and abandoning module ImgMediaFactory (466)
[2021.04.19-14.57.10:505][101]LogModuleManager: Shutting down and abandoning module AvfMediaFactory (464)
[2021.04.19-14.57.10:505][101]LogModuleManager: Shutting down and abandoning module MagicLeapMediaCodecFactory (462)
[2021.04.19-14.57.10:506][101]LogModuleManager: Shutting down and abandoning module MagicLeapMediaFactory (460)
[2021.04.19-14.57.10:506][101]LogModuleManager: Shutting down and abandoning module PlanarCut (458)
[2021.04.19-14.57.10:507][101]LogModuleManager: Shutting down and abandoning module CharacterAI (456)
[2021.04.19-14.57.10:507][101]LogModuleManager: Shutting down and abandoning module SessionServices (454)
[2021.04.19-14.57.10:508][101]LogModuleManager: Shutting down and abandoning module MovieSceneCapture (452)
[2021.04.19-14.57.10:508][101]LogModuleManager: Shutting down and abandoning module LiveCoding (450)
[2021.04.19-14.57.10:510][101]LogModuleManager: Shutting down and abandoning module LevelSequence (448)
[2021.04.19-14.57.10:512][101]LogModuleManager: Shutting down and abandoning module MovieSceneTracks (446)
[2021.04.19-14.57.10:513][101]LogModuleManager: Shutting down and abandoning module MovieScene (444)
[2021.04.19-14.57.10:514][101]LogModuleManager: Shutting down and abandoning module StreamingPauseRendering (442)
[2021.04.19-14.57.10:514][101]LogModuleManager: Shutting down and abandoning module PortalServices (440)
[2021.04.19-14.57.10:515][101]LogModuleManager: Shutting down and abandoning module PortalRpc (438)
[2021.04.19-14.57.10:515][101]LogModuleManager: Shutting down and abandoning module MessagingRpc (436)
[2021.04.19-14.57.10:516][101]LogModuleManager: Shutting down and abandoning module AudioMixerXAudio2 (434)
[2021.04.19-14.57.10:516][101]LogModuleManager: Shutting down and abandoning module AudioMixerCore (433)
[2021.04.19-14.57.10:517][101]LogModuleManager: Shutting down and abandoning module ProfilerService (430)
[2021.04.19-14.57.10:597][101]LogModuleManager: Shutting down and abandoning module TaskGraph (428)
[2021.04.19-14.57.10:598][101]LogModuleManager: Shutting down and abandoning module Synthesis (426)
[2021.04.19-14.57.10:599][101]LogModuleManager: Shutting down and abandoning module ProceduralMeshComponent (424)
[2021.04.19-14.57.10:599][101]LogModuleManager: Shutting down and abandoning module MobilePatchingUtils (422)
[2021.04.19-14.57.10:600][101]LogModuleManager: Shutting down and abandoning module GooglePAD (420)
[2021.04.19-14.57.10:601][101]LogModuleManager: Shutting down and abandoning module EditableMesh (418)
[2021.04.19-14.57.10:601][101]LogModuleManager: Shutting down and abandoning module CustomMeshComponent (416)
[2021.04.19-14.57.10:602][101]LogModuleManager: Shutting down and abandoning module CableComponent (414)
[2021.04.19-14.57.10:602][101]LogModuleManager: Shutting down and abandoning module AudioCapture (412)
[2021.04.19-14.57.10:606][101]LogModuleManager: Shutting down and abandoning module AudioCaptureRtAudio (411)
[2021.04.19-14.57.10:607][101]LogModuleManager: Shutting down and abandoning module AssetTags (408)
[2021.04.19-14.57.10:607][101]LogModuleManager: Shutting down and abandoning module ArchVisCharacter (406)
[2021.04.19-14.57.10:607][101]LogModuleManager: Shutting down and abandoning module AppleImageUtilsBlueprintSupport (404)
[2021.04.19-14.57.10:608][101]LogModuleManager: Shutting down and abandoning module AppleImageUtils (402)
[2021.04.19-14.57.10:608][101]LogModuleManager: Shutting down and abandoning module AndroidPermission (400)
[2021.04.19-14.57.10:609][101]LogModuleManager: Shutting down and abandoning module NUTUnrealEngine4 (398)
[2021.04.19-14.57.10:609][101]LogModuleManager: Shutting down and abandoning module NetcodeUnitTest (396)
[2021.04.19-14.57.10:609][101]LogModuleManager: Shutting down and abandoning module TemplateSequence (394)
[2021.04.19-14.57.10:610][101]LogModuleManager: Shutting down and abandoning module MovieRenderPipelineRenderPasses (392)
[2021.04.19-14.57.10:610][101]LogModuleManager: Shutting down and abandoning module MovieRenderPipelineSettings (390)
[2021.04.19-14.57.10:610][101]LogModuleManager: Shutting down and abandoning module MovieRenderPipelineCore (388)
[2021.04.19-14.57.10:611][101]LogModuleManager: Shutting down and abandoning module ImageWriteQueue (387)
[2021.04.19-14.57.10:611][101]LogModuleManager: Shutting down and abandoning module MediaCompositing (384)
[2021.04.19-14.57.10:611][101]LogModuleManager: Shutting down and abandoning module ImgMedia (382)
[2021.04.19-14.57.10:612][101]LogModuleManager: Shutting down and abandoning module MagicLeapSharedWorld (380)
[2021.04.19-14.57.10:612][101]LogModuleManager: Shutting down and abandoning module MagicLeapLightEstimation (378)
[2021.04.19-14.57.10:613][101]LogModuleManager: Shutting down and abandoning module MagicLeapHelperVulkan (376)
[2021.04.19-14.57.10:613][101]LogModuleManager: Shutting down and abandoning module MagicLeapHelperOpenGL (374)
[2021.04.19-14.57.10:613][101]LogModuleManager: Shutting down and abandoning module MagicLeapAudio (372)
[2021.04.19-14.57.10:614][101]LogModuleManager: Shutting down and abandoning module MeshSolverUtilities (370)
[2021.04.19-14.57.10:615][101]LogModuleManager: Shutting down and abandoning module MeshConversion (368)
[2021.04.19-14.57.10:615][101]LogModuleManager: Shutting down and abandoning module DynamicMesh (366)
[2021.04.19-14.57.10:616][101]LogModuleManager: Shutting down and abandoning module GeometryAlgorithms (364)
[2021.04.19-14.57.10:616][101]LogModuleManager: Shutting down and abandoning module GeometricObjects (362)
[2021.04.19-14.57.10:617][101]LogModuleManager: Shutting down and abandoning module GeometryCollectionTracks (360)
[2021.04.19-14.57.10:617][101]LogModuleManager: Shutting down and abandoning module GeometryCollectionSequencer (359)
[2021.04.19-14.57.10:618][101]LogModuleManager: Shutting down and abandoning module GeometryCacheTracks (356)
[2021.04.19-14.57.10:621][101]LogModuleManager: Shutting down and abandoning module GeometryCacheSequencer (355)
[2021.04.19-14.57.10:622][101]LogModuleManager: Shutting down and abandoning module GeometryCache (352)
[2021.04.19-14.57.10:622][101]LogModuleManager: Shutting down and abandoning module GeometryCacheEd (351)
[2021.04.19-14.57.10:622][101]LogModuleManager: Shutting down and abandoning module ChaosNiagara (348)
[2021.04.19-14.57.10:623][101]LogModuleManager: Shutting down and abandoning module ChaosCloth (346)
[2021.04.19-14.57.10:623][101]LogModuleManager: Shutting down and abandoning module BackChannel (344)
[2021.04.19-14.57.10:624][101]LogModuleManager: Shutting down and abandoning module AutomationUtils (342)
[2021.04.19-14.57.10:624][101]LogModuleManager: Shutting down and abandoning module VisualStudioSourceCodeAccess (340)
[2021.04.19-14.57.10:625][101]LogModuleManager: Shutting down and abandoning module HotReload (339)
[2021.04.19-14.57.10:626][101]LogModuleManager: Shutting down and abandoning module VisualStudioCodeSourceCodeAccess (336)
[2021.04.19-14.57.10:626][101]LogModuleManager: Shutting down and abandoning module UObjectPlugin (334)
[2021.04.19-14.57.10:626][101]LogModuleManager: Shutting down and abandoning module SubversionSourceControl (332)
[2021.04.19-14.57.10:627][101]LogModuleManager: Shutting down and abandoning module RiderSourceCodeAccess (330)
[2021.04.19-14.57.10:627][101]LogModuleManager: Shutting down and abandoning module PerforceSourceControl (328)
[2021.04.19-14.57.10:628][101]LogModuleManager: Shutting down and abandoning module SourceControl (327)
[2021.04.19-14.57.10:628][101]LogModuleManager: Shutting down and abandoning module CLionSourceCodeAccess (324)
[2021.04.19-14.57.10:629][101]LogModuleManager: Shutting down and abandoning module ActorLayerUtilities (322)
[2021.04.19-14.57.10:629][101]LogModuleManager: Shutting down and abandoning module TDMDeathmatch (320)
[2021.04.19-14.57.10:630][101]LogModuleManager: Shutting down and abandoning module SoundFields (318)
[2021.04.19-14.57.10:630][101]LogModuleManager: Shutting down and abandoning module SignificanceManager (316)
[2021.04.19-14.57.10:631][101]LogModuleManager: Shutting down and abandoning module RuntimePhysXCooking (314)
[2021.04.19-14.57.10:631][101]LogModuleManager: Shutting down and abandoning module PhysXVehiclesEditor (312)
[2021.04.19-14.57.10:632][101]LogModuleManager: Shutting down and abandoning module LocationServicesBPLibrary (308)
[2021.04.19-14.57.10:632][101]LogModuleManager: Shutting down and abandoning module ActorSequence (306)
[2021.04.19-14.57.10:633][101]LogModuleManager: Shutting down and abandoning module UdpMessaging (304)
[2021.04.19-14.57.10:635][101]LogModuleManager: Shutting down and abandoning module TcpMessaging (302)
[2021.04.19-14.57.10:636][101]LogModuleManager: Shutting down and abandoning module MagicLeapARPin (300)
[2021.04.19-14.57.10:637][101]LogModuleManager: Shutting down and abandoning module MagicLeapHandMeshing (298)
[2021.04.19-14.57.10:637][101]LogModuleManager: Shutting down and abandoning module MagicLeapSecureStorage (296)
[2021.04.19-14.57.10:638][101]LogModuleManager: Shutting down and abandoning module MagicLeapPrivileges (294)
[2021.04.19-14.57.10:640][101]LogModuleManager: Shutting down and abandoning module MagicLeapPlanes (292)
[2021.04.19-14.57.10:640][101]LogMagicLeapPlanes: Planes tracker already destroyed.
[2021.04.19-14.57.10:640][101]LogModuleManager: Shutting down and abandoning module MagicLeapImageTracker (290)
[2021.04.19-14.57.10:641][101]LogModuleManager: Shutting down and abandoning module MagicLeapIdentity (288)
[2021.04.19-14.57.10:641][101]LogModuleManager: Shutting down and abandoning module MagicLeapHandTracking (286)
[2021.04.19-14.57.10:642][101]LogModuleManager: Shutting down and abandoning module MagicLeapEyeTracker (284)
[2021.04.19-14.57.10:642][101]LogModuleManager: Shutting down and abandoning module MagicLeapController (282)
[2021.04.19-14.57.10:643][101]LogSlate: Slate User Destroyed.  User Index 0, Is Virtual User: 0
[2021.04.19-14.57.10:643][101]LogModuleManager: Shutting down and abandoning module MagicLeapARPinImpl (280)
[2021.04.19-14.57.10:644][101]LogModuleManager: Shutting down and abandoning module MagicLeapAR (278)
[2021.04.19-14.57.10:644][101]LogModuleManager: Shutting down and abandoning module AugmentedReality (277)
[2021.04.19-14.57.10:645][101]LogModuleManager: Shutting down and abandoning module NiagaraAnimNotifies (274)
[2021.04.19-14.57.10:645][101]LogModuleManager: Shutting down and abandoning module Niagara (272)
[2021.04.19-14.57.10:646][101]LogModuleManager: Shutting down and abandoning module SignalProcessing (271)
[2021.04.19-14.57.10:646][101]LogModuleManager: Shutting down and abandoning module NiagaraEditor (269)
[2021.04.19-14.57.10:648][101]LogModuleManager: Shutting down and abandoning module NiagaraCore (266)
[2021.04.19-14.57.10:648][101]LogModuleManager: Shutting down and abandoning module GameplayTagsEditor (264)
[2021.04.19-14.57.10:649][101]LogModuleManager: Shutting down and abandoning module FacialAnimation (262)
[2021.04.19-14.57.10:651][101]LogModuleManager: Shutting down and abandoning module AssetManagerEditor (260)
[2021.04.19-14.57.10:651][101]LogModuleManager: Shutting down and abandoning module TreeMap (259)
[2021.04.19-14.57.10:652][101]LogModuleManager: Shutting down and abandoning module AnimationSharing (256)
[2021.04.19-14.57.10:652][101]LogModuleManager: Shutting down and abandoning module LightPropagationVolumeRuntime (254)
[2021.04.19-14.57.10:653][101]LogModuleManager: Shutting down and abandoning module Paper2D (252)
[2021.04.19-14.57.10:653][101]LogModuleManager: Shutting down and abandoning module WindowsMoviePlayer (250)
[2021.04.19-14.57.10:654][101]LogModuleManager: Shutting down and abandoning module WebMMoviePlayer (248)
[2021.04.19-14.57.10:654][101]LogModuleManager: Shutting down and abandoning module NetworkReplayStreaming (246)
[2021.04.19-14.57.10:655][101]LogModuleManager: Shutting down and abandoning module PacketHandler (244)
[2021.04.19-14.57.10:655][101]LogModuleManager: Shutting down and abandoning module ClothingSystemEditor (242)
[2021.04.19-14.57.10:656][101]LogModuleManager: Shutting down and abandoning module ClothingSystemRuntimeNv (240)
[2021.04.19-14.57.10:656][101]LogModuleManager: Shutting down and abandoning module MediaAssets (238)
[2021.04.19-14.57.10:657][101]LogModuleManager: Shutting down and abandoning module Overlay (236)
[2021.04.19-14.57.10:657][101]LogModuleManager: Shutting down and abandoning module OverlayEditor (235)
[2021.04.19-14.57.10:658][101]LogModuleManager: Shutting down and abandoning module VREditor (232)
[2021.04.19-14.57.10:658][101]LogModuleManager: Shutting down and abandoning module StringTableEditor (230)
[2021.04.19-14.57.10:659][101]LogModuleManager: Shutting down and abandoning module GameplayTasksEditor (228)
[2021.04.19-14.57.10:659][101]LogModuleManager: Shutting down and abandoning module BehaviorTreeEditor (226)
[2021.04.19-14.57.10:660][101]LogModuleManager: Shutting down and abandoning module FunctionalTesting (224)
[2021.04.19-14.57.10:660][101]LogModuleManager: Shutting down and abandoning module CollisionAnalyzer (222)
[2021.04.19-14.57.10:661][101]LogModuleManager: Shutting down and abandoning module UMG (220)
[2021.04.19-14.57.10:661][101]LogModuleManager: Shutting down and abandoning module UMGEditor (219)
[2021.04.19-14.57.10:662][101]LogModuleManager: Shutting down and abandoning module Sequencer (218)
[2021.04.19-14.57.10:662][101]LogModuleManager: Shutting down and abandoning module MessageLog (215)
[2021.04.19-14.57.10:662][101]LogModuleManager: Shutting down and abandoning module MaterialEditor (213)
[2021.04.19-14.57.10:663][101]LogModuleManager: Shutting down and abandoning module ContentBrowser (212)
[2021.04.19-14.57.10:663][101]LogModuleManager: Shutting down and abandoning module WorkspaceMenuStructure (211)
[2021.04.19-14.57.10:664][101]LogModuleManager: Shutting down and abandoning module CollectionManager (209)
[2021.04.19-14.57.10:668][101]LogModuleManager: Shutting down and abandoning module DirectoryWatcher (208)
[2021.04.19-14.57.10:669][101]LogModuleManager: Shutting down and abandoning module SlateReflector (200)
[2021.04.19-14.57.10:671][101]LogModuleManager: Shutting down and abandoning module Slate (198)
[2021.04.19-14.57.10:671][101]LogModuleManager: Shutting down and abandoning module SlateCore (196)
[2021.04.19-14.57.10:672][101]LogModuleManager: Shutting down and abandoning module LandscapeEditorUtilities (194)
[2021.04.19-14.57.10:673][101]LogModuleManager: Shutting down and abandoning module EditorStyle (192)
[2021.04.19-14.57.10:675][101]LogModuleManager: Shutting down and abandoning module UnrealEd (190)
[2021.04.19-14.57.10:675][101]LogModuleManager: Shutting down and abandoning module MRMesh (188)
[2021.04.19-14.57.10:675][101]LogModuleManager: Shutting down and abandoning module Messaging (186)
[2021.04.19-14.57.10:676][101]LogModuleManager: Shutting down and abandoning module SourceCodeAccess (184)
[2021.04.19-14.57.10:677][101]LogModuleManager: Shutting down and abandoning module HeadMountedDisplay (182)
[2021.04.19-14.57.10:677][101]LogModuleManager: Shutting down and abandoning module XAudio2 (180)
[2021.04.19-14.57.10:677][101]LogModuleManager: Shutting down and abandoning module Networking (178)
[2021.04.19-14.57.10:678][101]LogModuleManager: Shutting down and abandoning module Core (176)
[2021.04.19-14.57.10:679][101]LogModuleManager: Shutting down and abandoning module MovieSceneTools (174)
[2021.04.19-14.57.10:681][101]LogModuleManager: Shutting down and abandoning module KismetCompiler (172)
[2021.04.19-14.57.10:682][101]LogModuleManager: Shutting down and abandoning module MeshBuilder (170)
[2021.04.19-14.57.10:682][101]LogModuleManager: Shutting down and abandoning module MeshUtilities (168)
[2021.04.19-14.57.10:684][101]LogModuleManager: Shutting down and abandoning module MeshMergeUtilities (167)
[2021.04.19-14.57.10:685][101]LogModuleManager: Shutting down and abandoning module MeshReductionInterface (166)
[2021.04.19-14.57.10:686][101]LogModuleManager: Shutting down and abandoning module MeshBoneReduction (165)
[2021.04.19-14.57.10:686][101]LogModuleManager: Shutting down and abandoning module SkeletalMeshReduction (163)
[2021.04.19-14.57.10:687][101]LogModuleManager: Shutting down and abandoning module ProxyLODMeshReduction (161)
[2021.04.19-14.57.10:687][101]LogModuleManager: Shutting down and abandoning module QuadricMeshReduction (159)
[2021.04.19-14.57.10:688][101]LogModuleManager: Shutting down and abandoning module MaterialBaking (155)
[2021.04.19-14.57.10:689][101]LogModuleManager: Shutting down and abandoning module NullInstallBundleManager (150)
[2021.04.19-14.57.10:689][101]LogModuleManager: Shutting down and abandoning module PIEPreviewDeviceProfileSelector (148)
[2021.04.19-14.57.10:690][101]LogModuleManager: Shutting down and abandoning module DerivedDataCache (146)
[2021.04.19-14.57.10:690][101]LogModuleManager: Shutting down and abandoning module XGEController (144)
[2021.04.19-14.57.10:691][101]LogModuleManager: Shutting down and abandoning module TargetPlatform (142)
[2021.04.19-14.57.10:691][101]LogModuleManager: Shutting down and abandoning module VulkanShaderFormat (141)
[2021.04.19-14.57.10:692][101]LogModuleManager: Shutting down and abandoning module ShaderFormatVectorVM (139)
[2021.04.19-14.57.10:692][101]LogModuleManager: Shutting down and abandoning module ShaderFormatOpenGL (137)
[2021.04.19-14.57.10:693][101]LogModuleManager: Shutting down and abandoning module ShaderFormatD3D (135)
[2021.04.19-14.57.10:693][101]LogModuleManager: Shutting down and abandoning module MetalShaderFormat (133)
[2021.04.19-14.57.10:694][101]LogModuleManager: Shutting down and abandoning module TextureFormatUncompressed (131)
[2021.04.19-14.57.10:694][101]LogModuleManager: Shutting down and abandoning module TextureFormatPVR (129)
[2021.04.19-14.57.10:695][101]LogModuleManager: Shutting down and abandoning module TextureFormatDXT (127)
[2021.04.19-14.57.10:698][101]LogModuleManager: Shutting down and abandoning module TextureFormatIntelISPCTexComp (125)
[2021.04.19-14.57.10:700][101]LogModuleManager: Shutting down and abandoning module TextureFormatASTC (123)
[2021.04.19-14.57.10:700][101]LogModuleManager: Shutting down and abandoning module ImageWrapper (122)
[2021.04.19-14.57.10:700][101]LogModuleManager: Shutting down and abandoning module TextureFormatAndroid (119)
[2021.04.19-14.57.10:701][101]LogModuleManager: Shutting down and abandoning module AudioFormatOpus (117)
[2021.04.19-14.57.10:701][101]LogModuleManager: Shutting down and abandoning module AudioFormatOgg (115)
[2021.04.19-14.57.10:702][101]LogModuleManager: Shutting down and abandoning module AudioFormatADPCM (113)
[2021.04.19-14.57.10:702][101]LogModuleManager: Shutting down and abandoning module WindowsServerTargetPlatform (111)
[2021.04.19-14.57.10:703][101]LogModuleManager: Shutting down and abandoning module WindowsClientTargetPlatform (109)
[2021.04.19-14.57.10:703][101]LogModuleManager: Shutting down and abandoning module WindowsTargetPlatform (107)
[2021.04.19-14.57.10:704][101]LogModuleManager: Shutting down and abandoning module WindowsNoEditorTargetPlatform (105)
[2021.04.19-14.57.10:705][101]LogModuleManager: Shutting down and abandoning module InputCore (102)
[2021.04.19-14.57.10:705][101]LogModuleManager: Shutting down and abandoning module Settings (100)
[2021.04.19-14.57.10:706][101]LogModuleManager: Shutting down and abandoning module PhysXCooking (98)
[2021.04.19-14.57.10:706][101]LogModuleManager: Shutting down and abandoning module ChaosSolvers (96)
[2021.04.19-14.57.10:706][101]LogModuleManager: Shutting down and abandoning module FieldSystemEngine (95)
[2021.04.19-14.57.10:707][101]LogModuleManager: Shutting down and abandoning module Chaos (92)
[2021.04.19-14.57.10:707][101]LogModuleManager: Shutting down and abandoning module WindowsPlatformFeatures (90)
[2021.04.19-14.57.10:708][101]LogModuleManager: Shutting down and abandoning module GameplayMediaEncoder (89)
[2021.04.19-14.57.10:708][101]LogModuleManager: Shutting down and abandoning module AVEncoder (88)
[2021.04.19-14.57.10:709][101]LogModuleManager: Shutting down and abandoning module ExampleDeviceProfileSelector (84)
[2021.04.19-14.57.10:709][101]LogModuleManager: Shutting down and abandoning module LauncherChunkInstaller (82)
[2021.04.19-14.57.10:710][101]LogModuleManager: Shutting down and abandoning module OnlineBlueprintSupport (80)
[2021.04.19-14.57.10:710][101]LogModuleManager: Shutting down and abandoning module OnlineSubsystem (76)
[2021.04.19-14.57.10:712][101]LogModuleManager: Shutting down and abandoning module XMPP (71)
[2021.04.19-14.57.10:714][101]LogModuleManager: Shutting down and abandoning module WebSockets (70)
[2021.04.19-14.57.10:735][101]LogModuleManager: Shutting down and abandoning module HTTP (67)
[2021.04.19-14.57.10:756][101]LogModuleManager: Shutting down and abandoning module SSL (66)
[2021.04.19-14.57.10:758][101]LogModuleManager: Shutting down and abandoning module WmfMedia (62)
[2021.04.19-14.57.10:760][101]LogModuleManager: Shutting down and abandoning module Media (61)
[2021.04.19-14.57.10:761][101]LogModuleManager: Shutting down and abandoning module MagicLeap (58)
[2021.04.19-14.57.10:762][101]LogModuleManager: Shutting down and abandoning module NiagaraVertexFactories (56)
[2021.04.19-14.57.10:764][101]LogModuleManager: Shutting down and abandoning module NiagaraShader (54)
[2021.04.19-14.57.10:764][101]LogModuleManager: Shutting down and abandoning module VariantManagerContent (52)
[2021.04.19-14.57.10:764][101]LogModuleManager: Shutting down and abandoning module DatasmithContent (50)
[2021.04.19-14.57.10:766][101]LogModuleManager: Shutting down and abandoning module AISupportModule (48)
[2021.04.19-14.57.10:766][101]LogModuleManager: Shutting down and abandoning module DesktopPlatform (46)
[2021.04.19-14.57.10:766][101]LogModuleManager: Shutting down and abandoning module PlatformCryptoOpenSSL (44)
[2021.04.19-14.57.10:766][101]LogModuleManager: Shutting down and abandoning module PlatformCryptoTypes (42)
[2021.04.19-14.57.10:767][101]LogModuleManager: Shutting down and abandoning module PlatformCrypto (40)
[2021.04.19-14.57.10:768][101]LogModuleManager: Shutting down and abandoning module AnimationModifiers (38)
[2021.04.19-14.57.10:768][101]LogModuleManager: Shutting down and abandoning module PropertyEditor (37)
[2021.04.19-14.57.10:770][101]LogModuleManager: Shutting down and abandoning module AudioEditor (34)
[2021.04.19-14.57.10:770][101]LogModuleManager: Shutting down and abandoning module TextureCompressor (32)
[2021.04.19-14.57.10:770][101]LogModuleManager: Shutting down and abandoning module RenderCore (30)
[2021.04.19-14.57.10:770][101]LogModuleManager: Shutting down and abandoning module Landscape (28)
[2021.04.19-14.57.10:770][101]LogModuleManager: Shutting down and abandoning module SlateRHIRenderer (26)
[2021.04.19-14.57.10:771][101]LogModuleManager: Shutting down and abandoning module OpenGLDrv (24)
[2021.04.19-14.57.10:771][101]LogModuleManager: Shutting down and abandoning module D3D11RHI (22)
[2021.04.19-14.57.10:772][101]LogModuleManager: Shutting down and abandoning module AnimGraphRuntime (20)
[2021.04.19-14.57.10:773][101]LogModuleManager: Shutting down and abandoning module Renderer (18)
[2021.04.19-14.57.10:776][101]LogModuleManager: Shutting down and abandoning module Engine (16)
[2021.04.19-14.57.10:777][101]LogModuleManager: Shutting down and abandoning module CoreUObject (14)
[2021.04.19-14.57.10:778][101]LogModuleManager: Shutting down and abandoning module NetworkFile (12)
[2021.04.19-14.57.10:778][101]LogModuleManager: Shutting down and abandoning module CookedIterativeFile (10)
[2021.04.19-14.57.10:779][101]LogModuleManager: Shutting down and abandoning module StreamingFile (8)
[2021.04.19-14.57.10:779][101]LogModuleManager: Shutting down and abandoning module SandboxFile (6)
[2021.04.19-14.57.10:780][101]LogModuleManager: Shutting down and abandoning module PakFile (4)
[2021.04.19-14.57.10:780][101]LogModuleManager: Shutting down and abandoning module RSA (3)
[2021.04.19-14.57.10:895][101]LogContentStreaming: Display: There are 1 unreleased StreamingManagers
[2021.04.19-14.57.10:896][101]LogD3D11RHI: Shutdown
[2021.04.19-14.57.10:898][101]LogD3D11RHI: CleanupD3DDevice
[2021.04.19-14.57.10:909][101]LogExit: Exiting.
[2021.04.19-14.57.10:914][101]Log file closed, 04/19/21 15:57:10
