  Using 'git status' to determine working set for adaptive non-unity build (D:\DW\Documents\GitHub\TDMDeathmatch).
  Parsing headers for TDMDeathmatchEditor
    Running UnrealHeaderTool "D:\DW\Documents\GitHub\TDMDeathmatch\TDMDeathmatch\TDMDeathmatch.uproject" "D:\DW\Documents\GitHub\TDMDeathmatch\TDMDeathmatch\Intermediate\Build\Win64\TDMDeathmatchEditor\Development\TDMDeathmatchEditor.uhtmanifest" -LogCmds="loginit warning, logexit warning, logdatabase error" -Unattended -WarningsAsErrors -abslog="C:\Users\DW\AppData\Local\UnrealBuildTool\Log_UHT.txt" -installed
  Reflection code generated for TDMDeathmatchEditor in 8.1474053 seconds
  Deleted hot-reload file: D:\DW\Documents\GitHub\TDMDeathmatch\TDMDeathmatch\Binaries\Win64\UE4Editor-TDMDeathmatch-0001.dll
  Deleted hot-reload file: D:\DW\Documents\GitHub\TDMDeathmatch\TDMDeathmatch\Binaries\Win64\UE4Editor-TDMDeathmatch-0002.dll
  Deleted hot-reload file: D:\DW\Documents\GitHub\TDMDeathmatch\TDMDeathmatch\Binaries\Win64\UE4Editor-TDMDeathmatch-0003.dll
  Deleted hot-reload file: D:\DW\Documents\GitHub\TDMDeathmatch\TDMDeathmatch\Intermediate\Build\Win64\UE4Editor\Development\TDMDeathmatch\UE4Editor-TDMDeathmatch-0001.lib
  Deleted hot-reload file: D:\DW\Documents\GitHub\TDMDeathmatch\TDMDeathmatch\Intermediate\Build\Win64\UE4Editor\Development\TDMDeathmatch\UE4Editor-TDMDeathmatch-0002.lib
  Deleted hot-reload file: D:\DW\Documents\GitHub\TDMDeathmatch\TDMDeathmatch\Intermediate\Build\Win64\UE4Editor\Development\TDMDeathmatch\UE4Editor-TDMDeathmatch-0003.lib
  Building TDMDeathmatchEditor...
  Using Visual Studio 2019 14.28.29914 toolchain (C:\Program Files (x86)\Microsoft Visual Studio\2019\Community\VC\Tools\MSVC\14.28.29910) and Windows 10.0.18362.0 SDK (C:\Program Files (x86)\Windows Kits\10).
  Distributing 9 actions to XGE
  --------------------Build System Warning---------------------------------------
  Failed to connect to Coordinator:
      All builds will run in standalone mode.
  
  -------------------------------------------------------------------------------
  --------------------Project: Default-------------------------------------------
  TDMDeathmatch.init.gen.cpp (0:16.96 at +0:00)
  TDMProjectileBase.gen.cpp (0:02.45 at +0:17)
  TDMWeaponBase.gen.cpp (0:03.12 at +0:19)
  TDMProjectileBase.cpp (0:05.04 at +0:22)
  TDMWeaponBase.cpp (0:03.75 at +0:27)
  TDMCharacterBase.cpp (0:05.23 at +0:31)
  UE4Editor-TDMDeathmatch.dll (0:01.17 at +0:36)
     Creating library D:\DW\Documents\GitHub\TDMDeathmatch\TDMDeathmatch\Intermediate\Build\Win64\UE4Editor\Development\TDMDeathmatch\UE4Editor-TDMDeathmatch.suppressed.lib and object D:\DW\Documents\GitHub\TDMDeathmatch\TDMDeathmatch\Intermediate\Build\Win64\UE4Editor\Development\TDMDeathmatch\UE4Editor-TDMDeathmatch.suppressed.exp
  UE4Editor-TDMDeathmatch.lib (0:00.18 at +0:37)
     Creating library D:\DW\Documents\GitHub\TDMDeathmatch\TDMDeathmatch\Intermediate\Build\Win64\UE4Editor\Development\TDMDeathmatch\UE4Editor-TDMDeathmatch.lib and object D:\DW\Documents\GitHub\TDMDeathmatch\TDMDeathmatch\Intermediate\Build\Win64\UE4Editor\Development\TDMDeathmatch\UE4Editor-TDMDeathmatch.exp
  TDMDeathmatchEditor.target (0:00.26 at +0:37)
  ---------------------- Done ----------------------
  
      Rebuild All: 1 succeeded, 0 failed, 0 skipped
  
  1 build system warning(s):
     - Failed to connect to Coordinator
  
  Total time in XGE executor: 39.76 seconds
  Total execution time: 49.02 seconds
